{
"/Users/frankbatista/sites/spyne/src/tests/index.test.js":{"path":"/Users/frankbatista/sites/spyne/src/tests/index.test.js","s":{"1":1,"2":1,"3":0,"4":1,"5":0,"6":1,"7":0,"8":1,"9":1,"10":1,"11":1,"12":2,"13":0,"14":2,"15":2,"16":2,"17":2,"18":1,"19":1,"20":1,"21":3,"22":3,"23":1,"24":2,"25":1,"26":0,"27":0,"28":0,"29":0,"30":0,"31":1,"32":3,"33":1,"34":1,"35":1,"36":1,"37":1,"38":1,"39":0,"40":1,"41":0,"42":1,"43":1,"44":0,"45":1,"46":1,"47":0,"48":0,"49":0,"50":1,"51":0,"52":0,"53":1,"54":1,"55":1,"56":1,"57":1,"58":1,"59":1,"60":1,"61":1,"62":1},"b":{"1":[0,1],"2":[1,0],"3":[0,1],"4":[1,0],"5":[0,1],"6":[0,2],"7":[3,0],"8":[0,0],"9":[0,0],"10":[0,1],"11":[0,0],"12":[0,0]},"f":{"1":1,"2":1,"3":1,"4":2,"5":3,"6":2,"7":0,"8":0,"9":0,"10":3,"11":1,"12":1,"13":0,"14":0,"15":1,"16":0,"17":0,"18":1,"19":1,"20":1,"21":1,"22":1},"fnMap":{"1":{"name":"webpackUniversalModuleDefinition","line":1,"loc":{"start":{"line":1,"column":1},"end":{"line":1,"column":58}}},"2":{"name":"(anonymous_2)","line":10,"loc":{"start":{"line":10,"column":11},"end":{"line":10,"column":22}}},"3":{"name":"(anonymous_3)","line":11,"loc":{"start":{"line":11,"column":17},"end":{"line":11,"column":35}}},"4":{"name":"__webpack_require__","line":16,"loc":{"start":{"line":16,"column":10},"end":{"line":16,"column":49}}},"5":{"name":"(anonymous_5)","line":47,"loc":{"start":{"line":47,"column":34},"end":{"line":47,"column":66}}},"6":{"name":"(anonymous_6)","line":58,"loc":{"start":{"line":58,"column":34},"end":{"line":58,"column":52}}},"7":{"name":"(anonymous_7)","line":63,"loc":{"start":{"line":63,"column":34},"end":{"line":63,"column":51}}},"8":{"name":"getDefault","line":65,"loc":{"start":{"line":65,"column":12},"end":{"line":65,"column":34}}},"9":{"name":"getModuleExports","line":66,"loc":{"start":{"line":66,"column":12},"end":{"line":66,"column":40}}},"10":{"name":"(anonymous_10)","line":72,"loc":{"start":{"line":72,"column":34},"end":{"line":72,"column":61}}},"11":{"name":"(anonymous_11)","line":89,"loc":{"start":{"line":89,"column":7},"end":{"line":89,"column":66}}},"12":{"name":"(anonymous_12)","line":93,"loc":{"start":{"line":93,"column":91},"end":{"line":93,"column":102}}},"13":{"name":"(anonymous_13)","line":94,"loc":{"start":{"line":94,"column":85},"end":{"line":94,"column":96}}},"14":{"name":"(anonymous_14)","line":95,"loc":{"start":{"line":95,"column":91},"end":{"line":95,"column":102}}},"15":{"name":"createElement","line":96,"loc":{"start":{"line":96,"column":0},"end":{"line":96,"column":32}}},"16":{"name":"setData","line":103,"loc":{"start":{"line":103,"column":0},"end":{"line":103,"column":23}}},"17":{"name":"addAttributes","line":110,"loc":{"start":{"line":110,"column":0},"end":{"line":110,"column":34}}},"18":{"name":"(anonymous_18)","line":123,"loc":{"start":{"line":123,"column":7},"end":{"line":123,"column":66}}},"19":{"name":"(anonymous_19)","line":154,"loc":{"start":{"line":154,"column":26},"end":{"line":154,"column":38}}},"20":{"name":"(anonymous_20)","line":155,"loc":{"start":{"line":155,"column":33},"end":{"line":155,"column":45}}},"21":{"name":"(anonymous_21)","line":167,"loc":{"start":{"line":167,"column":31},"end":{"line":167,"column":43}}},"22":{"name":"(anonymous_22)","line":168,"loc":{"start":{"line":168,"column":14},"end":{"line":168,"column":26}}}},"statementMap":{"1":{"start":{"line":1,"column":0},"end":{"line":177,"column":3}},"2":{"start":{"line":2,"column":1},"end":{"line":9,"column":28}},"3":{"start":{"line":3,"column":2},"end":{"line":3,"column":29}},"4":{"start":{"line":4,"column":6},"end":{"line":9,"column":28}},"5":{"start":{"line":5,"column":2},"end":{"line":5,"column":31}},"6":{"start":{"line":6,"column":6},"end":{"line":9,"column":28}},"7":{"start":{"line":7,"column":2},"end":{"line":7,"column":31}},"8":{"start":{"line":9,"column":2},"end":{"line":9,"column":28}},"9":{"start":{"line":11,"column":0},"end":{"line":176,"column":12}},"10":{"start":{"line":13,"column":10},"end":{"line":13,"column":36}},"11":{"start":{"line":16,"column":10},"end":{"line":37,"column":11}},"12":{"start":{"line":19,"column":11},"end":{"line":21,"column":12}},"13":{"start":{"line":20,"column":12},"end":{"line":20,"column":54}},"14":{"start":{"line":23,"column":11},"end":{"line":27,"column":13}},"15":{"start":{"line":30,"column":11},"end":{"line":30,"column":95}},"16":{"start":{"line":33,"column":11},"end":{"line":33,"column":27}},"17":{"start":{"line":36,"column":11},"end":{"line":36,"column":33}},"18":{"start":{"line":41,"column":10},"end":{"line":41,"column":42}},"19":{"start":{"line":44,"column":10},"end":{"line":44,"column":51}},"20":{"start":{"line":47,"column":10},"end":{"line":55,"column":12}},"21":{"start":{"line":48,"column":11},"end":{"line":54,"column":12}},"22":{"start":{"line":49,"column":12},"end":{"line":53,"column":15}},"23":{"start":{"line":58,"column":10},"end":{"line":60,"column":12}},"24":{"start":{"line":59,"column":11},"end":{"line":59,"column":73}},"25":{"start":{"line":63,"column":10},"end":{"line":69,"column":12}},"26":{"start":{"line":64,"column":11},"end":{"line":66,"column":59}},"27":{"start":{"line":65,"column":36},"end":{"line":65,"column":61}},"28":{"start":{"line":66,"column":42},"end":{"line":66,"column":56}},"29":{"start":{"line":67,"column":11},"end":{"line":67,"column":54}},"30":{"start":{"line":68,"column":11},"end":{"line":68,"column":25}},"31":{"start":{"line":72,"column":10},"end":{"line":72,"column":128}},"32":{"start":{"line":72,"column":63},"end":{"line":72,"column":125}},"33":{"start":{"line":75,"column":10},"end":{"line":75,"column":102}},"34":{"start":{"line":79,"column":10},"end":{"line":79,"column":90}},"35":{"start":{"line":92,"column":0},"end":{"line":92,"column":43}},"36":{"start":{"line":93,"column":31},"end":{"line":93,"column":129}},"37":{"start":{"line":93,"column":104},"end":{"line":93,"column":125}},"38":{"start":{"line":94,"column":31},"end":{"line":94,"column":117}},"39":{"start":{"line":94,"column":98},"end":{"line":94,"column":113}},"40":{"start":{"line":95,"column":31},"end":{"line":95,"column":129}},"41":{"start":{"line":95,"column":104},"end":{"line":95,"column":125}},"42":{"start":{"line":96,"column":0},"end":{"line":102,"column":1}},"43":{"start":{"line":97,"column":2},"end":{"line":99,"column":3}},"44":{"start":{"line":98,"column":4},"end":{"line":98,"column":20}},"45":{"start":{"line":101,"column":2},"end":{"line":101,"column":41}},"46":{"start":{"line":103,"column":0},"end":{"line":109,"column":1}},"47":{"start":{"line":104,"column":2},"end":{"line":106,"column":3}},"48":{"start":{"line":105,"column":4},"end":{"line":105,"column":14}},"49":{"start":{"line":108,"column":2},"end":{"line":108,"column":14}},"50":{"start":{"line":110,"column":0},"end":{"line":114,"column":1}},"51":{"start":{"line":111,"column":2},"end":{"line":113,"column":3}},"52":{"start":{"line":112,"column":4},"end":{"line":112,"column":15}},"53":{"start":{"line":126,"column":0},"end":{"line":126,"column":43}},"54":{"start":{"line":127,"column":21},"end":{"line":127,"column":198}},"55":{"start":{"line":130,"column":0},"end":{"line":130,"column":28}},"56":{"start":{"line":154,"column":0},"end":{"line":159,"column":3}},"57":{"start":{"line":155,"column":2},"end":{"line":158,"column":5}},"58":{"start":{"line":156,"column":4},"end":{"line":156,"column":108}},"59":{"start":{"line":157,"column":4},"end":{"line":157,"column":32}},"60":{"start":{"line":167,"column":0},"end":{"line":172,"column":3}},"61":{"start":{"line":168,"column":2},"end":{"line":171,"column":5}},"62":{"start":{"line":170,"column":4},"end":{"line":170,"column":28}}},"branchMap":{"1":{"line":2,"type":"if","locations":[{"start":{"line":2,"column":1},"end":{"line":2,"column":1}},{"start":{"line":2,"column":1},"end":{"line":2,"column":1}}]},"2":{"line":2,"type":"binary-expr","locations":[{"start":{"line":2,"column":4},"end":{"line":2,"column":31}},{"start":{"line":2,"column":35},"end":{"line":2,"column":61}}]},"3":{"line":4,"type":"if","locations":[{"start":{"line":4,"column":6},"end":{"line":4,"column":6}},{"start":{"line":4,"column":6},"end":{"line":4,"column":6}}]},"4":{"line":4,"type":"binary-expr","locations":[{"start":{"line":4,"column":9},"end":{"line":4,"column":37}},{"start":{"line":4,"column":41},"end":{"line":4,"column":51}}]},"5":{"line":6,"type":"if","locations":[{"start":{"line":6,"column":6},"end":{"line":6,"column":6}},{"start":{"line":6,"column":6},"end":{"line":6,"column":6}}]},"6":{"line":19,"type":"if","locations":[{"start":{"line":19,"column":11},"end":{"line":19,"column":11}},{"start":{"line":19,"column":11},"end":{"line":19,"column":11}}]},"7":{"line":48,"type":"if","locations":[{"start":{"line":48,"column":11},"end":{"line":48,"column":11}},{"start":{"line":48,"column":11},"end":{"line":48,"column":11}}]},"8":{"line":64,"type":"cond-expr","locations":[{"start":{"line":65,"column":12},"end":{"line":65,"column":63}},{"start":{"line":66,"column":12},"end":{"line":66,"column":58}}]},"9":{"line":64,"type":"binary-expr","locations":[{"start":{"line":64,"column":24},"end":{"line":64,"column":30}},{"start":{"line":64,"column":34},"end":{"line":64,"column":51}}]},"10":{"line":97,"type":"if","locations":[{"start":{"line":97,"column":2},"end":{"line":97,"column":2}},{"start":{"line":97,"column":2},"end":{"line":97,"column":2}}]},"11":{"line":104,"type":"if","locations":[{"start":{"line":104,"column":2},"end":{"line":104,"column":2}},{"start":{"line":104,"column":2},"end":{"line":104,"column":2}}]},"12":{"line":111,"type":"if","locations":[{"start":{"line":111,"column":2},"end":{"line":111,"column":2}},{"start":{"line":111,"column":2},"end":{"line":111,"column":2}}]}},"l":{"1":1,"2":1,"3":0,"4":1,"5":0,"6":1,"7":0,"9":1,"11":1,"13":1,"16":1,"19":2,"20":0,"23":2,"30":2,"33":2,"36":2,"41":1,"44":1,"47":1,"48":3,"49":3,"58":1,"59":2,"63":1,"64":0,"65":0,"66":0,"67":0,"68":0,"72":3,"75":1,"79":1,"92":1,"93":1,"94":1,"95":1,"96":1,"97":1,"98":0,"101":1,"103":1,"104":0,"105":0,"108":0,"110":1,"111":0,"112":0,"126":1,"127":1,"130":1,"154":1,"155":1,"156":1,"157":1,"167":1,"168":1,"170":1}},
"/Users/frankbatista/sites/spyne/src/tests/channels/channel-dom.test.js":{"path":"/Users/frankbatista/sites/spyne/src/tests/channels/channel-dom.test.js","s":{"1":1,"2":1,"3":0,"4":1,"5":0,"6":1,"7":0,"8":1,"9":1,"10":1,"11":1,"12":20,"13":9,"14":11,"15":11,"16":11,"17":11,"18":1,"19":1,"20":1,"21":40,"22":40,"23":1,"24":9,"25":1,"26":0,"27":0,"28":0,"29":0,"30":0,"31":1,"32":40,"33":1,"34":1,"35":1,"36":1,"37":0,"38":1,"39":1,"40":1,"41":0,"42":0,"43":0,"44":0,"45":0,"46":0,"47":0,"48":1,"49":0,"50":0,"51":0,"52":0,"53":1,"54":0,"55":0,"56":1,"57":1,"58":0,"59":1,"60":1,"61":1,"62":0,"63":1,"64":1,"65":1,"66":1,"67":1,"68":1,"69":1,"70":1,"71":1,"72":1,"73":1,"74":1,"75":0,"76":0,"77":0,"78":0,"79":0,"80":0,"81":1,"82":1,"83":0,"84":0,"85":0,"86":0,"87":0,"88":0,"89":0,"90":0,"91":1,"92":0,"93":0,"94":0,"95":0,"96":0,"97":0,"98":0,"99":0,"100":1,"101":0,"102":0,"103":0,"104":0,"105":0,"106":0,"107":1,"108":0,"109":0,"110":0,"111":1,"112":0,"113":0,"114":0,"115":0,"116":0,"117":1,"118":0,"119":0,"120":0,"121":0,"122":1,"123":0,"124":0,"125":0,"126":0,"127":0,"128":0,"129":0,"130":1,"131":0,"132":0,"133":0,"134":0,"135":1,"136":0,"137":0,"138":1,"139":0,"140":0,"141":0,"142":0,"143":1,"144":0,"145":1,"146":0,"147":0,"148":1,"149":0,"150":0,"151":0,"152":0,"153":0,"154":0,"155":0,"156":1,"157":0,"158":0,"159":0,"160":0,"161":0,"162":0,"163":0,"164":0,"165":0,"166":0,"167":0,"168":0,"169":0,"170":0,"171":1,"172":0,"173":0,"174":0,"175":0,"176":0,"177":0,"178":1,"179":0,"180":0,"181":0,"182":1,"183":0,"184":1,"185":0,"186":0,"187":1,"188":1,"189":1,"190":1,"191":1,"192":1,"193":1,"194":1,"195":1,"196":1,"197":1,"198":1,"199":1,"200":0,"201":1,"202":1,"203":1,"204":1,"205":1,"206":0,"207":1,"208":1,"209":1,"210":1,"211":1,"212":0,"213":0,"214":0,"215":0,"216":0,"217":0,"218":0,"219":0,"220":0,"221":0,"222":0,"223":0,"224":0,"225":0,"226":1,"227":1,"228":1,"229":0,"230":1,"231":1,"232":0,"233":0,"234":0,"235":0,"236":0,"237":1,"238":0,"239":1,"240":0,"241":0,"242":0,"243":0,"244":0,"245":0,"246":0,"247":0,"248":1,"249":1,"250":0,"251":0,"252":0,"253":0,"254":1,"255":0,"256":0,"257":0,"258":0,"259":0,"260":0,"261":0,"262":0,"263":0,"264":1,"265":1,"266":0,"267":1,"268":1,"269":1,"270":0,"271":1,"272":0,"273":1,"274":0,"275":1,"276":0,"277":1,"278":0,"279":1,"280":0,"281":1,"282":0,"283":1,"284":0,"285":1,"286":1,"287":1,"288":1,"289":0,"290":0,"291":1,"292":1,"293":1,"294":1,"295":1,"296":0,"297":1,"298":0,"299":1,"300":1,"301":1,"302":0,"303":0,"304":0,"305":1,"306":1,"307":0,"308":0,"309":1,"310":0,"311":0,"312":0,"313":0,"314":1,"315":0,"316":0,"317":1,"318":0,"319":0,"320":0,"321":1,"322":0,"323":0,"324":0,"325":1,"326":0,"327":1,"328":0,"329":0,"330":1,"331":0,"332":0,"333":0,"334":0,"335":0,"336":0,"337":0,"338":1,"339":1,"340":0,"341":1,"342":1,"343":1,"344":1,"345":0,"346":1,"347":0,"348":0,"349":0,"350":0,"351":0,"352":0,"353":0,"354":0,"355":0,"356":0,"357":1,"358":0,"359":0,"360":0,"361":1,"362":0,"363":0,"364":0,"365":0,"366":0,"367":0,"368":0,"369":0,"370":1,"371":0,"372":0,"373":0,"374":0,"375":0,"376":0,"377":0,"378":0,"379":0,"380":0,"381":0,"382":1,"383":0,"384":0,"385":0,"386":0,"387":0,"388":0,"389":0,"390":1,"391":1,"392":1,"393":0,"394":1,"395":0,"396":0,"397":1,"398":0,"399":1,"400":0,"401":0,"402":1,"403":0,"404":0,"405":0,"406":0,"407":0,"408":0,"409":0,"410":0,"411":0,"412":1,"413":0,"414":0,"415":0,"416":0,"417":0,"418":0,"419":0,"420":0,"421":0,"422":1,"423":0,"424":0,"425":0,"426":0,"427":0,"428":0,"429":1,"430":0,"431":0,"432":0,"433":0,"434":1,"435":1,"436":0,"437":1,"438":0,"439":1,"440":0,"441":1,"442":0,"443":1,"444":0,"445":1,"446":0,"447":1,"448":0,"449":1,"450":0,"451":1,"452":0,"453":1,"454":0,"455":1,"456":0,"457":1,"458":0,"459":1,"460":0,"461":1,"462":0,"463":1,"464":0,"465":1,"466":0,"467":1,"468":0,"469":1,"470":0,"471":1,"472":0,"473":1,"474":0,"475":1,"476":0,"477":1,"478":0,"479":1,"480":0,"481":1,"482":0,"483":1,"484":1,"485":1,"486":0,"487":0,"488":0,"489":1,"490":0,"491":0,"492":0,"493":0,"494":0,"495":1,"496":0,"497":0,"498":0,"499":0,"500":0,"501":1,"502":0,"503":0,"504":0,"505":0,"506":0,"507":0,"508":0,"509":0,"510":0,"511":0,"512":0,"513":1,"514":0,"515":0,"516":0,"517":0,"518":0,"519":0,"520":1,"521":0,"522":0,"523":0,"524":0,"525":0,"526":0,"527":0,"528":0,"529":0,"530":1,"531":0,"532":0,"533":0,"534":0,"535":1,"536":0,"537":0,"538":0,"539":1,"540":0,"541":0,"542":0,"543":0,"544":1,"545":0,"546":0,"547":1,"548":0,"549":0,"550":0,"551":0,"552":1,"553":0,"554":0,"555":0,"556":0,"557":1,"558":0,"559":1,"560":0,"561":0,"562":0,"563":0,"564":1,"565":0,"566":0,"567":0,"568":0,"569":1,"570":0,"571":0,"572":0,"573":0,"574":0,"575":0,"576":0,"577":0,"578":0,"579":0,"580":0,"581":0,"582":0,"583":0,"584":0,"585":0,"586":0,"587":1,"588":0,"589":1,"590":1,"591":0,"592":1,"593":0,"594":1,"595":0,"596":1,"597":0,"598":1,"599":0,"600":1,"601":0,"602":1,"603":0,"604":1,"605":1,"606":1,"607":1,"608":1,"609":1,"610":1,"611":1,"612":1,"613":1,"614":1,"615":1,"616":1,"617":1,"618":1,"619":1,"620":1,"621":1,"622":1,"623":1,"624":0,"625":1,"626":0,"627":1,"628":1,"629":1,"630":1,"631":1},"b":{"1":[0,1],"2":[1,0],"3":[0,1],"4":[1,0],"5":[0,1],"6":[9,11],"7":[40,0],"8":[0,0],"9":[0,0],"10":[0,0],"11":[0,0],"12":[0,0],"13":[0,0],"14":[0,0],"15":[0,0],"16":[0,0],"17":[0,0],"18":[0,0],"19":[0,0],"20":[0,0],"21":[1,1],"22":[0,1],"23":[1,0],"24":[0,1],"25":[0,0],"26":[0,0],"27":[0,0],"28":[0,0],"29":[1,0],"30":[1,1],"31":[0,0],"32":[0,0],"33":[0,0],"34":[0,0],"35":[0,0],"36":[0,0],"37":[0,0],"38":[0,0],"39":[0,0],"40":[0,0,0],"41":[0,0],"42":[0,0],"43":[0,0],"44":[0,0],"45":[0,0],"46":[0,0],"47":[0,0],"48":[0,0],"49":[0,0],"50":[0,0],"51":[0,0],"52":[0,0],"53":[0,0],"54":[0,0],"55":[0,0],"56":[0,0],"57":[0,0],"58":[0,0],"59":[0,0],"60":[0,0],"61":[0,0],"62":[0,0],"63":[0,0],"64":[0,0],"65":[0,0],"66":[0,0],"67":[0,0],"68":[0,0]},"f":{"1":1,"2":1,"3":1,"4":20,"5":40,"6":9,"7":0,"8":0,"9":0,"10":40,"11":1,"12":0,"13":1,"14":0,"15":0,"16":0,"17":0,"18":0,"19":1,"20":0,"21":1,"22":1,"23":0,"24":0,"25":0,"26":0,"27":0,"28":0,"29":0,"30":0,"31":0,"32":0,"33":0,"34":0,"35":0,"36":0,"37":0,"38":0,"39":0,"40":0,"41":0,"42":0,"43":0,"44":0,"45":0,"46":0,"47":1,"48":1,"49":1,"50":1,"51":1,"52":0,"53":0,"54":0,"55":0,"56":0,"57":0,"58":0,"59":0,"60":0,"61":0,"62":0,"63":0,"64":0,"65":0,"66":0,"67":0,"68":0,"69":0,"70":0,"71":0,"72":1,"73":0,"74":0,"75":0,"76":0,"77":0,"78":0,"79":0,"80":0,"81":0,"82":0,"83":0,"84":0,"85":0,"86":0,"87":0,"88":0,"89":0,"90":0,"91":0,"92":0,"93":0,"94":0,"95":0,"96":0,"97":0,"98":0,"99":0,"100":0,"101":0,"102":0,"103":0,"104":0,"105":0,"106":1,"107":0,"108":1,"109":0,"110":0,"111":0,"112":0,"113":0,"114":0,"115":0,"116":0,"117":0,"118":0,"119":0,"120":0,"121":0,"122":0,"123":0,"124":0,"125":0,"126":0,"127":0,"128":1,"129":0,"130":0,"131":0,"132":0,"133":0,"134":0,"135":0,"136":0,"137":0,"138":0,"139":0,"140":0,"141":1,"142":0,"143":0,"144":0,"145":0,"146":0,"147":0,"148":0,"149":0,"150":0,"151":0,"152":0,"153":0,"154":0,"155":0,"156":0,"157":0,"158":0,"159":0,"160":0,"161":0,"162":0,"163":0,"164":0,"165":0,"166":0,"167":0,"168":0,"169":0,"170":0,"171":0,"172":0,"173":0,"174":0,"175":0,"176":0,"177":0,"178":0,"179":0,"180":0,"181":0,"182":0,"183":0,"184":0,"185":0,"186":0,"187":0,"188":0,"189":0,"190":0,"191":0,"192":0,"193":0,"194":0,"195":0,"196":0,"197":0,"198":0,"199":0,"200":0,"201":0,"202":0,"203":0,"204":0,"205":1,"206":1,"207":1,"208":1,"209":1,"210":1,"211":1,"212":1,"213":1,"214":1,"215":0,"216":0,"217":0,"218":0,"219":0,"220":0,"221":0,"222":0,"223":0,"224":0,"225":0,"226":0,"227":0,"228":0,"229":1,"230":1},"fnMap":{"1":{"name":"webpackUniversalModuleDefinition","line":1,"loc":{"start":{"line":1,"column":1},"end":{"line":1,"column":58}}},"2":{"name":"(anonymous_2)","line":10,"loc":{"start":{"line":10,"column":11},"end":{"line":10,"column":89}}},"3":{"name":"(anonymous_3)","line":11,"loc":{"start":{"line":11,"column":17},"end":{"line":11,"column":35}}},"4":{"name":"__webpack_require__","line":16,"loc":{"start":{"line":16,"column":10},"end":{"line":16,"column":49}}},"5":{"name":"(anonymous_5)","line":47,"loc":{"start":{"line":47,"column":34},"end":{"line":47,"column":66}}},"6":{"name":"(anonymous_6)","line":58,"loc":{"start":{"line":58,"column":34},"end":{"line":58,"column":52}}},"7":{"name":"(anonymous_7)","line":63,"loc":{"start":{"line":63,"column":34},"end":{"line":63,"column":51}}},"8":{"name":"getDefault","line":65,"loc":{"start":{"line":65,"column":12},"end":{"line":65,"column":34}}},"9":{"name":"getModuleExports","line":66,"loc":{"start":{"line":66,"column":12},"end":{"line":66,"column":40}}},"10":{"name":"(anonymous_10)","line":72,"loc":{"start":{"line":72,"column":34},"end":{"line":72,"column":61}}},"11":{"name":"(anonymous_11)","line":89,"loc":{"start":{"line":89,"column":7},"end":{"line":89,"column":66}}},"12":{"name":"(anonymous_12)","line":93,"loc":{"start":{"line":93,"column":95},"end":{"line":93,"column":106}}},"13":{"name":"(anonymous_13)","line":98,"loc":{"start":{"line":98,"column":0},"end":{"line":98,"column":12}}},"14":{"name":"ChannelStreamItem","line":99,"loc":{"start":{"line":99,"column":2},"end":{"line":99,"column":85}}},"15":{"name":"validateAction","line":118,"loc":{"start":{"line":118,"column":37},"end":{"line":118,"column":83}}},"16":{"name":"getLocationData","line":128,"loc":{"start":{"line":128,"column":38},"end":{"line":128,"column":65}}},"17":{"name":"getStreamItem","line":133,"loc":{"start":{"line":133,"column":36},"end":{"line":133,"column":61}}},"18":{"name":"getMouseEventKeys","line":135,"loc":{"start":{"line":135,"column":40},"end":{"line":135,"column":69}}},"19":{"name":"(anonymous_19)","line":149,"loc":{"start":{"line":149,"column":7},"end":{"line":149,"column":66}}},"20":{"name":"(anonymous_20)","line":153,"loc":{"start":{"line":153,"column":91},"end":{"line":153,"column":102}}},"21":{"name":"_inheritsLoose","line":157,"loc":{"start":{"line":157,"column":0},"end":{"line":157,"column":46}}},"22":{"name":"(anonymous_22)","line":169,"loc":{"start":{"line":169,"column":0},"end":{"line":169,"column":25}}},"23":{"name":"ChannelWindow","line":172,"loc":{"start":{"line":172,"column":2},"end":{"line":172,"column":27}}},"24":{"name":"initializeStream","line":186,"loc":{"start":{"line":186,"column":28},"end":{"line":186,"column":56}}},"25":{"name":"(anonymous_25)","line":196,"loc":{"start":{"line":196,"column":19},"end":{"line":196,"column":32}}},"26":{"name":"getScrollMapFn","line":206,"loc":{"start":{"line":206,"column":33},"end":{"line":206,"column":64}}},"27":{"name":"getMouseWheelMapFn","line":227,"loc":{"start":{"line":227,"column":37},"end":{"line":227,"column":72}}},"28":{"name":"createCurriedGenericEvent","line":248,"loc":{"start":{"line":248,"column":44},"end":{"line":248,"column":90}}},"29":{"name":"mapGenericEvent","line":254,"loc":{"start":{"line":254,"column":34},"end":{"line":254,"column":72}}},"30":{"name":"getResizeMapFn","line":267,"loc":{"start":{"line":267,"column":33},"end":{"line":267,"column":64}}},"31":{"name":"getOrientationMapFn","line":279,"loc":{"start":{"line":279,"column":38},"end":{"line":279,"column":74}}},"32":{"name":"getMediaQueryMapFn","line":294,"loc":{"start":{"line":294,"column":30},"end":{"line":294,"column":65}}},"33":{"name":"createMouseWheelObservable","line":306,"loc":{"start":{"line":306,"column":38},"end":{"line":306,"column":82}}},"34":{"name":"createScrollObservable","line":311,"loc":{"start":{"line":311,"column":34},"end":{"line":311,"column":74}}},"35":{"name":"skipWhenDirIsMissing","line":312,"loc":{"start":{"line":312,"column":31},"end":{"line":312,"column":66}}},"36":{"name":"createOrientationObservable","line":320,"loc":{"start":{"line":320,"column":39},"end":{"line":320,"column":84}}},"37":{"name":"createResizeObservable","line":325,"loc":{"start":{"line":325,"column":34},"end":{"line":325,"column":74}}},"38":{"name":"getEventsFromConfig","line":331,"loc":{"start":{"line":331,"column":31},"end":{"line":331,"column":68}}},"39":{"name":"addWindowEventToArr","line":338,"loc":{"start":{"line":338,"column":30},"end":{"line":338,"column":64}}},"40":{"name":"getActiveObservables","line":346,"loc":{"start":{"line":346,"column":32},"end":{"line":346,"column":70}}},"41":{"name":"addObservableToArr","line":366,"loc":{"start":{"line":366,"column":29},"end":{"line":366,"column":73}}},"42":{"name":"checkForMediaQueries","line":382,"loc":{"start":{"line":382,"column":32},"end":{"line":382,"column":68}}},"43":{"name":"sendMQStream","line":385,"loc":{"start":{"line":385,"column":23},"end":{"line":385,"column":48}}},"44":{"name":"getMediaQueryObservable","line":399,"loc":{"start":{"line":399,"column":35},"end":{"line":399,"column":76}}},"45":{"name":"addRegisteredActions","line":406,"loc":{"start":{"line":406,"column":32},"end":{"line":406,"column":64}}},"46":{"name":"bindStaticMethods","line":410,"loc":{"start":{"line":410,"column":29},"end":{"line":410,"column":58}}},"47":{"name":"(anonymous_47)","line":425,"loc":{"start":{"line":425,"column":7},"end":{"line":425,"column":66}}},"48":{"name":"(anonymous_48)","line":429,"loc":{"start":{"line":429,"column":90},"end":{"line":429,"column":101}}},"49":{"name":"_defineProperties","line":433,"loc":{"start":{"line":433,"column":0},"end":{"line":433,"column":42}}},"50":{"name":"_createClass","line":435,"loc":{"start":{"line":435,"column":0},"end":{"line":435,"column":60}}},"51":{"name":"(anonymous_51)","line":448,"loc":{"start":{"line":448,"column":0},"end":{"line":448,"column":12}}},"52":{"name":"ChannelsBase","line":449,"loc":{"start":{"line":449,"column":2},"end":{"line":449,"column":31}}},"53":{"name":"(anonymous_53)","line":469,"loc":{"start":{"line":469,"column":32},"end":{"line":469,"column":47}}},"54":{"name":"onStreamInitialized","line":477,"loc":{"start":{"line":477,"column":31},"end":{"line":477,"column":62}}},"55":{"name":"initializeStream","line":480,"loc":{"start":{"line":480,"column":28},"end":{"line":480,"column":56}}},"56":{"name":"setTrace","line":484,"loc":{"start":{"line":484,"column":20},"end":{"line":484,"column":44}}},"57":{"name":"createChannelActionsObj","line":486,"loc":{"start":{"line":486,"column":35},"end":{"line":486,"column":70}}},"58":{"name":"converter","line":489,"loc":{"start":{"line":489,"column":20},"end":{"line":489,"column":44}}},"59":{"name":"addRegisteredActions","line":497,"loc":{"start":{"line":497,"column":32},"end":{"line":497,"column":64}}},"60":{"name":"onIncomingObservable","line":501,"loc":{"start":{"line":501,"column":32},"end":{"line":501,"column":67}}},"61":{"name":"dataObj","line":506,"loc":{"start":{"line":506,"column":18},"end":{"line":506,"column":43}}},"62":{"name":"onSuccess","line":513,"loc":{"start":{"line":513,"column":20},"end":{"line":513,"column":44}}},"63":{"name":"onError","line":517,"loc":{"start":{"line":517,"column":18},"end":{"line":517,"column":37}}},"64":{"name":"onIncomingObserverableData","line":522,"loc":{"start":{"line":522,"column":38},"end":{"line":522,"column":79}}},"65":{"name":"sendStreamItem","line":524,"loc":{"start":{"line":524,"column":26},"end":{"line":524,"column":92}}},"66":{"name":"getChannel","line":555,"loc":{"start":{"line":555,"column":22},"end":{"line":555,"column":51}}},"67":{"name":"isValidChannel","line":558,"loc":{"start":{"line":558,"column":25},"end":{"line":558,"column":52}}},"68":{"name":"error","line":562,"loc":{"start":{"line":562,"column":16},"end":{"line":562,"column":34}}},"69":{"name":"startSubscribe","line":566,"loc":{"start":{"line":566,"column":25},"end":{"line":566,"column":52}}},"70":{"name":"addMixins","line":574,"loc":{"start":{"line":574,"column":21},"end":{"line":574,"column":42}}},"71":{"name":"get","line":587,"loc":{"start":{"line":587,"column":9},"end":{"line":587,"column":24}}},"72":{"name":"(anonymous_72)","line":602,"loc":{"start":{"line":602,"column":7},"end":{"line":602,"column":66}}},"73":{"name":"(anonymous_73)","line":606,"loc":{"start":{"line":606,"column":100},"end":{"line":606,"column":111}}},"74":{"name":"(anonymous_74)","line":607,"loc":{"start":{"line":607,"column":99},"end":{"line":607,"column":110}}},"75":{"name":"(anonymous_75)","line":608,"loc":{"start":{"line":608,"column":93},"end":{"line":608,"column":104}}},"76":{"name":"(anonymous_76)","line":609,"loc":{"start":{"line":609,"column":91},"end":{"line":609,"column":102}}},"77":{"name":"(anonymous_77)","line":610,"loc":{"start":{"line":610,"column":94},"end":{"line":610,"column":105}}},"78":{"name":"(anonymous_78)","line":611,"loc":{"start":{"line":611,"column":99},"end":{"line":611,"column":110}}},"79":{"name":"(anonymous_79)","line":612,"loc":{"start":{"line":612,"column":99},"end":{"line":612,"column":110}}},"80":{"name":"(anonymous_80)","line":613,"loc":{"start":{"line":613,"column":91},"end":{"line":613,"column":102}}},"81":{"name":"registeredStreamNames","line":623,"loc":{"start":{"line":623,"column":28},"end":{"line":623,"column":61}}},"82":{"name":"includes","line":625,"loc":{"start":{"line":625,"column":14},"end":{"line":625,"column":34}}},"83":{"name":"getRxType","line":637,"loc":{"start":{"line":637,"column":16},"end":{"line":637,"column":40}}},"84":{"name":"confirmObservable","line":642,"loc":{"start":{"line":642,"column":24},"end":{"line":642,"column":56}}},"85":{"name":"predicate","line":663,"loc":{"start":{"line":663,"column":15},"end":{"line":663,"column":43}}},"86":{"name":"predicate","line":669,"loc":{"start":{"line":669,"column":15},"end":{"line":669,"column":43}}},"87":{"name":"predicate","line":674,"loc":{"start":{"line":674,"column":15},"end":{"line":674,"column":43}}},"88":{"name":"uiValidations","line":691,"loc":{"start":{"line":691,"column":18},"end":{"line":691,"column":43}}},"89":{"name":"predicate","line":700,"loc":{"start":{"line":700,"column":15},"end":{"line":700,"column":43}}},"90":{"name":"predicate","line":705,"loc":{"start":{"line":705,"column":15},"end":{"line":705,"column":43}}},"91":{"name":"predicate","line":710,"loc":{"start":{"line":710,"column":15},"end":{"line":710,"column":43}}},"92":{"name":"predicate","line":715,"loc":{"start":{"line":715,"column":15},"end":{"line":715,"column":43}}},"93":{"name":"stepValidations","line":720,"loc":{"start":{"line":720,"column":20},"end":{"line":720,"column":47}}},"94":{"name":"stepDisposeValidations","line":725,"loc":{"start":{"line":725,"column":27},"end":{"line":725,"column":61}}},"95":{"name":"predicate","line":728,"loc":{"start":{"line":728,"column":17},"end":{"line":728,"column":45}}},"96":{"name":"stepUpdateValidations","line":735,"loc":{"start":{"line":735,"column":26},"end":{"line":735,"column":59}}},"97":{"name":"predicate","line":738,"loc":{"start":{"line":738,"column":17},"end":{"line":738,"column":45}}},"98":{"name":"lifestreamValidations","line":748,"loc":{"start":{"line":748,"column":26},"end":{"line":748,"column":59}}},"99":{"name":"routeValidations","line":755,"loc":{"start":{"line":755,"column":21},"end":{"line":755,"column":49}}},"100":{"name":"StreamsConfig","line":776,"loc":{"start":{"line":776,"column":18},"end":{"line":776,"column":43}}},"101":{"name":"predicate","line":779,"loc":{"start":{"line":779,"column":17},"end":{"line":779,"column":45}}},"102":{"name":"predicate","line":784,"loc":{"start":{"line":784,"column":17},"end":{"line":784,"column":45}}},"103":{"name":"predicate","line":789,"loc":{"start":{"line":789,"column":17},"end":{"line":789,"column":45}}},"104":{"name":"observable","line":797,"loc":{"start":{"line":797,"column":22},"end":{"line":797,"column":44}}},"105":{"name":"observable","line":811,"loc":{"start":{"line":811,"column":22},"end":{"line":811,"column":44}}},"106":{"name":"(anonymous_106)","line":836,"loc":{"start":{"line":836,"column":7},"end":{"line":836,"column":66}}},"107":{"name":"(anonymous_107)","line":840,"loc":{"start":{"line":840,"column":93},"end":{"line":840,"column":104}}},"108":{"name":"(anonymous_108)","line":847,"loc":{"start":{"line":847,"column":0},"end":{"line":847,"column":12}}},"109":{"name":"ChannelUtilsDom","line":848,"loc":{"start":{"line":848,"column":2},"end":{"line":848,"column":29}}},"110":{"name":"createDomObservableFromEvent","line":852,"loc":{"start":{"line":852,"column":49},"end":{"line":852,"column":116}}},"111":{"name":"addHandler","line":857,"loc":{"start":{"line":857,"column":21},"end":{"line":857,"column":50}}},"112":{"name":"removeHandler","line":863,"loc":{"start":{"line":863,"column":24},"end":{"line":863,"column":49}}},"113":{"name":"(anonymous_113)","line":864,"loc":{"start":{"line":864,"column":26},"end":{"line":864,"column":39}}},"114":{"name":"(anonymous_114)","line":869,"loc":{"start":{"line":869,"column":34},"end":{"line":869,"column":47}}},"115":{"name":"createMediaQuery","line":876,"loc":{"start":{"line":876,"column":37},"end":{"line":876,"column":68}}},"116":{"name":"checkIfValidMediaQuery","line":882,"loc":{"start":{"line":882,"column":43},"end":{"line":882,"column":84}}},"117":{"name":"noSpaces","line":883,"loc":{"start":{"line":883,"column":19},"end":{"line":883,"column":42}}},"118":{"name":"warnMsg","line":889,"loc":{"start":{"line":889,"column":18},"end":{"line":889,"column":40}}},"119":{"name":"createMediaQueryHandler","line":900,"loc":{"start":{"line":900,"column":44},"end":{"line":900,"column":89}}},"120":{"name":"keyFn","line":901,"loc":{"start":{"line":901,"column":16},"end":{"line":901,"column":36}}},"121":{"name":"(anonymous_121)","line":902,"loc":{"start":{"line":902,"column":13},"end":{"line":902,"column":26}}},"122":{"name":"handlers","line":910,"loc":{"start":{"line":910,"column":19},"end":{"line":910,"column":40}}},"123":{"name":"addHandler","line":912,"loc":{"start":{"line":912,"column":20},"end":{"line":912,"column":49}}},"124":{"name":"removeHandler","line":915,"loc":{"start":{"line":915,"column":23},"end":{"line":915,"column":55}}},"125":{"name":"(anonymous_125)","line":916,"loc":{"start":{"line":916,"column":23},"end":{"line":916,"column":35}}},"126":{"name":"createMergedObsFromObj","line":925,"loc":{"start":{"line":925,"column":43},"end":{"line":925,"column":83}}},"127":{"name":"loopQueries","line":929,"loc":{"start":{"line":929,"column":22},"end":{"line":929,"column":58}}},"128":{"name":"(anonymous_128)","line":950,"loc":{"start":{"line":950,"column":7},"end":{"line":950,"column":66}}},"129":{"name":"(anonymous_129)","line":954,"loc":{"start":{"line":954,"column":87},"end":{"line":954,"column":98}}},"130":{"name":"isMergeableObject","line":955,"loc":{"start":{"line":955,"column":0},"end":{"line":955,"column":32}}},"131":{"name":"emptyTarget","line":960,"loc":{"start":{"line":960,"column":0},"end":{"line":960,"column":26}}},"132":{"name":"cloneIfNecessary","line":964,"loc":{"start":{"line":964,"column":0},"end":{"line":964,"column":50}}},"133":{"name":"defaultArrayMerge","line":969,"loc":{"start":{"line":969,"column":0},"end":{"line":969,"column":60}}},"134":{"name":"(anonymous_134)","line":971,"loc":{"start":{"line":971,"column":17},"end":{"line":971,"column":33}}},"135":{"name":"mergeObject","line":983,"loc":{"start":{"line":983,"column":0},"end":{"line":983,"column":54}}},"136":{"name":"(anonymous_136)","line":987,"loc":{"start":{"line":987,"column":32},"end":{"line":987,"column":47}}},"137":{"name":"(anonymous_137)","line":992,"loc":{"start":{"line":992,"column":30},"end":{"line":992,"column":45}}},"138":{"name":"deepMerge","line":1002,"loc":{"start":{"line":1002,"column":0},"end":{"line":1002,"column":52}}},"139":{"name":"deepmergeAll","line":1016,"loc":{"start":{"line":1016,"column":16},"end":{"line":1016,"column":62}}},"140":{"name":"(anonymous_140)","line":1022,"loc":{"start":{"line":1022,"column":22},"end":{"line":1022,"column":44}}},"141":{"name":"(anonymous_141)","line":1036,"loc":{"start":{"line":1036,"column":7},"end":{"line":1036,"column":66}}},"142":{"name":"(anonymous_142)","line":1040,"loc":{"start":{"line":1040,"column":96},"end":{"line":1040,"column":107}}},"143":{"name":"(anonymous_143)","line":1041,"loc":{"start":{"line":1041,"column":92},"end":{"line":1041,"column":103}}},"144":{"name":"(anonymous_144)","line":1042,"loc":{"start":{"line":1042,"column":95},"end":{"line":1042,"column":106}}},"145":{"name":"(anonymous_145)","line":1043,"loc":{"start":{"line":1043,"column":100},"end":{"line":1043,"column":111}}},"146":{"name":"(anonymous_146)","line":1044,"loc":{"start":{"line":1044,"column":97},"end":{"line":1044,"column":108}}},"147":{"name":"(anonymous_147)","line":1045,"loc":{"start":{"line":1045,"column":103},"end":{"line":1045,"column":114}}},"148":{"name":"(anonymous_148)","line":1046,"loc":{"start":{"line":1046,"column":83},"end":{"line":1046,"column":94}}},"149":{"name":"(anonymous_149)","line":1047,"loc":{"start":{"line":1047,"column":91},"end":{"line":1047,"column":102}}},"150":{"name":"(anonymous_150)","line":1048,"loc":{"start":{"line":1048,"column":102},"end":{"line":1048,"column":113}}},"151":{"name":"(anonymous_151)","line":1049,"loc":{"start":{"line":1049,"column":95},"end":{"line":1049,"column":106}}},"152":{"name":"(anonymous_152)","line":1050,"loc":{"start":{"line":1050,"column":102},"end":{"line":1050,"column":113}}},"153":{"name":"(anonymous_153)","line":1051,"loc":{"start":{"line":1051,"column":85},"end":{"line":1051,"column":96}}},"154":{"name":"(anonymous_154)","line":1052,"loc":{"start":{"line":1052,"column":92},"end":{"line":1052,"column":103}}},"155":{"name":"(anonymous_155)","line":1053,"loc":{"start":{"line":1053,"column":92},"end":{"line":1053,"column":103}}},"156":{"name":"(anonymous_156)","line":1054,"loc":{"start":{"line":1054,"column":91},"end":{"line":1054,"column":102}}},"157":{"name":"(anonymous_157)","line":1055,"loc":{"start":{"line":1055,"column":88},"end":{"line":1055,"column":99}}},"158":{"name":"(anonymous_158)","line":1056,"loc":{"start":{"line":1056,"column":83},"end":{"line":1056,"column":94}}},"159":{"name":"(anonymous_159)","line":1057,"loc":{"start":{"line":1057,"column":82},"end":{"line":1057,"column":93}}},"160":{"name":"(anonymous_160)","line":1058,"loc":{"start":{"line":1058,"column":90},"end":{"line":1058,"column":101}}},"161":{"name":"(anonymous_161)","line":1059,"loc":{"start":{"line":1059,"column":87},"end":{"line":1059,"column":98}}},"162":{"name":"(anonymous_162)","line":1060,"loc":{"start":{"line":1060,"column":93},"end":{"line":1060,"column":104}}},"163":{"name":"(anonymous_163)","line":1061,"loc":{"start":{"line":1061,"column":91},"end":{"line":1061,"column":102}}},"164":{"name":"(anonymous_164)","line":1062,"loc":{"start":{"line":1062,"column":89},"end":{"line":1062,"column":100}}},"165":{"name":"(anonymous_165)","line":1063,"loc":{"start":{"line":1063,"column":102},"end":{"line":1063,"column":113}}},"166":{"name":"isIOS","line":1068,"loc":{"start":{"line":1068,"column":12},"end":{"line":1068,"column":29}}},"167":{"name":"getConstructorName","line":1075,"loc":{"start":{"line":1075,"column":25},"end":{"line":1075,"column":58}}},"168":{"name":"arrFromMapKeys","line":1085,"loc":{"start":{"line":1085,"column":21},"end":{"line":1085,"column":50}}},"169":{"name":"addKeysToArr","line":1088,"loc":{"start":{"line":1088,"column":21},"end":{"line":1088,"column":52}}},"170":{"name":"findStrFromRegexArr","line":1096,"loc":{"start":{"line":1096,"column":26},"end":{"line":1096,"column":65}}},"171":{"name":"checkIfMatch","line":1101,"loc":{"start":{"line":1101,"column":21},"end":{"line":1101,"column":46}}},"172":{"name":"(anonymous_172)","line":1107,"loc":{"start":{"line":1107,"column":47},"end":{"line":1107,"column":59}}},"173":{"name":"(anonymous_173)","line":1109,"loc":{"start":{"line":1109,"column":26},"end":{"line":1109,"column":38}}},"174":{"name":"(anonymous_174)","line":1111,"loc":{"start":{"line":1111,"column":12},"end":{"line":1111,"column":24}}},"175":{"name":"findStrOrRegexMatchStr","line":1117,"loc":{"start":{"line":1117,"column":29},"end":{"line":1117,"column":71}}},"176":{"name":"createRe","line":1122,"loc":{"start":{"line":1122,"column":17},"end":{"line":1122,"column":38}}},"177":{"name":"closest","line":1130,"loc":{"start":{"line":1130,"column":14},"end":{"line":1130,"column":43}}},"178":{"name":"convertDomStringMapToObj","line":1147,"loc":{"start":{"line":1147,"column":31},"end":{"line":1147,"column":73}}},"179":{"name":"next","line":1159,"loc":{"start":{"line":1159,"column":8},"end":{"line":1159,"column":25}}},"180":{"name":"error","line":1162,"loc":{"start":{"line":1162,"column":9},"end":{"line":1162,"column":27}}},"181":{"name":"complete","line":1165,"loc":{"start":{"line":1165,"column":12},"end":{"line":1165,"column":33}}},"182":{"name":"right","line":1170,"loc":{"start":{"line":1170,"column":12},"end":{"line":1170,"column":30}}},"183":{"name":"map","line":1172,"loc":{"start":{"line":1172,"column":9},"end":{"line":1172,"column":25}}},"184":{"name":"fold","line":1175,"loc":{"start":{"line":1175,"column":10},"end":{"line":1175,"column":30}}},"185":{"name":"inspect","line":1178,"loc":{"start":{"line":1178,"column":13},"end":{"line":1178,"column":32}}},"186":{"name":"ifNilThenUpdate","line":1184,"loc":{"start":{"line":1184,"column":22},"end":{"line":1184,"column":60}}},"187":{"name":"left","line":1189,"loc":{"start":{"line":1189,"column":11},"end":{"line":1189,"column":28}}},"188":{"name":"map","line":1191,"loc":{"start":{"line":1191,"column":9},"end":{"line":1191,"column":25}}},"189":{"name":"fold","line":1194,"loc":{"start":{"line":1194,"column":10},"end":{"line":1194,"column":30}}},"190":{"name":"inspect","line":1197,"loc":{"start":{"line":1197,"column":13},"end":{"line":1197,"column":32}}},"191":{"name":"checkIfObjIsNotEmptyOrNil","line":1203,"loc":{"start":{"line":1203,"column":32},"end":{"line":1203,"column":72}}},"192":{"name":"fromNullable","line":1210,"loc":{"start":{"line":1210,"column":19},"end":{"line":1210,"column":44}}},"193":{"name":"findInObj","line":1214,"loc":{"start":{"line":1214,"column":16},"end":{"line":1214,"column":52}}},"194":{"name":"pullRouteInfo","line":1223,"loc":{"start":{"line":1223,"column":20},"end":{"line":1223,"column":45}}},"195":{"name":"getAllMethodNames","line":1233,"loc":{"start":{"line":1233,"column":24},"end":{"line":1233,"column":74}}},"196":{"name":"getPropNamesArr","line":1242,"loc":{"start":{"line":1242,"column":24},"end":{"line":1242,"column":70}}},"197":{"name":"removeSlashes","line":1270,"loc":{"start":{"line":1270,"column":20},"end":{"line":1270,"column":48}}},"198":{"name":"pullHashAndSlashFromPath","line":1276,"loc":{"start":{"line":1276,"column":31},"end":{"line":1276,"column":70}}},"199":{"name":"pullSlashFromPath","line":1280,"loc":{"start":{"line":1280,"column":24},"end":{"line":1280,"column":56}}},"200":{"name":"pullMainRoute","line":1284,"loc":{"start":{"line":1284,"column":20},"end":{"line":1284,"column":48}}},"201":{"name":"pullParams","line":1288,"loc":{"start":{"line":1288,"column":17},"end":{"line":1288,"column":42}}},"202":{"name":"pullTranslateX","line":1292,"loc":{"start":{"line":1292,"column":21},"end":{"line":1292,"column":50}}},"203":{"name":"pullTranslateY","line":1296,"loc":{"start":{"line":1296,"column":21},"end":{"line":1296,"column":50}}},"204":{"name":"pullTranslateYFromHeader","line":1300,"loc":{"start":{"line":1300,"column":31},"end":{"line":1300,"column":70}}},"205":{"name":"(anonymous_205)","line":1313,"loc":{"start":{"line":1313,"column":7},"end":{"line":1313,"column":66}}},"206":{"name":"(anonymous_206)","line":1322,"loc":{"start":{"line":1322,"column":30},"end":{"line":1322,"column":42}}},"207":{"name":"(anonymous_207)","line":1323,"loc":{"start":{"line":1323,"column":30},"end":{"line":1323,"column":42}}},"208":{"name":"(anonymous_208)","line":1324,"loc":{"start":{"line":1324,"column":43},"end":{"line":1324,"column":55}}},"209":{"name":"(anonymous_209)","line":1327,"loc":{"start":{"line":1327,"column":29},"end":{"line":1327,"column":41}}},"210":{"name":"(anonymous_210)","line":1330,"loc":{"start":{"line":1330,"column":42},"end":{"line":1330,"column":54}}},"211":{"name":"(anonymous_211)","line":1333,"loc":{"start":{"line":1333,"column":24},"end":{"line":1333,"column":36}}},"212":{"name":"(anonymous_212)","line":1336,"loc":{"start":{"line":1336,"column":31},"end":{"line":1336,"column":43}}},"213":{"name":"(anonymous_213)","line":1349,"loc":{"start":{"line":1349,"column":7},"end":{"line":1349,"column":66}}},"214":{"name":"(anonymous_214)","line":1353,"loc":{"start":{"line":1353,"column":93},"end":{"line":1353,"column":104}}},"215":{"name":"(anonymous_215)","line":1354,"loc":{"start":{"line":1354,"column":95},"end":{"line":1354,"column":106}}},"216":{"name":"(anonymous_216)","line":1355,"loc":{"start":{"line":1355,"column":102},"end":{"line":1355,"column":113}}},"217":{"name":"DISPOSING","line":1472,"loc":{"start":{"line":1472,"column":15},"end":{"line":1472,"column":36}}},"218":{"name":"DISPOSE","line":1473,"loc":{"start":{"line":1473,"column":13},"end":{"line":1473,"column":32}}},"219":{"name":"RENDERED","line":1474,"loc":{"start":{"line":1474,"column":14},"end":{"line":1474,"column":34}}},"220":{"name":"RENDERED_AND_ATTACHED_TO_WINDOW","line":1475,"loc":{"start":{"line":1475,"column":37},"end":{"line":1475,"column":80}}},"221":{"name":"RENDERED_AND_ATTACHED_TO_PARENT","line":1476,"loc":{"start":{"line":1476,"column":37},"end":{"line":1476,"column":80}}},"222":{"name":"READY_FOR_GC","line":1477,"loc":{"start":{"line":1477,"column":18},"end":{"line":1477,"column":42}}},"223":{"name":"NOTHING","line":1478,"loc":{"start":{"line":1478,"column":13},"end":{"line":1478,"column":32}}},"224":{"name":"CHANNEL_ROUTE_CHANGE_EVENT","line":1479,"loc":{"start":{"line":1479,"column":32},"end":{"line":1479,"column":70}}},"225":{"name":"UI_EVENT_BLUR","line":1480,"loc":{"start":{"line":1480,"column":19},"end":{"line":1480,"column":44}}},"226":{"name":"UI_EVENT_","line":1481,"loc":{"start":{"line":1481,"column":17},"end":{"line":1481,"column":38}}},"227":{"name":"UI_EVENT_CLICK","line":1482,"loc":{"start":{"line":1482,"column":20},"end":{"line":1482,"column":46}}},"228":{"name":"UI_EVENT_DBLCLICK","line":1483,"loc":{"start":{"line":1483,"column":23},"end":{"line":1483,"column":52}}},"229":{"name":"(anonymous_229)","line":1494,"loc":{"start":{"line":1494,"column":7},"end":{"line":1494,"column":33}}},"230":{"name":"(anonymous_230)","line":1505,"loc":{"start":{"line":1505,"column":7},"end":{"line":1505,"column":33}}}},"statementMap":{"1":{"start":{"line":1,"column":0},"end":{"line":1512,"column":3}},"2":{"start":{"line":2,"column":1},"end":{"line":9,"column":49}},"3":{"start":{"line":3,"column":2},"end":{"line":3,"column":62}},"4":{"start":{"line":4,"column":6},"end":{"line":9,"column":49}},"5":{"start":{"line":5,"column":2},"end":{"line":5,"column":46}},"6":{"start":{"line":6,"column":6},"end":{"line":9,"column":49}},"7":{"start":{"line":7,"column":2},"end":{"line":7,"column":64}},"8":{"start":{"line":9,"column":2},"end":{"line":9,"column":49}},"9":{"start":{"line":11,"column":0},"end":{"line":1511,"column":12}},"10":{"start":{"line":13,"column":10},"end":{"line":13,"column":36}},"11":{"start":{"line":16,"column":10},"end":{"line":37,"column":11}},"12":{"start":{"line":19,"column":11},"end":{"line":21,"column":12}},"13":{"start":{"line":20,"column":12},"end":{"line":20,"column":54}},"14":{"start":{"line":23,"column":11},"end":{"line":27,"column":13}},"15":{"start":{"line":30,"column":11},"end":{"line":30,"column":95}},"16":{"start":{"line":33,"column":11},"end":{"line":33,"column":27}},"17":{"start":{"line":36,"column":11},"end":{"line":36,"column":33}},"18":{"start":{"line":41,"column":10},"end":{"line":41,"column":42}},"19":{"start":{"line":44,"column":10},"end":{"line":44,"column":51}},"20":{"start":{"line":47,"column":10},"end":{"line":55,"column":12}},"21":{"start":{"line":48,"column":11},"end":{"line":54,"column":12}},"22":{"start":{"line":49,"column":12},"end":{"line":53,"column":15}},"23":{"start":{"line":58,"column":10},"end":{"line":60,"column":12}},"24":{"start":{"line":59,"column":11},"end":{"line":59,"column":73}},"25":{"start":{"line":63,"column":10},"end":{"line":69,"column":12}},"26":{"start":{"line":64,"column":11},"end":{"line":66,"column":59}},"27":{"start":{"line":65,"column":36},"end":{"line":65,"column":61}},"28":{"start":{"line":66,"column":42},"end":{"line":66,"column":56}},"29":{"start":{"line":67,"column":11},"end":{"line":67,"column":54}},"30":{"start":{"line":68,"column":11},"end":{"line":68,"column":25}},"31":{"start":{"line":72,"column":10},"end":{"line":72,"column":128}},"32":{"start":{"line":72,"column":63},"end":{"line":72,"column":125}},"33":{"start":{"line":75,"column":10},"end":{"line":75,"column":102}},"34":{"start":{"line":79,"column":10},"end":{"line":79,"column":105}},"35":{"start":{"line":92,"column":0},"end":{"line":92,"column":43}},"36":{"start":{"line":93,"column":31},"end":{"line":93,"column":137}},"37":{"start":{"line":93,"column":108},"end":{"line":93,"column":133}},"38":{"start":{"line":94,"column":0},"end":{"line":94,"column":50}},"39":{"start":{"line":96,"column":0},"end":{"line":140,"column":4}},"40":{"start":{"line":99,"column":2},"end":{"line":116,"column":3}},"41":{"start":{"line":100,"column":4},"end":{"line":100,"column":30}},"42":{"start":{"line":101,"column":4},"end":{"line":107,"column":6}},"43":{"start":{"line":108,"column":4},"end":{"line":108,"column":68}},"44":{"start":{"line":109,"column":4},"end":{"line":109,"column":73}},"45":{"start":{"line":111,"column":4},"end":{"line":113,"column":5}},"46":{"start":{"line":112,"column":6},"end":{"line":112,"column":77}},"47":{"start":{"line":115,"column":4},"end":{"line":115,"column":32}},"48":{"start":{"line":118,"column":2},"end":{"line":126,"column":4}},"49":{"start":{"line":119,"column":4},"end":{"line":119,"column":42}},"50":{"start":{"line":121,"column":4},"end":{"line":123,"column":5}},"51":{"start":{"line":122,"column":6},"end":{"line":122,"column":110}},"52":{"start":{"line":125,"column":4},"end":{"line":125,"column":19}},"53":{"start":{"line":128,"column":2},"end":{"line":131,"column":4}},"54":{"start":{"line":129,"column":4},"end":{"line":129,"column":117}},"55":{"start":{"line":130,"column":4},"end":{"line":130,"column":57}},"56":{"start":{"line":133,"column":2},"end":{"line":133,"column":64}},"57":{"start":{"line":135,"column":2},"end":{"line":137,"column":4}},"58":{"start":{"line":136,"column":4},"end":{"line":136,"column":475}},"59":{"start":{"line":139,"column":2},"end":{"line":139,"column":27}},"60":{"start":{"line":152,"column":0},"end":{"line":152,"column":43}},"61":{"start":{"line":153,"column":31},"end":{"line":153,"column":129}},"62":{"start":{"line":153,"column":104},"end":{"line":153,"column":125}},"63":{"start":{"line":154,"column":21},"end":{"line":154,"column":174}},"64":{"start":{"line":155,"column":21},"end":{"line":155,"column":153}},"65":{"start":{"line":156,"column":21},"end":{"line":156,"column":174}},"66":{"start":{"line":157,"column":0},"end":{"line":157,"column":183}},"67":{"start":{"line":157,"column":48},"end":{"line":157,"column":105}},"68":{"start":{"line":157,"column":106},"end":{"line":157,"column":148}},"69":{"start":{"line":157,"column":149},"end":{"line":157,"column":181}},"70":{"start":{"line":163,"column":0},"end":{"line":163,"column":50}},"71":{"start":{"line":165,"column":0},"end":{"line":165,"column":49}},"72":{"start":{"line":167,"column":0},"end":{"line":416,"column":72}},"73":{"start":{"line":170,"column":2},"end":{"line":170,"column":47}},"74":{"start":{"line":172,"column":2},"end":{"line":182,"column":3}},"75":{"start":{"line":173,"column":4},"end":{"line":173,"column":14}},"76":{"start":{"line":175,"column":4},"end":{"line":175,"column":45}},"77":{"start":{"line":177,"column":4},"end":{"line":177,"column":30}},"78":{"start":{"line":179,"column":4},"end":{"line":179,"column":39}},"79":{"start":{"line":180,"column":4},"end":{"line":180,"column":32}},"80":{"start":{"line":181,"column":4},"end":{"line":181,"column":17}},"81":{"start":{"line":184,"column":2},"end":{"line":184,"column":39}},"82":{"start":{"line":186,"column":2},"end":{"line":204,"column":4}},"83":{"start":{"line":187,"column":4},"end":{"line":188,"column":22}},"84":{"start":{"line":190,"column":4},"end":{"line":190,"column":64}},"85":{"start":{"line":191,"column":4},"end":{"line":191,"column":41}},"86":{"start":{"line":192,"column":4},"end":{"line":192,"column":46}},"87":{"start":{"line":194,"column":4},"end":{"line":194,"column":85}},"88":{"start":{"line":196,"column":4},"end":{"line":203,"column":7}},"89":{"start":{"line":197,"column":6},"end":{"line":200,"column":26}},"90":{"start":{"line":202,"column":6},"end":{"line":202,"column":71}},"91":{"start":{"line":206,"column":2},"end":{"line":225,"column":4}},"92":{"start":{"line":207,"column":4},"end":{"line":207,"column":65}},"93":{"start":{"line":208,"column":4},"end":{"line":208,"column":33}},"94":{"start":{"line":209,"column":4},"end":{"line":209,"column":55}},"95":{"start":{"line":210,"column":4},"end":{"line":210,"column":56}},"96":{"start":{"line":211,"column":4},"end":{"line":211,"column":34}},"97":{"start":{"line":212,"column":4},"end":{"line":216,"column":6}},"98":{"start":{"line":217,"column":4},"end":{"line":217,"column":38}},"99":{"start":{"line":218,"column":4},"end":{"line":224,"column":6}},"100":{"start":{"line":227,"column":2},"end":{"line":246,"column":4}},"101":{"start":{"line":228,"column":4},"end":{"line":228,"column":69}},"102":{"start":{"line":229,"column":4},"end":{"line":229,"column":54}},"103":{"start":{"line":230,"column":4},"end":{"line":232,"column":30}},"104":{"start":{"line":233,"column":4},"end":{"line":238,"column":6}},"105":{"start":{"line":239,"column":4},"end":{"line":239,"column":38}},"106":{"start":{"line":240,"column":4},"end":{"line":245,"column":6}},"107":{"start":{"line":248,"column":2},"end":{"line":252,"column":4}},"108":{"start":{"line":249,"column":4},"end":{"line":249,"column":72}},"109":{"start":{"line":250,"column":4},"end":{"line":250,"column":57}},"110":{"start":{"line":251,"column":4},"end":{"line":251,"column":27}},"111":{"start":{"line":254,"column":2},"end":{"line":265,"column":4}},"112":{"start":{"line":255,"column":4},"end":{"line":255,"column":44}},"113":{"start":{"line":256,"column":4},"end":{"line":256,"column":22}},"114":{"start":{"line":257,"column":4},"end":{"line":257,"column":31}},"115":{"start":{"line":258,"column":4},"end":{"line":258,"column":38}},"116":{"start":{"line":259,"column":4},"end":{"line":264,"column":6}},"117":{"start":{"line":267,"column":2},"end":{"line":277,"column":4}},"118":{"start":{"line":268,"column":4},"end":{"line":268,"column":65}},"119":{"start":{"line":269,"column":4},"end":{"line":269,"column":100}},"120":{"start":{"line":270,"column":4},"end":{"line":270,"column":38}},"121":{"start":{"line":271,"column":4},"end":{"line":276,"column":6}},"122":{"start":{"line":279,"column":2},"end":{"line":292,"column":4}},"123":{"start":{"line":280,"column":4},"end":{"line":280,"column":70}},"124":{"start":{"line":281,"column":4},"end":{"line":281,"column":51}},"125":{"start":{"line":282,"column":4},"end":{"line":282,"column":67}},"126":{"start":{"line":283,"column":4},"end":{"line":283,"column":100}},"127":{"start":{"line":284,"column":4},"end":{"line":284,"column":87}},"128":{"start":{"line":285,"column":4},"end":{"line":285,"column":38}},"129":{"start":{"line":286,"column":4},"end":{"line":291,"column":6}},"130":{"start":{"line":294,"column":2},"end":{"line":304,"column":4}},"131":{"start":{"line":295,"column":4},"end":{"line":295,"column":70}},"132":{"start":{"line":296,"column":4},"end":{"line":296,"column":79}},"133":{"start":{"line":297,"column":4},"end":{"line":297,"column":38}},"134":{"start":{"line":298,"column":4},"end":{"line":303,"column":6}},"135":{"start":{"line":306,"column":2},"end":{"line":309,"column":4}},"136":{"start":{"line":307,"column":4},"end":{"line":307,"column":54}},"137":{"start":{"line":308,"column":4},"end":{"line":308,"column":198}},"138":{"start":{"line":311,"column":2},"end":{"line":318,"column":4}},"139":{"start":{"line":312,"column":4},"end":{"line":314,"column":6}},"140":{"start":{"line":313,"column":6},"end":{"line":313,"column":38}},"141":{"start":{"line":316,"column":4},"end":{"line":316,"column":54}},"142":{"start":{"line":317,"column":4},"end":{"line":317,"column":222}},"143":{"start":{"line":320,"column":2},"end":{"line":323,"column":4}},"144":{"start":{"line":322,"column":4},"end":{"line":322,"column":179}},"145":{"start":{"line":325,"column":2},"end":{"line":329,"column":4}},"146":{"start":{"line":326,"column":4},"end":{"line":326,"column":54}},"147":{"start":{"line":328,"column":4},"end":{"line":328,"column":190}},"148":{"start":{"line":331,"column":2},"end":{"line":344,"column":4}},"149":{"start":{"line":332,"column":4},"end":{"line":334,"column":5}},"150":{"start":{"line":333,"column":6},"end":{"line":333,"column":37}},"151":{"start":{"line":336,"column":4},"end":{"line":336,"column":32}},"152":{"start":{"line":338,"column":4},"end":{"line":341,"column":6}},"153":{"start":{"line":339,"column":6},"end":{"line":339,"column":63}},"154":{"start":{"line":340,"column":6},"end":{"line":340,"column":126}},"155":{"start":{"line":343,"column":4},"end":{"line":343,"column":47}},"156":{"start":{"line":346,"column":2},"end":{"line":380,"column":4}},"157":{"start":{"line":347,"column":4},"end":{"line":349,"column":5}},"158":{"start":{"line":348,"column":6},"end":{"line":348,"column":37}},"159":{"start":{"line":351,"column":4},"end":{"line":351,"column":21}},"160":{"start":{"line":354,"column":4},"end":{"line":354,"column":142}},"161":{"start":{"line":359,"column":4},"end":{"line":364,"column":6}},"162":{"start":{"line":366,"column":4},"end":{"line":372,"column":6}},"163":{"start":{"line":367,"column":6},"end":{"line":367,"column":35}},"164":{"start":{"line":369,"column":6},"end":{"line":371,"column":15}},"165":{"start":{"line":370,"column":8},"end":{"line":370,"column":37}},"166":{"start":{"line":374,"column":4},"end":{"line":374,"column":49}},"167":{"start":{"line":376,"column":4},"end":{"line":376,"column":60}},"168":{"start":{"line":377,"column":4},"end":{"line":377,"column":53}},"169":{"start":{"line":378,"column":4},"end":{"line":378,"column":40}},"170":{"start":{"line":379,"column":4},"end":{"line":379,"column":19}},"171":{"start":{"line":382,"column":2},"end":{"line":397,"column":4}},"172":{"start":{"line":383,"column":4},"end":{"line":383,"column":22}},"173":{"start":{"line":385,"column":4},"end":{"line":392,"column":6}},"174":{"start":{"line":386,"column":6},"end":{"line":389,"column":26}},"175":{"start":{"line":391,"column":6},"end":{"line":391,"column":89}},"176":{"start":{"line":394,"column":4},"end":{"line":396,"column":5}},"177":{"start":{"line":395,"column":6},"end":{"line":395,"column":82}},"178":{"start":{"line":399,"column":2},"end":{"line":404,"column":4}},"179":{"start":{"line":400,"column":4},"end":{"line":400,"column":24}},"180":{"start":{"line":402,"column":4},"end":{"line":402,"column":50}},"181":{"start":{"line":403,"column":4},"end":{"line":403,"column":119}},"182":{"start":{"line":406,"column":2},"end":{"line":408,"column":4}},"183":{"start":{"line":407,"column":4},"end":{"line":407,"column":1379}},"184":{"start":{"line":410,"column":2},"end":{"line":413,"column":4}},"185":{"start":{"line":411,"column":4},"end":{"line":411,"column":142}},"186":{"start":{"line":412,"column":4},"end":{"line":412,"column":140}},"187":{"start":{"line":415,"column":2},"end":{"line":415,"column":23}},"188":{"start":{"line":428,"column":0},"end":{"line":428,"column":43}},"189":{"start":{"line":429,"column":31},"end":{"line":429,"column":127}},"190":{"start":{"line":429,"column":103},"end":{"line":429,"column":123}},"191":{"start":{"line":430,"column":21},"end":{"line":430,"column":161}},"192":{"start":{"line":431,"column":21},"end":{"line":431,"column":173}},"193":{"start":{"line":432,"column":21},"end":{"line":432,"column":156}},"194":{"start":{"line":433,"column":0},"end":{"line":433,"column":317}},"195":{"start":{"line":433,"column":44},"end":{"line":433,"column":315}},"196":{"start":{"line":433,"column":85},"end":{"line":433,"column":111}},"197":{"start":{"line":433,"column":112},"end":{"line":433,"column":167}},"198":{"start":{"line":433,"column":168},"end":{"line":433,"column":199}},"199":{"start":{"line":433,"column":200},"end":{"line":433,"column":254}},"200":{"start":{"line":433,"column":227},"end":{"line":433,"column":254}},"201":{"start":{"line":433,"column":255},"end":{"line":433,"column":313}},"202":{"start":{"line":435,"column":0},"end":{"line":435,"column":215}},"203":{"start":{"line":435,"column":62},"end":{"line":435,"column":131}},"204":{"start":{"line":435,"column":78},"end":{"line":435,"column":131}},"205":{"start":{"line":435,"column":132},"end":{"line":435,"column":193}},"206":{"start":{"line":435,"column":149},"end":{"line":435,"column":193}},"207":{"start":{"line":435,"column":194},"end":{"line":435,"column":213}},"208":{"start":{"line":442,"column":0},"end":{"line":442,"column":49}},"209":{"start":{"line":444,"column":0},"end":{"line":444,"column":50}},"210":{"start":{"line":446,"column":0},"end":{"line":593,"column":4}},"211":{"start":{"line":449,"column":2},"end":{"line":472,"column":3}},"212":{"start":{"line":450,"column":4},"end":{"line":450,"column":21}},"213":{"start":{"line":452,"column":4},"end":{"line":454,"column":5}},"214":{"start":{"line":453,"column":6},"end":{"line":453,"column":17}},"215":{"start":{"line":456,"column":4},"end":{"line":456,"column":21}},"216":{"start":{"line":457,"column":4},"end":{"line":457,"column":41}},"217":{"start":{"line":458,"column":4},"end":{"line":458,"column":35}},"218":{"start":{"line":459,"column":4},"end":{"line":461,"column":6}},"219":{"start":{"line":462,"column":4},"end":{"line":462,"column":37}},"220":{"start":{"line":464,"column":4},"end":{"line":464,"column":105}},"221":{"start":{"line":465,"column":4},"end":{"line":465,"column":56}},"222":{"start":{"line":466,"column":4},"end":{"line":466,"column":51}},"223":{"start":{"line":468,"column":4},"end":{"line":468,"column":75}},"224":{"start":{"line":469,"column":4},"end":{"line":471,"column":7}},"225":{"start":{"line":470,"column":6},"end":{"line":470,"column":45}},"226":{"start":{"line":475,"column":2},"end":{"line":475,"column":38}},"227":{"start":{"line":477,"column":2},"end":{"line":477,"column":65}},"228":{"start":{"line":480,"column":2},"end":{"line":482,"column":4}},"229":{"start":{"line":481,"column":4},"end":{"line":481,"column":31}},"230":{"start":{"line":484,"column":2},"end":{"line":484,"column":47}},"231":{"start":{"line":486,"column":2},"end":{"line":495,"column":4}},"232":{"start":{"line":487,"column":4},"end":{"line":487,"column":42}},"233":{"start":{"line":489,"column":4},"end":{"line":491,"column":6}},"234":{"start":{"line":490,"column":6},"end":{"line":490,"column":31}},"235":{"start":{"line":493,"column":4},"end":{"line":493,"column":50}},"236":{"start":{"line":494,"column":4},"end":{"line":494,"column":30}},"237":{"start":{"line":497,"column":2},"end":{"line":499,"column":4}},"238":{"start":{"line":498,"column":4},"end":{"line":498,"column":14}},"239":{"start":{"line":501,"column":2},"end":{"line":520,"column":4}},"240":{"start":{"line":502,"column":4},"end":{"line":502,"column":22}},"241":{"start":{"line":504,"column":4},"end":{"line":504,"column":54}},"242":{"start":{"line":506,"column":4},"end":{"line":511,"column":6}},"243":{"start":{"line":507,"column":6},"end":{"line":510,"column":8}},"244":{"start":{"line":513,"column":4},"end":{"line":515,"column":6}},"245":{"start":{"line":514,"column":6},"end":{"line":514,"column":99}},"246":{"start":{"line":517,"column":4},"end":{"line":517,"column":40}},"247":{"start":{"line":519,"column":4},"end":{"line":519,"column":57}},"248":{"start":{"line":522,"column":2},"end":{"line":522,"column":82}},"249":{"start":{"line":524,"column":2},"end":{"line":553,"column":4}},"250":{"start":{"line":525,"column":4},"end":{"line":527,"column":5}},"251":{"start":{"line":526,"column":6},"end":{"line":526,"column":28}},"252":{"start":{"line":530,"column":4},"end":{"line":530,"column":156}},"253":{"start":{"line":552,"column":4},"end":{"line":552,"column":33}},"254":{"start":{"line":555,"column":2},"end":{"line":572,"column":4}},"255":{"start":{"line":556,"column":4},"end":{"line":556,"column":22}},"256":{"start":{"line":558,"column":4},"end":{"line":560,"column":6}},"257":{"start":{"line":559,"column":6},"end":{"line":559,"column":106}},"258":{"start":{"line":562,"column":4},"end":{"line":564,"column":6}},"259":{"start":{"line":563,"column":6},"end":{"line":563,"column":140}},"260":{"start":{"line":566,"column":4},"end":{"line":568,"column":6}},"261":{"start":{"line":567,"column":6},"end":{"line":567,"column":60}},"262":{"start":{"line":570,"column":4},"end":{"line":570,"column":61}},"263":{"start":{"line":571,"column":4},"end":{"line":571,"column":23}},"264":{"start":{"line":574,"column":2},"end":{"line":583,"column":4}},"265":{"start":{"line":585,"column":2},"end":{"line":590,"column":6}},"266":{"start":{"line":588,"column":6},"end":{"line":588,"column":28}},"267":{"start":{"line":592,"column":2},"end":{"line":592,"column":22}},"268":{"start":{"line":605,"column":0},"end":{"line":605,"column":43}},"269":{"start":{"line":606,"column":31},"end":{"line":606,"column":147}},"270":{"start":{"line":606,"column":113},"end":{"line":606,"column":143}},"271":{"start":{"line":607,"column":31},"end":{"line":607,"column":145}},"272":{"start":{"line":607,"column":112},"end":{"line":607,"column":141}},"273":{"start":{"line":608,"column":31},"end":{"line":608,"column":133}},"274":{"start":{"line":608,"column":106},"end":{"line":608,"column":129}},"275":{"start":{"line":609,"column":31},"end":{"line":609,"column":129}},"276":{"start":{"line":609,"column":104},"end":{"line":609,"column":125}},"277":{"start":{"line":610,"column":31},"end":{"line":610,"column":135}},"278":{"start":{"line":610,"column":107},"end":{"line":610,"column":131}},"279":{"start":{"line":611,"column":31},"end":{"line":611,"column":145}},"280":{"start":{"line":611,"column":112},"end":{"line":611,"column":141}},"281":{"start":{"line":612,"column":31},"end":{"line":612,"column":145}},"282":{"start":{"line":612,"column":112},"end":{"line":612,"column":141}},"283":{"start":{"line":613,"column":31},"end":{"line":613,"column":129}},"284":{"start":{"line":613,"column":104},"end":{"line":613,"column":125}},"285":{"start":{"line":614,"column":21},"end":{"line":614,"column":153}},"286":{"start":{"line":618,"column":0},"end":{"line":618,"column":50}},"287":{"start":{"line":620,"column":0},"end":{"line":620,"column":49}},"288":{"start":{"line":623,"column":0},"end":{"line":629,"column":2}},"289":{"start":{"line":624,"column":2},"end":{"line":628,"column":4}},"290":{"start":{"line":626,"column":6},"end":{"line":626,"column":183}},"291":{"start":{"line":632,"column":0},"end":{"line":632,"column":101}},"292":{"start":{"line":633,"column":0},"end":{"line":633,"column":80}},"293":{"start":{"line":634,"column":0},"end":{"line":634,"column":122}},"294":{"start":{"line":635,"column":0},"end":{"line":635,"column":55}},"295":{"start":{"line":637,"column":0},"end":{"line":639,"column":2}},"296":{"start":{"line":638,"column":2},"end":{"line":638,"column":32}},"297":{"start":{"line":642,"column":0},"end":{"line":644,"column":2}},"298":{"start":{"line":643,"column":2},"end":{"line":643,"column":37}},"299":{"start":{"line":647,"column":0},"end":{"line":655,"column":23}},"300":{"start":{"line":657,"column":0},"end":{"line":825,"column":1}},"301":{"start":{"line":661,"column":2},"end":{"line":677,"column":5}},"302":{"start":{"line":664,"column":6},"end":{"line":664,"column":60}},"303":{"start":{"line":670,"column":6},"end":{"line":670,"column":51}},"304":{"start":{"line":675,"column":6},"end":{"line":675,"column":56}},"305":{"start":{"line":681,"column":2},"end":{"line":687,"column":5}},"306":{"start":{"line":691,"column":2},"end":{"line":694,"column":4}},"307":{"start":{"line":692,"column":4},"end":{"line":692,"column":27}},"308":{"start":{"line":693,"column":4},"end":{"line":693,"column":77}},"309":{"start":{"line":698,"column":2},"end":{"line":718,"column":5}},"310":{"start":{"line":701,"column":6},"end":{"line":701,"column":60}},"311":{"start":{"line":706,"column":6},"end":{"line":706,"column":52}},"312":{"start":{"line":711,"column":6},"end":{"line":711,"column":62}},"313":{"start":{"line":716,"column":6},"end":{"line":716,"column":42}},"314":{"start":{"line":720,"column":2},"end":{"line":723,"column":4}},"315":{"start":{"line":721,"column":4},"end":{"line":721,"column":29}},"316":{"start":{"line":722,"column":4},"end":{"line":722,"column":57}},"317":{"start":{"line":725,"column":2},"end":{"line":733,"column":4}},"318":{"start":{"line":726,"column":4},"end":{"line":731,"column":7}},"319":{"start":{"line":729,"column":8},"end":{"line":729,"column":85}},"320":{"start":{"line":732,"column":4},"end":{"line":732,"column":63}},"321":{"start":{"line":735,"column":2},"end":{"line":743,"column":4}},"322":{"start":{"line":736,"column":4},"end":{"line":741,"column":7}},"323":{"start":{"line":739,"column":8},"end":{"line":739,"column":71}},"324":{"start":{"line":742,"column":4},"end":{"line":742,"column":63}},"325":{"start":{"line":748,"column":2},"end":{"line":750,"column":4}},"326":{"start":{"line":749,"column":4},"end":{"line":749,"column":85}},"327":{"start":{"line":755,"column":2},"end":{"line":767,"column":4}},"328":{"start":{"line":756,"column":4},"end":{"line":765,"column":6}},"329":{"start":{"line":766,"column":4},"end":{"line":766,"column":80}},"330":{"start":{"line":776,"column":2},"end":{"line":824,"column":4}},"331":{"start":{"line":777,"column":4},"end":{"line":792,"column":7}},"332":{"start":{"line":780,"column":8},"end":{"line":780,"column":62}},"333":{"start":{"line":785,"column":8},"end":{"line":785,"column":77}},"334":{"start":{"line":790,"column":8},"end":{"line":790,"column":58}},"335":{"start":{"line":793,"column":4},"end":{"line":823,"column":6}},"336":{"start":{"line":798,"column":12},"end":{"line":798,"column":36}},"337":{"start":{"line":812,"column":12},"end":{"line":812,"column":36}},"338":{"start":{"line":839,"column":0},"end":{"line":839,"column":43}},"339":{"start":{"line":840,"column":31},"end":{"line":840,"column":133}},"340":{"start":{"line":840,"column":106},"end":{"line":840,"column":129}},"341":{"start":{"line":841,"column":0},"end":{"line":841,"column":49}},"342":{"start":{"line":843,"column":0},"end":{"line":843,"column":50}},"343":{"start":{"line":845,"column":0},"end":{"line":941,"column":4}},"344":{"start":{"line":848,"column":2},"end":{"line":850,"column":3}},"345":{"start":{"line":849,"column":4},"end":{"line":849,"column":96}},"346":{"start":{"line":852,"column":2},"end":{"line":873,"column":4}},"347":{"start":{"line":853,"column":4},"end":{"line":855,"column":5}},"348":{"start":{"line":854,"column":6},"end":{"line":854,"column":23}},"349":{"start":{"line":857,"column":4},"end":{"line":861,"column":6}},"350":{"start":{"line":858,"column":6},"end":{"line":860,"column":9}},"351":{"start":{"line":863,"column":4},"end":{"line":867,"column":6}},"352":{"start":{"line":864,"column":6},"end":{"line":866,"column":8}},"353":{"start":{"line":865,"column":8},"end":{"line":865,"column":17}},"354":{"start":{"line":869,"column":4},"end":{"line":871,"column":14}},"355":{"start":{"line":870,"column":6},"end":{"line":870,"column":15}},"356":{"start":{"line":872,"column":4},"end":{"line":872,"column":80}},"357":{"start":{"line":876,"column":2},"end":{"line":880,"column":4}},"358":{"start":{"line":877,"column":4},"end":{"line":877,"column":36}},"359":{"start":{"line":878,"column":4},"end":{"line":878,"column":41}},"360":{"start":{"line":879,"column":4},"end":{"line":879,"column":14}},"361":{"start":{"line":882,"column":2},"end":{"line":898,"column":4}},"362":{"start":{"line":883,"column":4},"end":{"line":885,"column":6}},"363":{"start":{"line":884,"column":6},"end":{"line":884,"column":38}},"364":{"start":{"line":887,"column":4},"end":{"line":887,"column":103}},"365":{"start":{"line":889,"column":4},"end":{"line":891,"column":6}},"366":{"start":{"line":890,"column":6},"end":{"line":890,"column":166}},"367":{"start":{"line":893,"column":4},"end":{"line":895,"column":5}},"368":{"start":{"line":894,"column":6},"end":{"line":894,"column":19}},"369":{"start":{"line":897,"column":4},"end":{"line":897,"column":23}},"370":{"start":{"line":900,"column":2},"end":{"line":923,"column":4}},"371":{"start":{"line":901,"column":4},"end":{"line":906,"column":6}},"372":{"start":{"line":902,"column":6},"end":{"line":905,"column":8}},"373":{"start":{"line":903,"column":8},"end":{"line":903,"column":34}},"374":{"start":{"line":904,"column":8},"end":{"line":904,"column":17}},"375":{"start":{"line":908,"column":4},"end":{"line":908,"column":28}},"376":{"start":{"line":910,"column":4},"end":{"line":919,"column":6}},"377":{"start":{"line":911,"column":6},"end":{"line":918,"column":8}},"378":{"start":{"line":913,"column":10},"end":{"line":913,"column":31}},"379":{"start":{"line":916,"column":10},"end":{"line":916,"column":38}},"380":{"start":{"line":921,"column":4},"end":{"line":921,"column":44}},"381":{"start":{"line":922,"column":4},"end":{"line":922,"column":121}},"382":{"start":{"line":925,"column":2},"end":{"line":938,"column":4}},"383":{"start":{"line":926,"column":4},"end":{"line":926,"column":46}},"384":{"start":{"line":927,"column":4},"end":{"line":927,"column":17}},"385":{"start":{"line":929,"column":4},"end":{"line":932,"column":6}},"386":{"start":{"line":930,"column":6},"end":{"line":930,"column":53}},"387":{"start":{"line":931,"column":6},"end":{"line":931,"column":65}},"388":{"start":{"line":934,"column":4},"end":{"line":934,"column":50}},"389":{"start":{"line":937,"column":4},"end":{"line":937,"column":15}},"390":{"start":{"line":940,"column":2},"end":{"line":940,"column":25}},"391":{"start":{"line":953,"column":0},"end":{"line":953,"column":43}},"392":{"start":{"line":954,"column":31},"end":{"line":954,"column":121}},"393":{"start":{"line":954,"column":100},"end":{"line":954,"column":117}},"394":{"start":{"line":955,"column":0},"end":{"line":958,"column":1}},"395":{"start":{"line":956,"column":2},"end":{"line":956,"column":53}},"396":{"start":{"line":957,"column":2},"end":{"line":957,"column":143}},"397":{"start":{"line":960,"column":0},"end":{"line":962,"column":1}},"398":{"start":{"line":961,"column":2},"end":{"line":961,"column":38}},"399":{"start":{"line":964,"column":0},"end":{"line":967,"column":1}},"400":{"start":{"line":965,"column":2},"end":{"line":965,"column":64}},"401":{"start":{"line":966,"column":2},"end":{"line":966,"column":107}},"402":{"start":{"line":969,"column":0},"end":{"line":981,"column":1}},"403":{"start":{"line":970,"column":2},"end":{"line":970,"column":35}},"404":{"start":{"line":971,"column":2},"end":{"line":979,"column":5}},"405":{"start":{"line":972,"column":4},"end":{"line":978,"column":5}},"406":{"start":{"line":973,"column":6},"end":{"line":973,"column":60}},"407":{"start":{"line":974,"column":11},"end":{"line":978,"column":5}},"408":{"start":{"line":975,"column":6},"end":{"line":975,"column":64}},"409":{"start":{"line":976,"column":11},"end":{"line":978,"column":5}},"410":{"start":{"line":977,"column":6},"end":{"line":977,"column":61}},"411":{"start":{"line":980,"column":2},"end":{"line":980,"column":21}},"412":{"start":{"line":983,"column":0},"end":{"line":1000,"column":1}},"413":{"start":{"line":984,"column":2},"end":{"line":984,"column":23}},"414":{"start":{"line":986,"column":2},"end":{"line":990,"column":3}},"415":{"start":{"line":987,"column":4},"end":{"line":989,"column":7}},"416":{"start":{"line":988,"column":6},"end":{"line":988,"column":72}},"417":{"start":{"line":992,"column":2},"end":{"line":998,"column":5}},"418":{"start":{"line":993,"column":4},"end":{"line":997,"column":5}},"419":{"start":{"line":994,"column":6},"end":{"line":994,"column":72}},"420":{"start":{"line":996,"column":6},"end":{"line":996,"column":78}},"421":{"start":{"line":999,"column":2},"end":{"line":999,"column":21}},"422":{"start":{"line":1002,"column":0},"end":{"line":1014,"column":1}},"423":{"start":{"line":1003,"column":2},"end":{"line":1003,"column":36}},"424":{"start":{"line":1004,"column":2},"end":{"line":1006,"column":4}},"425":{"start":{"line":1007,"column":2},"end":{"line":1007,"column":59}},"426":{"start":{"line":1009,"column":2},"end":{"line":1013,"column":3}},"427":{"start":{"line":1010,"column":4},"end":{"line":1010,"column":123}},"428":{"start":{"line":1012,"column":4},"end":{"line":1012,"column":56}},"429":{"start":{"line":1016,"column":0},"end":{"line":1025,"column":2}},"430":{"start":{"line":1017,"column":2},"end":{"line":1019,"column":3}},"431":{"start":{"line":1018,"column":4},"end":{"line":1018,"column":84}},"432":{"start":{"line":1022,"column":2},"end":{"line":1024,"column":5}},"433":{"start":{"line":1023,"column":4},"end":{"line":1023,"column":50}},"434":{"start":{"line":1039,"column":0},"end":{"line":1039,"column":43}},"435":{"start":{"line":1040,"column":31},"end":{"line":1040,"column":139}},"436":{"start":{"line":1040,"column":109},"end":{"line":1040,"column":135}},"437":{"start":{"line":1041,"column":31},"end":{"line":1041,"column":131}},"438":{"start":{"line":1041,"column":105},"end":{"line":1041,"column":127}},"439":{"start":{"line":1042,"column":31},"end":{"line":1042,"column":137}},"440":{"start":{"line":1042,"column":108},"end":{"line":1042,"column":133}},"441":{"start":{"line":1043,"column":31},"end":{"line":1043,"column":147}},"442":{"start":{"line":1043,"column":113},"end":{"line":1043,"column":143}},"443":{"start":{"line":1044,"column":31},"end":{"line":1044,"column":141}},"444":{"start":{"line":1044,"column":110},"end":{"line":1044,"column":137}},"445":{"start":{"line":1045,"column":31},"end":{"line":1045,"column":153}},"446":{"start":{"line":1045,"column":116},"end":{"line":1045,"column":149}},"447":{"start":{"line":1046,"column":31},"end":{"line":1046,"column":113}},"448":{"start":{"line":1046,"column":96},"end":{"line":1046,"column":109}},"449":{"start":{"line":1047,"column":31},"end":{"line":1047,"column":129}},"450":{"start":{"line":1047,"column":104},"end":{"line":1047,"column":125}},"451":{"start":{"line":1048,"column":31},"end":{"line":1048,"column":151}},"452":{"start":{"line":1048,"column":115},"end":{"line":1048,"column":147}},"453":{"start":{"line":1049,"column":31},"end":{"line":1049,"column":137}},"454":{"start":{"line":1049,"column":108},"end":{"line":1049,"column":133}},"455":{"start":{"line":1050,"column":31},"end":{"line":1050,"column":151}},"456":{"start":{"line":1050,"column":115},"end":{"line":1050,"column":147}},"457":{"start":{"line":1051,"column":31},"end":{"line":1051,"column":117}},"458":{"start":{"line":1051,"column":98},"end":{"line":1051,"column":113}},"459":{"start":{"line":1052,"column":31},"end":{"line":1052,"column":131}},"460":{"start":{"line":1052,"column":105},"end":{"line":1052,"column":127}},"461":{"start":{"line":1053,"column":31},"end":{"line":1053,"column":131}},"462":{"start":{"line":1053,"column":105},"end":{"line":1053,"column":127}},"463":{"start":{"line":1054,"column":31},"end":{"line":1054,"column":129}},"464":{"start":{"line":1054,"column":104},"end":{"line":1054,"column":125}},"465":{"start":{"line":1055,"column":31},"end":{"line":1055,"column":123}},"466":{"start":{"line":1055,"column":101},"end":{"line":1055,"column":119}},"467":{"start":{"line":1056,"column":31},"end":{"line":1056,"column":113}},"468":{"start":{"line":1056,"column":96},"end":{"line":1056,"column":109}},"469":{"start":{"line":1057,"column":31},"end":{"line":1057,"column":111}},"470":{"start":{"line":1057,"column":95},"end":{"line":1057,"column":107}},"471":{"start":{"line":1058,"column":31},"end":{"line":1058,"column":127}},"472":{"start":{"line":1058,"column":103},"end":{"line":1058,"column":123}},"473":{"start":{"line":1059,"column":31},"end":{"line":1059,"column":121}},"474":{"start":{"line":1059,"column":100},"end":{"line":1059,"column":117}},"475":{"start":{"line":1060,"column":31},"end":{"line":1060,"column":133}},"476":{"start":{"line":1060,"column":106},"end":{"line":1060,"column":129}},"477":{"start":{"line":1061,"column":31},"end":{"line":1061,"column":129}},"478":{"start":{"line":1061,"column":104},"end":{"line":1061,"column":125}},"479":{"start":{"line":1062,"column":31},"end":{"line":1062,"column":125}},"480":{"start":{"line":1062,"column":102},"end":{"line":1062,"column":121}},"481":{"start":{"line":1063,"column":31},"end":{"line":1063,"column":151}},"482":{"start":{"line":1063,"column":115},"end":{"line":1063,"column":147}},"483":{"start":{"line":1064,"column":0},"end":{"line":1064,"column":23}},"484":{"start":{"line":1066,"column":0},"end":{"line":1066,"column":50}},"485":{"start":{"line":1068,"column":0},"end":{"line":1073,"column":2}},"486":{"start":{"line":1069,"column":2},"end":{"line":1069,"column":59}},"487":{"start":{"line":1071,"column":2},"end":{"line":1071,"column":47}},"488":{"start":{"line":1072,"column":2},"end":{"line":1072,"column":22}},"489":{"start":{"line":1075,"column":0},"end":{"line":1083,"column":2}},"490":{"start":{"line":1076,"column":2},"end":{"line":1078,"column":3}},"491":{"start":{"line":1077,"column":4},"end":{"line":1077,"column":32}},"492":{"start":{"line":1080,"column":2},"end":{"line":1080,"column":39}},"493":{"start":{"line":1081,"column":2},"end":{"line":1081,"column":27}},"494":{"start":{"line":1082,"column":2},"end":{"line":1082,"column":69}},"495":{"start":{"line":1085,"column":0},"end":{"line":1094,"column":2}},"496":{"start":{"line":1086,"column":2},"end":{"line":1086,"column":15}},"497":{"start":{"line":1088,"column":2},"end":{"line":1090,"column":4}},"498":{"start":{"line":1089,"column":4},"end":{"line":1089,"column":23}},"499":{"start":{"line":1092,"column":2},"end":{"line":1092,"column":31}},"500":{"start":{"line":1093,"column":2},"end":{"line":1093,"column":13}},"501":{"start":{"line":1096,"column":0
[...]
:19}},"178":{"start":{"line":300,"column":4},"end":{"line":302,"column":5}},"179":{"start":{"line":301,"column":6},"end":{"line":301,"column":26}},"180":{"start":{"line":304,"column":4},"end":{"line":304,"column":43}},"181":{"start":{"line":308,"column":2},"end":{"line":308,"column":75}},"182":{"start":{"line":309,"column":2},"end":{"line":309,"column":65}},"183":{"start":{"line":310,"column":2},"end":{"line":310,"column":70}},"184":{"start":{"line":312,"column":2},"end":{"line":312,"column":90}},"185":{"start":{"line":313,"column":2},"end":{"line":313,"column":75}},"186":{"start":{"line":314,"column":2},"end":{"line":314,"column":52}},"187":{"start":{"line":315,"column":2},"end":{"line":319,"column":4}},"188":{"start":{"line":323,"column":0},"end":{"line":325,"column":2}},"189":{"start":{"line":324,"column":2},"end":{"line":324,"column":41}},"190":{"start":{"line":327,"column":0},"end":{"line":327,"column":38}},"191":{"start":{"line":329,"column":0},"end":{"line":331,"column":2}},"192":{"start":{"line":330,"column":2},"end":{"line":330,"column":42}},"193":{"start":{"line":333,"column":0},"end":{"line":335,"column":2}},"194":{"start":{"line":334,"column":2},"end":{"line":334,"column":41}},"195":{"start":{"line":337,"column":0},"end":{"line":339,"column":2}},"196":{"start":{"line":338,"column":2},"end":{"line":338,"column":36}},"197":{"start":{"line":341,"column":0},"end":{"line":343,"column":2}},"198":{"start":{"line":342,"column":2},"end":{"line":342,"column":36}},"199":{"start":{"line":345,"column":0},"end":{"line":347,"column":2}},"200":{"start":{"line":346,"column":2},"end":{"line":346,"column":84}},"201":{"start":{"line":349,"column":0},"end":{"line":351,"column":2}},"202":{"start":{"line":350,"column":2},"end":{"line":350,"column":90}},"203":{"start":{"line":353,"column":0},"end":{"line":355,"column":2}},"204":{"start":{"line":354,"column":2},"end":{"line":354,"column":97}},"205":{"start":{"line":369,"column":0},"end":{"line":369,"column":43}},"206":{"start":{"line":370,"column":31},"end":{"line":370,"column":139}},"207":{"start":{"line":370,"column":109},"end":{"line":370,"column":135}},"208":{"start":{"line":371,"column":21},"end":{"line":371,"column":153}},"209":{"start":{"line":374,"column":0},"end":{"line":374,"column":50}},"210":{"start":{"line":376,"column":0},"end":{"line":427,"column":4}},"211":{"start":{"line":379,"column":2},"end":{"line":382,"column":3}},"212":{"start":{"line":380,"column":4},"end":{"line":380,"column":45}},"213":{"start":{"line":381,"column":4},"end":{"line":381,"column":105}},"214":{"start":{"line":384,"column":2},"end":{"line":384,"column":44}},"215":{"start":{"line":386,"column":2},"end":{"line":388,"column":4}},"216":{"start":{"line":387,"column":4},"end":{"line":387,"column":22}},"217":{"start":{"line":390,"column":2},"end":{"line":392,"column":4}},"218":{"start":{"line":391,"column":4},"end":{"line":391,"column":113}},"219":{"start":{"line":394,"column":2},"end":{"line":418,"column":4}},"220":{"start":{"line":395,"column":4},"end":{"line":395,"column":21}},"221":{"start":{"line":397,"column":4},"end":{"line":412,"column":6}},"222":{"start":{"line":398,"column":6},"end":{"line":400,"column":7}},"223":{"start":{"line":399,"column":8},"end":{"line":399,"column":25}},"224":{"start":{"line":402,"column":6},"end":{"line":404,"column":8}},"225":{"start":{"line":403,"column":8},"end":{"line":403,"column":54}},"226":{"start":{"line":406,"column":6},"end":{"line":406,"column":74}},"227":{"start":{"line":407,"column":6},"end":{"line":407,"column":53}},"228":{"start":{"line":409,"column":6},"end":{"line":411,"column":7}},"229":{"start":{"line":410,"column":8},"end":{"line":410,"column":23}},"230":{"start":{"line":414,"column":4},"end":{"line":414,"column":63}},"231":{"start":{"line":415,"column":4},"end":{"line":415,"column":68}},"232":{"start":{"line":416,"column":4},"end":{"line":416,"column":77}},"233":{"start":{"line":417,"column":4},"end":{"line":417,"column":65}},"234":{"start":{"line":420,"column":2},"end":{"line":424,"column":4}},"235":{"start":{"line":421,"column":4},"end":{"line":421,"column":47}},"236":{"start":{"line":423,"column":4},"end":{"line":423,"column":65}},"237":{"start":{"line":426,"column":2},"end":{"line":426,"column":28}},"238":{"start":{"line":439,"column":0},"end":{"line":439,"column":43}},"239":{"start":{"line":440,"column":31},"end":{"line":440,"column":119}},"240":{"start":{"line":440,"column":99},"end":{"line":440,"column":115}},"241":{"start":{"line":441,"column":21},"end":{"line":441,"column":201}},"242":{"start":{"line":442,"column":0},"end":{"line":442,"column":183}},"243":{"start":{"line":442,"column":48},"end":{"line":442,"column":105}},"244":{"start":{"line":442,"column":106},"end":{"line":442,"column":148}},"245":{"start":{"line":442,"column":149},"end":{"line":442,"column":181}},"246":{"start":{"line":445,"column":0},"end":{"line":471,"column":88}},"247":{"start":{"line":448,"column":2},"end":{"line":448,"column":48}},"248":{"start":{"line":450,"column":2},"end":{"line":456,"column":3}},"249":{"start":{"line":451,"column":4},"end":{"line":451,"column":14}},"250":{"start":{"line":453,"column":4},"end":{"line":453,"column":60}},"251":{"start":{"line":454,"column":4},"end":{"line":454,"column":24}},"252":{"start":{"line":455,"column":4},"end":{"line":455,"column":17}},"253":{"start":{"line":458,"column":2},"end":{"line":458,"column":34}},"254":{"start":{"line":460,"column":2},"end":{"line":460,"column":57}},"255":{"start":{"line":462,"column":2},"end":{"line":464,"column":4}},"256":{"start":{"line":463,"column":4},"end":{"line":463,"column":33}},"257":{"start":{"line":466,"column":2},"end":{"line":468,"column":4}},"258":{"start":{"line":467,"column":4},"end":{"line":467,"column":33}},"259":{"start":{"line":470,"column":2},"end":{"line":470,"column":18}},"260":{"start":{"line":483,"column":0},"end":{"line":483,"column":43}},"261":{"start":{"line":484,"column":21},"end":{"line":484,"column":165}},"262":{"start":{"line":491,"column":0},"end":{"line":513,"column":4}},"263":{"start":{"line":494,"column":2},"end":{"line":499,"column":3}},"264":{"start":{"line":495,"column":4},"end":{"line":497,"column":6}},"265":{"start":{"line":498,"column":4},"end":{"line":498,"column":24}},"266":{"start":{"line":501,"column":2},"end":{"line":501,"column":33}},"267":{"start":{"line":503,"column":2},"end":{"line":506,"column":4}},"268":{"start":{"line":504,"column":4},"end":{"line":504,"column":92}},"269":{"start":{"line":505,"column":4},"end":{"line":505,"column":35}},"270":{"start":{"line":508,"column":2},"end":{"line":508,"column":49}},"271":{"start":{"line":510,"column":2},"end":{"line":510,"column":45}},"272":{"start":{"line":512,"column":2},"end":{"line":512,"column":17}},"273":{"start":{"line":515,"column":0},"end":{"line":527,"column":3}},"274":{"start":{"line":516,"column":2},"end":{"line":516,"column":31}},"275":{"start":{"line":517,"column":2},"end":{"line":521,"column":5}},"276":{"start":{"line":520,"column":4},"end":{"line":520,"column":16}},"277":{"start":{"line":522,"column":2},"end":{"line":526,"column":5}},"278":{"start":{"line":525,"column":4},"end":{"line":525,"column":16}},"279":{"start":{"line":538,"column":0},"end":{"line":538,"column":51}}},"branchMap":{"1":{"line":2,"type":"if","locations":[{"start":{"line":2,"column":1},"end":{"line":2,"column":1}},{"start":{"line":2,"column":1},"end":{"line":2,"column":1}}]},"2":{"line":2,"type":"binary-expr","locations":[{"start":{"line":2,"column":4},"end":{"line":2,"column":31}},{"start":{"line":2,"column":35},"end":{"line":2,"column":61}}]},"3":{"line":4,"type":"if","locations":[{"start":{"line":4,"column":6},"end":{"line":4,"column":6}},{"start":{"line":4,"column":6},"end":{"line":4,"column":6}}]},"4":{"line":4,"type":"binary-expr","locations":[{"start":{"line":4,"column":9},"end":{"line":4,"column":37}},{"start":{"line":4,"column":41},"end":{"line":4,"column":51}}]},"5":{"line":6,"type":"if","locations":[{"start":{"line":6,"column":6},"end":{"line":6,"column":6}},{"start":{"line":6,"column":6},"end":{"line":6,"column":6}}]},"6":{"line":19,"type":"if","locations":[{"start":{"line":19,"column":11},"end":{"line":19,"column":11}},{"start":{"line":19,"column":11},"end":{"line":19,"column":11}}]},"7":{"line":48,"type":"if","locations":[{"start":{"line":48,"column":11},"end":{"line":48,"column":11}},{"start":{"line":48,"column":11},"end":{"line":48,"column":11}}]},"8":{"line":64,"type":"cond-expr","locations":[{"start":{"line":65,"column":12},"end":{"line":65,"column":63}},{"start":{"line":66,"column":12},"end":{"line":66,"column":58}}]},"9":{"line":64,"type":"binary-expr","locations":[{"start":{"line":64,"column":24},"end":{"line":64,"column":30}},{"start":{"line":64,"column":34},"end":{"line":64,"column":51}}]},"10":{"line":129,"type":"if","locations":[{"start":{"line":129,"column":2},"end":{"line":129,"column":2}},{"start":{"line":129,"column":2},"end":{"line":129,"column":2}}]},"11":{"line":150,"type":"if","locations":[{"start":{"line":150,"column":2},"end":{"line":150,"column":2}},{"start":{"line":150,"column":2},"end":{"line":150,"column":2}}]},"12":{"line":171,"type":"if","locations":[{"start":{"line":171,"column":2},"end":{"line":171,"column":2}},{"start":{"line":171,"column":2},"end":{"line":171,"column":2}}]},"13":{"line":191,"type":"if","locations":[{"start":{"line":191,"column":4},"end":{"line":191,"column":4}},{"start":{"line":191,"column":4},"end":{"line":191,"column":4}}]},"14":{"line":239,"type":"cond-expr","locations":[{"start":{"line":239,"column":17},"end":{"line":239,"column":23}},{"start":{"line":239,"column":26},"end":{"line":239,"column":29}}]},"15":{"line":264,"type":"cond-expr","locations":[{"start":{"line":264,"column":22},"end":{"line":264,"column":30}},{"start":{"line":264,"column":33},"end":{"line":264,"column":43}}]},"16":{"line":268,"type":"if","locations":[{"start":{"line":268,"column":2},"end":{"line":268,"column":2}},{"start":{"line":268,"column":2},"end":{"line":268,"column":2}}]},"17":{"line":273,"type":"cond-expr","locations":[{"start":{"line":273,"column":17},"end":{"line":273,"column":29}},{"start":{"line":273,"column":32},"end":{"line":273,"column":43}}]},"18":{"line":287,"type":"if","locations":[{"start":{"line":287,"column":2},"end":{"line":287,"column":2}},{"start":{"line":287,"column":2},"end":{"line":287,"column":2}}]},"19":{"line":291,"type":"if","locations":[{"start":{"line":291,"column":2},"end":{"line":291,"column":2}},{"start":{"line":291,"column":2},"end":{"line":291,"column":2}}]},"20":{"line":296,"type":"if","locations":[{"start":{"line":296,"column":4},"end":{"line":296,"column":4}},{"start":{"line":296,"column":4},"end":{"line":296,"column":4}}]},"21":{"line":300,"type":"if","locations":[{"start":{"line":300,"column":4},"end":{"line":300,"column":4}},{"start":{"line":300,"column":4},"end":{"line":300,"column":4}}]},"22":{"line":398,"type":"if","locations":[{"start":{"line":398,"column":6},"end":{"line":398,"column":6}},{"start":{"line":398,"column":6},"end":{"line":398,"column":6}}]},"23":{"line":406,"type":"cond-expr","locations":[{"start":{"line":406,"column":48},"end":{"line":406,"column":65}},{"start":{"line":406,"column":68},"end":{"line":406,"column":73}}]},"24":{"line":409,"type":"if","locations":[{"start":{"line":409,"column":6},"end":{"line":409,"column":6}},{"start":{"line":409,"column":6},"end":{"line":409,"column":6}}]},"25":{"line":453,"type":"binary-expr","locations":[{"start":{"line":453,"column":12},"end":{"line":453,"column":51}},{"start":{"line":453,"column":55},"end":{"line":453,"column":59}}]}},"l":{"1":1,"2":1,"3":0,"4":1,"5":0,"6":1,"7":0,"9":1,"11":1,"13":1,"16":1,"19":6,"20":1,"23":5,"30":5,"33":5,"36":5,"41":1,"44":1,"47":1,"48":26,"49":26,"58":1,"59":4,"63":1,"64":0,"65":0,"66":0,"67":0,"68":0,"72":26,"75":1,"79":1,"92":1,"93":1,"94":1,"95":1,"96":1,"97":1,"98":1,"99":1,"100":1,"101":1,"102":1,"103":1,"104":1,"105":1,"106":1,"107":1,"108":1,"109":1,"110":1,"111":1,"112":1,"113":1,"114":1,"115":1,"116":1,"117":1,"119":1,"121":1,"122":0,"124":0,"125":0,"128":1,"129":0,"130":0,"133":0,"134":0,"135":0,"138":1,"139":0,"141":0,"142":0,"145":0,"146":0,"149":1,"150":0,"151":0,"154":0,"155":0,"158":0,"159":0,"160":0,"161":0,"163":0,"165":0,"167":0,"170":1,"171":0,"172":0,"175":0,"176":0,"179":0,"180":0,"183":1,"184":0,"185":0,"186":0,"188":0,"189":0,"191":0,"192":0,"193":0,"197":0,"200":1,"201":0,"203":0,"204":0,"207":0,"211":1,"213":0,"216":0,"219":0,"223":1,"224":0,"226":0,"229":0,"232":0,"237":1,"238":0,"239":0,"242":1,"243":0,"245":0,"248":0,"251":0,"256":1,"257":0,"258":0,"259":0,"260":0,"263":1,"264":0,"267":1,"268":0,"269":0,"272":0,"273":0,"276":1,"277":0,"278":0,"279":0,"280":0,"286":1,"287":1,"288":0,"291":1,"292":0,"295":1,"296":1,"297":0,"300":1,"301":1,"304":1,"308":1,"309":1,"310":1,"312":1,"313":1,"314":1,"315":1,"323":1,"324":0,"327":1,"329":1,"330":0,"333":1,"334":0,"337":1,"338":0,"341":1,"342":0,"345":1,"346":0,"349":1,"350":0,"353":1,"354":0,"369":1,"370":1,"371":1,"374":1,"376":1,"379":1,"380":1,"381":1,"384":1,"386":1,"387":1,"390":1,"391":1,"394":1,"395":1,"397":1,"398":3,"399":2,"402":3,"403":3,"406":3,"407":3,"409":3,"410":3,"414":1,"415":1,"416":1,"417":1,"420":1,"421":1,"423":1,"426":1,"439":1,"440":1,"441":1,"442":1,"445":1,"448":1,"450":1,"451":1,"453":1,"454":1,"455":1,"458":1,"460":1,"462":1,"463":0,"466":1,"467":0,"470":1,"483":1,"484":1,"491":1,"494":1,"495":1,"498":1,"501":1,"503":1,"504":1,"505":1,"508":1,"510":1,"512":1,"515":1,"516":1,"517":1,"520":1,"522":1,"525":1,"538":1}},
"/Users/frankbatista/sites/spyne/src/tests/views/view-stream.test.js":{"path":"/Users/frankbatista/sites/spyne/src/tests/views/view-stream.test.js","s":{"1":1,"2":1,"3":0,"4":1,"5":0,"6":1,"7":0,"8":1,"9":1,"10":1,"11":1,"12":1,"13":0,"14":1,"15":1,"16":1,"17":1,"18":1,"19":1,"20":1,"21":0,"22":0,"23":1,"24":0,"25":1,"26":0,"27":0,"28":0,"29":0,"30":0,"31":1,"32":0,"33":1,"34":1,"35":1,"36":1,"37":1,"38":1},"b":{"1":[0,1],"2":[1,0],"3":[0,1],"4":[1,0],"5":[0,1],"6":[0,1],"7":[0,0],"8":[0,0],"9":[0,0]},"f":{"1":1,"2":1,"3":1,"4":1,"5":0,"6":0,"7":0,"8":0,"9":0,"10":0,"11":1,"12":1,"13":1},"fnMap":{"1":{"name":"webpackUniversalModuleDefinition","line":1,"loc":{"start":{"line":1,"column":1},"end":{"line":1,"column":58}}},"2":{"name":"(anonymous_2)","line":10,"loc":{"start":{"line":10,"column":11},"end":{"line":10,"column":22}}},"3":{"name":"(anonymous_3)","line":11,"loc":{"start":{"line":11,"column":17},"end":{"line":11,"column":35}}},"4":{"name":"__webpack_require__","line":16,"loc":{"start":{"line":16,"column":10},"end":{"line":16,"column":49}}},"5":{"name":"(anonymous_5)","line":47,"loc":{"start":{"line":47,"column":34},"end":{"line":47,"column":66}}},"6":{"name":"(anonymous_6)","line":58,"loc":{"start":{"line":58,"column":34},"end":{"line":58,"column":52}}},"7":{"name":"(anonymous_7)","line":63,"loc":{"start":{"line":63,"column":34},"end":{"line":63,"column":51}}},"8":{"name":"getDefault","line":65,"loc":{"start":{"line":65,"column":12},"end":{"line":65,"column":34}}},"9":{"name":"getModuleExports","line":66,"loc":{"start":{"line":66,"column":12},"end":{"line":66,"column":40}}},"10":{"name":"(anonymous_10)","line":72,"loc":{"start":{"line":72,"column":34},"end":{"line":72,"column":61}}},"11":{"name":"(anonymous_11)","line":89,"loc":{"start":{"line":89,"column":7},"end":{"line":89,"column":33}}},"12":{"name":"(anonymous_12)","line":93,"loc":{"start":{"line":93,"column":29},"end":{"line":93,"column":41}}},"13":{"name":"(anonymous_13)","line":94,"loc":{"start":{"line":94,"column":47},"end":{"line":94,"column":59}}}},"statementMap":{"1":{"start":{"line":1,"column":0},"end":{"line":103,"column":3}},"2":{"start":{"line":2,"column":1},"end":{"line":9,"column":28}},"3":{"start":{"line":3,"column":2},"end":{"line":3,"column":29}},"4":{"start":{"line":4,"column":6},"end":{"line":9,"column":28}},"5":{"start":{"line":5,"column":2},"end":{"line":5,"column":31}},"6":{"start":{"line":6,"column":6},"end":{"line":9,"column":28}},"7":{"start":{"line":7,"column":2},"end":{"line":7,"column":31}},"8":{"start":{"line":9,"column":2},"end":{"line":9,"column":28}},"9":{"start":{"line":11,"column":0},"end":{"line":102,"column":12}},"10":{"start":{"line":13,"column":10},"end":{"line":13,"column":36}},"11":{"start":{"line":16,"column":10},"end":{"line":37,"column":11}},"12":{"start":{"line":19,"column":11},"end":{"line":21,"column":12}},"13":{"start":{"line":20,"column":12},"end":{"line":20,"column":54}},"14":{"start":{"line":23,"column":11},"end":{"line":27,"column":13}},"15":{"start":{"line":30,"column":11},"end":{"line":30,"column":95}},"16":{"start":{"line":33,"column":11},"end":{"line":33,"column":27}},"17":{"start":{"line":36,"column":11},"end":{"line":36,"column":33}},"18":{"start":{"line":41,"column":10},"end":{"line":41,"column":42}},"19":{"start":{"line":44,"column":10},"end":{"line":44,"column":51}},"20":{"start":{"line":47,"column":10},"end":{"line":55,"column":12}},"21":{"start":{"line":48,"column":11},"end":{"line":54,"column":12}},"22":{"start":{"line":49,"column":12},"end":{"line":53,"column":15}},"23":{"start":{"line":58,"column":10},"end":{"line":60,"column":12}},"24":{"start":{"line":59,"column":11},"end":{"line":59,"column":73}},"25":{"start":{"line":63,"column":10},"end":{"line":69,"column":12}},"26":{"start":{"line":64,"column":11},"end":{"line":66,"column":59}},"27":{"start":{"line":65,"column":36},"end":{"line":65,"column":61}},"28":{"start":{"line":66,"column":42},"end":{"line":66,"column":56}},"29":{"start":{"line":67,"column":11},"end":{"line":67,"column":54}},"30":{"start":{"line":68,"column":11},"end":{"line":68,"column":25}},"31":{"start":{"line":72,"column":10},"end":{"line":72,"column":128}},"32":{"start":{"line":72,"column":63},"end":{"line":72,"column":125}},"33":{"start":{"line":75,"column":10},"end":{"line":75,"column":102}},"34":{"start":{"line":79,"column":10},"end":{"line":79,"column":102}},"35":{"start":{"line":93,"column":0},"end":{"line":98,"column":3}},"36":{"start":{"line":94,"column":2},"end":{"line":97,"column":5}},"37":{"start":{"line":95,"column":4},"end":{"line":95,"column":32}},"38":{"start":{"line":96,"column":4},"end":{"line":96,"column":30}}},"branchMap":{"1":{"line":2,"type":"if","locations":[{"start":{"line":2,"column":1},"end":{"line":2,"column":1}},{"start":{"line":2,"column":1},"end":{"line":2,"column":1}}]},"2":{"line":2,"type":"binary-expr","locations":[{"start":{"line":2,"column":4},"end":{"line":2,"column":31}},{"start":{"line":2,"column":35},"end":{"line":2,"column":61}}]},"3":{"line":4,"type":"if","locations":[{"start":{"line":4,"column":6},"end":{"line":4,"column":6}},{"start":{"line":4,"column":6},"end":{"line":4,"column":6}}]},"4":{"line":4,"type":"binary-expr","locations":[{"start":{"line":4,"column":9},"end":{"line":4,"column":37}},{"start":{"line":4,"column":41},"end":{"line":4,"column":51}}]},"5":{"line":6,"type":"if","locations":[{"start":{"line":6,"column":6},"end":{"line":6,"column":6}},{"start":{"line":6,"column":6},"end":{"line":6,"column":6}}]},"6":{"line":19,"type":"if","locations":[{"start":{"line":19,"column":11},"end":{"line":19,"column":11}},{"start":{"line":19,"column":11},"end":{"line":19,"column":11}}]},"7":{"line":48,"type":"if","locations":[{"start":{"line":48,"column":11},"end":{"line":48,"column":11}},{"start":{"line":48,"column":11},"end":{"line":48,"column":11}}]},"8":{"line":64,"type":"cond-expr","locations":[{"start":{"line":65,"column":12},"end":{"line":65,"column":63}},{"start":{"line":66,"column":12},"end":{"line":66,"column":58}}]},"9":{"line":64,"type":"binary-expr","locations":[{"start":{"line":64,"column":24},"end":{"line":64,"column":30}},{"start":{"line":64,"column":34},"end":{"line":64,"column":51}}]}},"l":{"1":1,"2":1,"3":0,"4":1,"5":0,"6":1,"7":0,"9":1,"11":1,"13":1,"16":1,"19":1,"20":0,"23":1,"30":1,"33":1,"36":1,"41":1,"44":1,"47":1,"48":0,"49":0,"58":1,"59":0,"63":1,"64":0,"65":0,"66":0,"67":0,"68":0,"72":1,"75":1,"79":1,"93":1,"94":1,"95":1,"96":1}}}
