TN:
SF:/Users/frankbatista/sites/spyne/src/tests/index.test.js
FN:1,webpackUniversalModuleDefinition
FN:10,(anonymous_2)
FN:11,(anonymous_3)
FN:16,__webpack_require__
FN:47,(anonymous_5)
FN:58,(anonymous_6)
FN:63,(anonymous_7)
FN:65,getDefault
FN:66,getModuleExports
FN:72,(anonymous_10)
FN:89,(anonymous_11)
FN:93,(anonymous_12)
FN:94,(anonymous_13)
FN:95,(anonymous_14)
FN:96,createElement
FN:103,setData
FN:110,addAttributes
FN:123,(anonymous_18)
FN:154,(anonymous_19)
FN:155,(anonymous_20)
FN:167,(anonymous_21)
FN:168,(anonymous_22)
FNF:22
FNH:15
FNDA:1,webpackUniversalModuleDefinition
FNDA:1,(anonymous_2)
FNDA:1,(anonymous_3)
FNDA:2,__webpack_require__
FNDA:3,(anonymous_5)
FNDA:2,(anonymous_6)
FNDA:0,(anonymous_7)
FNDA:0,getDefault
FNDA:0,getModuleExports
FNDA:3,(anonymous_10)
FNDA:1,(anonymous_11)
FNDA:1,(anonymous_12)
FNDA:0,(anonymous_13)
FNDA:0,(anonymous_14)
FNDA:1,createElement
FNDA:0,setData
FNDA:0,addAttributes
FNDA:1,(anonymous_18)
FNDA:1,(anonymous_19)
FNDA:1,(anonymous_20)
FNDA:1,(anonymous_21)
FNDA:1,(anonymous_22)
DA:1,1
DA:2,1
DA:3,0
DA:4,1
DA:5,0
DA:6,1
DA:7,0
DA:9,1
DA:11,1
DA:13,1
DA:16,1
DA:19,2
DA:20,0
DA:23,2
DA:30,2
DA:33,2
DA:36,2
DA:41,1
DA:44,1
DA:47,1
DA:48,3
DA:49,3
DA:58,1
DA:59,2
DA:63,1
DA:64,0
DA:65,0
DA:66,0
DA:67,0
DA:68,0
DA:72,3
DA:75,1
DA:79,1
DA:92,1
DA:93,1
DA:94,1
DA:95,1
DA:96,1
DA:97,1
DA:98,0
DA:101,1
DA:103,1
DA:104,0
DA:105,0
DA:108,0
DA:110,1
DA:111,0
DA:112,0
DA:126,1
DA:127,1
DA:130,1
DA:154,1
DA:155,1
DA:156,1
DA:157,1
DA:167,1
DA:168,1
DA:170,1
LF:58
LH:43
BRDA:2,1,0,0
BRDA:2,1,1,1
BRDA:2,2,0,1
BRDA:2,2,1,0
BRDA:4,3,0,0
BRDA:4,3,1,1
BRDA:4,4,0,1
BRDA:4,4,1,0
BRDA:6,5,0,0
BRDA:6,5,1,1
BRDA:19,6,0,0
BRDA:19,6,1,2
BRDA:48,7,0,3
BRDA:48,7,1,0
BRDA:64,8,0,0
BRDA:64,8,1,0
BRDA:64,9,0,0
BRDA:64,9,1,0
BRDA:97,10,0,0
BRDA:97,10,1,1
BRDA:104,11,0,0
BRDA:104,11,1,0
BRDA:111,12,0,0
BRDA:111,12,1,0
BRF:24
BRH:8
end_of_record
TN:
SF:/Users/frankbatista/sites/spyne/src/tests/channels/channel-dom.test.js
FN:1,webpackUniversalModuleDefinition
FN:10,(anonymous_2)
FN:11,(anonymous_3)
FN:16,__webpack_require__
FN:47,(anonymous_5)
FN:58,(anonymous_6)
FN:63,(anonymous_7)
FN:65,getDefault
FN:66,getModuleExports
FN:72,(anonymous_10)
FN:89,(anonymous_11)
FN:93,(anonymous_12)
FN:98,(anonymous_13)
FN:99,ChannelStreamItem
FN:118,validateAction
FN:128,getLocationData
FN:133,getStreamItem
FN:135,getMouseEventKeys
FN:149,(anonymous_19)
FN:153,(anonymous_20)
FN:157,_inheritsLoose
FN:169,(anonymous_22)
FN:172,ChannelWindow
FN:186,initializeStream
FN:196,(anonymous_25)
FN:206,getScrollMapFn
FN:227,getMouseWheelMapFn
FN:248,createCurriedGenericEvent
FN:254,mapGenericEvent
FN:267,getResizeMapFn
FN:279,getOrientationMapFn
FN:294,getMediaQueryMapFn
FN:306,createMouseWheelObservable
FN:311,createScrollObservable
FN:312,skipWhenDirIsMissing
FN:320,createOrientationObservable
FN:325,createResizeObservable
FN:331,getEventsFromConfig
FN:338,addWindowEventToArr
FN:346,getActiveObservables
FN:366,addObservableToArr
FN:382,checkForMediaQueries
FN:385,sendMQStream
FN:399,getMediaQueryObservable
FN:406,addRegisteredActions
FN:410,bindStaticMethods
FN:425,(anonymous_47)
FN:429,(anonymous_48)
FN:433,_defineProperties
FN:435,_createClass
FN:448,(anonymous_51)
FN:449,ChannelsBase
FN:469,(anonymous_53)
FN:477,onStreamInitialized
FN:480,initializeStream
FN:484,setTrace
FN:486,createChannelActionsObj
FN:489,converter
FN:497,addRegisteredActions
FN:501,onIncomingObservable
FN:506,dataObj
FN:513,onSuccess
FN:517,onError
FN:522,onIncomingObserverableData
FN:524,sendStreamItem
FN:555,getChannel
FN:558,isValidChannel
FN:562,error
FN:566,startSubscribe
FN:574,addMixins
FN:587,get
FN:602,(anonymous_72)
FN:606,(anonymous_73)
FN:607,(anonymous_74)
FN:608,(anonymous_75)
FN:609,(anonymous_76)
FN:610,(anonymous_77)
FN:611,(anonymous_78)
FN:612,(anonymous_79)
FN:613,(anonymous_80)
FN:623,registeredStreamNames
FN:625,includes
FN:637,getRxType
FN:642,confirmObservable
FN:663,predicate
FN:669,predicate
FN:674,predicate
FN:691,uiValidations
FN:700,predicate
FN:705,predicate
FN:710,predicate
FN:715,predicate
FN:720,stepValidations
FN:725,stepDisposeValidations
FN:728,predicate
FN:735,stepUpdateValidations
FN:738,predicate
FN:748,lifestreamValidations
FN:755,routeValidations
FN:776,StreamsConfig
FN:779,predicate
FN:784,predicate
FN:789,predicate
FN:797,observable
FN:811,observable
FN:836,(anonymous_106)
FN:840,(anonymous_107)
FN:847,(anonymous_108)
FN:848,ChannelUtilsDom
FN:852,createDomObservableFromEvent
FN:857,addHandler
FN:863,removeHandler
FN:864,(anonymous_113)
FN:869,(anonymous_114)
FN:876,createMediaQuery
FN:882,checkIfValidMediaQuery
FN:883,noSpaces
FN:889,warnMsg
FN:900,createMediaQueryHandler
FN:901,keyFn
FN:902,(anonymous_121)
FN:910,handlers
FN:912,addHandler
FN:915,removeHandler
FN:916,(anonymous_125)
FN:925,createMergedObsFromObj
FN:929,loopQueries
FN:950,(anonymous_128)
FN:954,(anonymous_129)
FN:955,isMergeableObject
FN:960,emptyTarget
FN:964,cloneIfNecessary
FN:969,defaultArrayMerge
FN:971,(anonymous_134)
FN:983,mergeObject
FN:987,(anonymous_136)
FN:992,(anonymous_137)
FN:1002,deepMerge
FN:1016,deepmergeAll
FN:1022,(anonymous_140)
FN:1036,(anonymous_141)
FN:1040,(anonymous_142)
FN:1041,(anonymous_143)
FN:1042,(anonymous_144)
FN:1043,(anonymous_145)
FN:1044,(anonymous_146)
FN:1045,(anonymous_147)
FN:1046,(anonymous_148)
FN:1047,(anonymous_149)
FN:1048,(anonymous_150)
FN:1049,(anonymous_151)
FN:1050,(anonymous_152)
FN:1051,(anonymous_153)
FN:1052,(anonymous_154)
FN:1053,(anonymous_155)
FN:1054,(anonymous_156)
FN:1055,(anonymous_157)
FN:1056,(anonymous_158)
FN:1057,(anonymous_159)
FN:1058,(anonymous_160)
FN:1059,(anonymous_161)
FN:1060,(anonymous_162)
FN:1061,(anonymous_163)
FN:1062,(anonymous_164)
FN:1063,(anonymous_165)
FN:1068,isIOS
FN:1075,getConstructorName
FN:1085,arrFromMapKeys
FN:1088,addKeysToArr
FN:1096,findStrFromRegexArr
FN:1101,checkIfMatch
FN:1107,(anonymous_172)
FN:1109,(anonymous_173)
FN:1111,(anonymous_174)
FN:1117,findStrOrRegexMatchStr
FN:1122,createRe
FN:1130,closest
FN:1147,convertDomStringMapToObj
FN:1159,next
FN:1162,error
FN:1165,complete
FN:1170,right
FN:1172,map
FN:1175,fold
FN:1178,inspect
FN:1184,ifNilThenUpdate
FN:1189,left
FN:1191,map
FN:1194,fold
FN:1197,inspect
FN:1203,checkIfObjIsNotEmptyOrNil
FN:1210,fromNullable
FN:1214,findInObj
FN:1223,pullRouteInfo
FN:1233,getAllMethodNames
FN:1242,getPropNamesArr
FN:1270,removeSlashes
FN:1276,pullHashAndSlashFromPath
FN:1280,pullSlashFromPath
FN:1284,pullMainRoute
FN:1288,pullParams
FN:1292,pullTranslateX
FN:1296,pullTranslateY
FN:1300,pullTranslateYFromHeader
FN:1313,(anonymous_205)
FN:1322,(anonymous_206)
FN:1323,(anonymous_207)
FN:1324,(anonymous_208)
FN:1327,(anonymous_209)
FN:1330,(anonymous_210)
FN:1333,(anonymous_211)
FN:1336,(anonymous_212)
FN:1349,(anonymous_213)
FN:1353,(anonymous_214)
FN:1354,(anonymous_215)
FN:1355,(anonymous_216)
FN:1472,DISPOSING
FN:1473,DISPOSE
FN:1474,RENDERED
FN:1475,RENDERED_AND_ATTACHED_TO_WINDOW
FN:1476,RENDERED_AND_ATTACHED_TO_PARENT
FN:1477,READY_FOR_GC
FN:1478,NOTHING
FN:1479,CHANNEL_ROUTE_CHANGE_EVENT
FN:1480,UI_EVENT_BLUR
FN:1481,UI_EVENT_
FN:1482,UI_EVENT_CLICK
FN:1483,UI_EVENT_DBLCLICK
FN:1494,(anonymous_229)
FN:1505,(anonymous_230)
FNF:230
FNH:34
FNDA:1,webpackUniversalModuleDefinition
FNDA:1,(anonymous_2)
FNDA:1,(anonymous_3)
FNDA:20,__webpack_require__
FNDA:40,(anonymous_5)
FNDA:9,(anonymous_6)
FNDA:0,(anonymous_7)
FNDA:0,getDefault
FNDA:0,getModuleExports
FNDA:40,(anonymous_10)
FNDA:1,(anonymous_11)
FNDA:0,(anonymous_12)
FNDA:1,(anonymous_13)
FNDA:0,ChannelStreamItem
FNDA:0,validateAction
FNDA:0,getLocationData
FNDA:0,getStreamItem
FNDA:0,getMouseEventKeys
FNDA:1,(anonymous_19)
FNDA:0,(anonymous_20)
FNDA:1,_inheritsLoose
FNDA:1,(anonymous_22)
FNDA:0,ChannelWindow
FNDA:0,initializeStream
FNDA:0,(anonymous_25)
FNDA:0,getScrollMapFn
FNDA:0,getMouseWheelMapFn
FNDA:0,createCurriedGenericEvent
FNDA:0,mapGenericEvent
FNDA:0,getResizeMapFn
FNDA:0,getOrientationMapFn
FNDA:0,getMediaQueryMapFn
FNDA:0,createMouseWheelObservable
FNDA:0,createScrollObservable
FNDA:0,skipWhenDirIsMissing
FNDA:0,createOrientationObservable
FNDA:0,createResizeObservable
FNDA:0,getEventsFromConfig
FNDA:0,addWindowEventToArr
FNDA:0,getActiveObservables
FNDA:0,addObservableToArr
FNDA:0,checkForMediaQueries
FNDA:0,sendMQStream
FNDA:0,getMediaQueryObservable
FNDA:0,addRegisteredActions
FNDA:0,bindStaticMethods
FNDA:1,(anonymous_47)
FNDA:1,(anonymous_48)
FNDA:1,_defineProperties
FNDA:1,_createClass
FNDA:1,(anonymous_51)
FNDA:0,ChannelsBase
FNDA:0,(anonymous_53)
FNDA:0,onStreamInitialized
FNDA:0,initializeStream
FNDA:0,setTrace
FNDA:0,createChannelActionsObj
FNDA:0,converter
FNDA:0,addRegisteredActions
FNDA:0,onIncomingObservable
FNDA:0,dataObj
FNDA:0,onSuccess
FNDA:0,onError
FNDA:0,onIncomingObserverableData
FNDA:0,sendStreamItem
FNDA:0,getChannel
FNDA:0,isValidChannel
FNDA:0,error
FNDA:0,startSubscribe
FNDA:0,addMixins
FNDA:0,get
FNDA:1,(anonymous_72)
FNDA:0,(anonymous_73)
FNDA:0,(anonymous_74)
FNDA:0,(anonymous_75)
FNDA:0,(anonymous_76)
FNDA:0,(anonymous_77)
FNDA:0,(anonymous_78)
FNDA:0,(anonymous_79)
FNDA:0,(anonymous_80)
FNDA:0,registeredStreamNames
FNDA:0,includes
FNDA:0,getRxType
FNDA:0,confirmObservable
FNDA:0,predicate
FNDA:0,predicate
FNDA:0,predicate
FNDA:0,uiValidations
FNDA:0,predicate
FNDA:0,predicate
FNDA:0,predicate
FNDA:0,predicate
FNDA:0,stepValidations
FNDA:0,stepDisposeValidations
FNDA:0,predicate
FNDA:0,stepUpdateValidations
FNDA:0,predicate
FNDA:0,lifestreamValidations
FNDA:0,routeValidations
FNDA:0,StreamsConfig
FNDA:0,predicate
FNDA:0,predicate
FNDA:0,predicate
FNDA:0,observable
FNDA:0,observable
FNDA:1,(anonymous_106)
FNDA:0,(anonymous_107)
FNDA:1,(anonymous_108)
FNDA:0,ChannelUtilsDom
FNDA:0,createDomObservableFromEvent
FNDA:0,addHandler
FNDA:0,removeHandler
FNDA:0,(anonymous_113)
FNDA:0,(anonymous_114)
FNDA:0,createMediaQuery
FNDA:0,checkIfValidMediaQuery
FNDA:0,noSpaces
FNDA:0,warnMsg
FNDA:0,createMediaQueryHandler
FNDA:0,keyFn
FNDA:0,(anonymous_121)
FNDA:0,handlers
FNDA:0,addHandler
FNDA:0,removeHandler
FNDA:0,(anonymous_125)
FNDA:0,createMergedObsFromObj
FNDA:0,loopQueries
FNDA:1,(anonymous_128)
FNDA:0,(anonymous_129)
FNDA:0,isMergeableObject
FNDA:0,emptyTarget
FNDA:0,cloneIfNecessary
FNDA:0,defaultArrayMerge
FNDA:0,(anonymous_134)
FNDA:0,mergeObject
FNDA:0,(anonymous_136)
FNDA:0,(anonymous_137)
FNDA:0,deepMerge
FNDA:0,deepmergeAll
FNDA:0,(anonymous_140)
FNDA:1,(anonymous_141)
FNDA:0,(anonymous_142)
FNDA:0,(anonymous_143)
FNDA:0,(anonymous_144)
FNDA:0,(anonymous_145)
FNDA:0,(anonymous_146)
FNDA:0,(anonymous_147)
FNDA:0,(anonymous_148)
FNDA:0,(anonymous_149)
FNDA:0,(anonymous_150)
FNDA:0,(anonymous_151)
FNDA:0,(anonymous_152)
FNDA:0,(anonymous_153)
FNDA:0,(anonymous_154)
FNDA:0,(anonymous_155)
FNDA:0,(anonymous_156)
FNDA:0,(anonymous_157)
FNDA:0,(anonymous_158)
FNDA:0,(anonymous_159)
FNDA:0,(anonymous_160)
FNDA:0,(anonymous_161)
FNDA:0,(anonymous_162)
FNDA:0,(anonymous_163)
FNDA:0,(anonymous_164)
FNDA:0,(anonymous_165)
FNDA:0,isIOS
FNDA:0,getConstructorName
FNDA:0,arrFromMapKeys
FNDA:0,addKeysToArr
FNDA:0,findStrFromRegexArr
FNDA:0,checkIfMatch
FNDA:0,(anonymous_172)
FNDA:0,(anonymous_173)
FNDA:0,(anonymous_174)
FNDA:0,findStrOrRegexMatchStr
FNDA:0,createRe
FNDA:0,closest
FNDA:0,convertDomStringMapToObj
FNDA:0,next
FNDA:0,error
FNDA:0,complete
FNDA:0,right
FNDA:0,map
FNDA:0,fold
FNDA:0,inspect
FNDA:0,ifNilThenUpdate
FNDA:0,left
FNDA:0,map
FNDA:0,fold
FNDA:0,inspect
FNDA:0,checkIfObjIsNotEmptyOrNil
FNDA:0,fromNullable
FNDA:0,findInObj
FNDA:0,pullRouteInfo
FNDA:0,getAllMethodNames
FNDA:0,getPropNamesArr
FNDA:0,removeSlashes
FNDA:0,pullHashAndSlashFromPath
FNDA:0,pullSlashFromPath
FNDA:0,pullMainRoute
FNDA:0,pullParams
FNDA:0,pullTranslateX
FNDA:0,pullTranslateY
FNDA:0,pullTranslateYFromHeader
FNDA:1,(anonymous_205)
FNDA:1,(anonymous_206)
FNDA:1,(anonymous_207)
FNDA:1,(anonymous_208)
FNDA:1,(anonymous_209)
FNDA:1,(anonymous_210)
FNDA:1,(anonymous_211)
FNDA:1,(anonymous_212)
FNDA:1,(anonymous_213)
FNDA:1,(anonymous_214)
FNDA:0,(anonymous_215)
FNDA:0,(anonymous_216)
FNDA:0,DISPOSING
FNDA:0,DISPOSE
FNDA:0,RENDERED
FNDA:0,RENDERED_AND_ATTACHED_TO_WINDOW
FNDA:0,RENDERED_AND_ATTACHED_TO_PARENT
FNDA:0,READY_FOR_GC
FNDA:0,NOTHING
FNDA:0,CHANNEL_ROUTE_CHANGE_EVENT
FNDA:0,UI_EVENT_BLUR
FNDA:0,UI_EVENT_
FNDA:0,UI_EVENT_CLICK
FNDA:0,UI_EVENT_DBLCLICK
FNDA:1,(anonymous_229)
FNDA:1,(anonymous_230)
DA:1,1
DA:2,1
DA:3,0
DA:4,1
DA:5,0
DA:6,1
DA:7,0
DA:9,1
DA:11,1
DA:13,1
DA:16,1
DA:19,20
DA:20,9
DA:23,11
DA:30,11
DA:33,11
DA:36,11
DA:41,1
DA:44,1
DA:47,1
DA:48,40
DA:49,40
DA:58,1
DA:59,9
DA:63,1
DA:64,0
DA:65,0
DA:66,0
DA:67,0
DA:68,0
DA:72,40
DA:75,1
DA:79,1
DA:92,1
DA:93,1
DA:94,1
DA:96,1
DA:99,1
DA:100,0
DA:101,0
DA:108,0
DA:109,0
DA:111,0
DA:112,0
DA:115,0
DA:118,1
DA:119,0
DA:121,0
DA:122,0
DA:125,0
DA:128,1
DA:129,0
DA:130,0
DA:133,1
DA:135,1
DA:136,0
DA:139,1
DA:152,1
DA:153,1
DA:154,1
DA:155,1
DA:156,1
DA:157,1
DA:163,1
DA:165,1
DA:167,1
DA:170,1
DA:172,1
DA:173,0
DA:175,0
DA:177,0
DA:179,0
DA:180,0
DA:181,0
DA:184,1
DA:186,1
DA:187,0
DA:190,0
DA:191,0
DA:192,0
DA:194,0
DA:196,0
DA:197,0
DA:202,0
DA:206,1
DA:207,0
DA:208,0
DA:209,0
DA:210,0
DA:211,0
DA:212,0
DA:217,0
DA:218,0
DA:227,1
DA:228,0
DA:229,0
DA:230,0
DA:233,0
DA:239,0
DA:240,0
DA:248,1
DA:249,0
DA:250,0
DA:251,0
DA:254,1
DA:255,0
DA:256,0
DA:257,0
DA:258,0
DA:259,0
DA:267,1
DA:268,0
DA:269,0
DA:270,0
DA:271,0
DA:279,1
DA:280,0
DA:281,0
DA:282,0
DA:283,0
DA:284,0
DA:285,0
DA:286,0
DA:294,1
DA:295,0
DA:296,0
DA:297,0
DA:298,0
DA:306,1
DA:307,0
DA:308,0
DA:311,1
DA:312,0
DA:313,0
DA:316,0
DA:317,0
DA:320,1
DA:322,0
DA:325,1
DA:326,0
DA:328,0
DA:331,1
DA:332,0
DA:333,0
DA:336,0
DA:338,0
DA:339,0
DA:340,0
DA:343,0
DA:346,1
DA:347,0
DA:348,0
DA:351,0
DA:354,0
DA:359,0
DA:366,0
DA:367,0
DA:369,0
DA:370,0
DA:374,0
DA:376,0
DA:377,0
DA:378,0
DA:379,0
DA:382,1
DA:383,0
DA:385,0
DA:386,0
DA:391,0
DA:394,0
DA:395,0
DA:399,1
DA:400,0
DA:402,0
DA:403,0
DA:406,1
DA:407,0
DA:410,1
DA:411,0
DA:412,0
DA:415,1
DA:428,1
DA:429,1
DA:430,1
DA:431,1
DA:432,1
DA:433,1
DA:435,1
DA:442,1
DA:444,1
DA:446,1
DA:449,1
DA:450,0
DA:452,0
DA:453,0
DA:456,0
DA:457,0
DA:458,0
DA:459,0
DA:462,0
DA:464,0
DA:465,0
DA:466,0
DA:468,0
DA:469,0
DA:470,0
DA:475,1
DA:477,1
DA:480,1
DA:481,0
DA:484,1
DA:486,1
DA:487,0
DA:489,0
DA:490,0
DA:493,0
DA:494,0
DA:497,1
DA:498,0
DA:501,1
DA:502,0
DA:504,0
DA:506,0
DA:507,0
DA:513,0
DA:514,0
DA:517,0
DA:519,0
DA:522,1
DA:524,1
DA:525,0
DA:526,0
DA:530,0
DA:552,0
DA:555,1
DA:556,0
DA:558,0
DA:559,0
DA:562,0
DA:563,0
DA:566,0
DA:567,0
DA:570,0
DA:571,0
DA:574,1
DA:585,1
DA:588,0
DA:592,1
DA:605,1
DA:606,1
DA:607,1
DA:608,1
DA:609,1
DA:610,1
DA:611,1
DA:612,1
DA:613,1
DA:614,1
DA:618,1
DA:620,1
DA:623,1
DA:624,0
DA:626,0
DA:632,1
DA:633,1
DA:634,1
DA:635,1
DA:637,1
DA:638,0
DA:642,1
DA:643,0
DA:647,1
DA:657,1
DA:661,1
DA:664,0
DA:670,0
DA:675,0
DA:681,1
DA:691,1
DA:692,0
DA:693,0
DA:698,1
DA:701,0
DA:706,0
DA:711,0
DA:716,0
DA:720,1
DA:721,0
DA:722,0
DA:725,1
DA:726,0
DA:729,0
DA:732,0
DA:735,1
DA:736,0
DA:739,0
DA:742,0
DA:748,1
DA:749,0
DA:755,1
DA:756,0
DA:766,0
DA:776,1
DA:777,0
DA:780,0
DA:785,0
DA:790,0
DA:793,0
DA:798,0
DA:812,0
DA:839,1
DA:840,1
DA:841,1
DA:843,1
DA:845,1
DA:848,1
DA:849,0
DA:852,1
DA:853,0
DA:854,0
DA:857,0
DA:858,0
DA:863,0
DA:864,0
DA:865,0
DA:869,0
DA:870,0
DA:872,0
DA:876,1
DA:877,0
DA:878,0
DA:879,0
DA:882,1
DA:883,0
DA:884,0
DA:887,0
DA:889,0
DA:890,0
DA:893,0
DA:894,0
DA:897,0
DA:900,1
DA:901,0
DA:902,0
DA:903,0
DA:904,0
DA:908,0
DA:910,0
DA:911,0
DA:913,0
DA:916,0
DA:921,0
DA:922,0
DA:925,1
DA:926,0
DA:927,0
DA:929,0
DA:930,0
DA:931,0
DA:934,0
DA:937,0
DA:940,1
DA:953,1
DA:954,1
DA:955,1
DA:956,0
DA:957,0
DA:960,1
DA:961,0
DA:964,1
DA:965,0
DA:966,0
DA:969,1
DA:970,0
DA:971,0
DA:972,0
DA:973,0
DA:974,0
DA:975,0
DA:976,0
DA:977,0
DA:980,0
DA:983,1
DA:984,0
DA:986,0
DA:987,0
DA:988,0
DA:992,0
DA:993,0
DA:994,0
DA:996,0
DA:999,0
DA:1002,1
DA:1003,0
DA:1004,0
DA:1007,0
DA:1009,0
DA:1010,0
DA:1012,0
DA:1016,1
DA:1017,0
DA:1018,0
DA:1022,0
DA:1023,0
DA:1039,1
DA:1040,1
DA:1041,1
DA:1042,1
DA:1043,1
DA:1044,1
DA:1045,1
DA:1046,1
DA:1047,1
DA:1048,1
DA:1049,1
DA:1050,1
DA:1051,1
DA:1052,1
DA:1053,1
DA:1054,1
DA:1055,1
DA:1056,1
DA:1057,1
DA:1058,1
DA:1059,1
DA:1060,1
DA:1061,1
DA:1062,1
DA:1063,1
DA:1064,1
DA:1066,1
DA:1068,1
DA:1069,0
DA:1071,0
DA:1072,0
DA:1075,1
DA:1076,0
DA:1077,0
DA:1080,0
DA:1081,0
DA:1082,0
DA:1085,1
DA:1086,0
DA:1088,0
DA:1089,0
DA:1092,0
DA:1093,0
DA:1096,1
DA:1097,0
DA:1098,0
DA:1101,0
DA:1102,0
DA:1105,0
DA:1106,0
DA:1107,0
DA:1108,0
DA:1110,0
DA:1112,0
DA:1114,0
DA:1117,1
DA:1118,0
DA:1119,0
DA:1122,0
DA:1123,0
DA:1126,0
DA:1127,0
DA:1130,1
DA:1131,0
DA:1132,0
DA:1133,0
DA:1135,0
DA:1136,0
DA:1138,0
DA:1139,0
DA:1140,0
DA:1144,0
DA:1147,1
DA:1148,0
DA:1150,0
DA:1151,0
DA:1154,0
DA:1158,1
DA:1160,0
DA:1163,0
DA:1166,0
DA:1170,1
DA:1171,0
DA:1173,0
DA:1176,0
DA:1179,0
DA:1184,1
DA:1185,0
DA:1186,0
DA:1189,1
DA:1190,0
DA:1192,0
DA:1195,0
DA:1198,0
DA:1203,1
DA:1204,0
DA:1205,0
DA:1206,0
DA:1207,0
DA:1210,1
DA:1211,0
DA:1214,1
DA:1215,0
DA:1216,0
DA:1219,0
DA:1220,0
DA:1223,1
DA:1224,0
DA:1225,0
DA:1226,0
DA:1227,0
DA:1233,1
DA:1234,0
DA:1235,0
DA:1238,0
DA:1239,0
DA:1242,0
DA:1243,0
DA:1244,0
DA:1247,0
DA:1248,0
DA:1251,0
DA:1255,0
DA:1256,0
DA:1257,0
DA:1259,0
DA:1260,0
DA:1261,0
DA:1262,0
DA:1270,1
DA:1271,0
DA:1274,1
DA:1276,1
DA:1277,0
DA:1280,1
DA:1281,0
DA:1284,1
DA:1285,0
DA:1288,1
DA:1289,0
DA:1292,1
DA:1293,0
DA:1296,1
DA:1297,0
DA:1300,1
DA:1301,0
DA:1316,1
DA:1317,1
DA:1318,1
DA:1321,1
DA:1322,1
DA:1323,1
DA:1324,1
DA:1325,1
DA:1327,1
DA:1328,1
DA:1330,1
DA:1331,1
DA:1333,1
DA:1334,1
DA:1336,1
DA:1337,1
DA:1352,1
DA:1353,1
DA:1354,1
DA:1355,1
DA:1356,1
DA:1402,1
DA:1471,1
DA:1496,1
DA:1507,1
LF:575
LH:219
BRDA:2,1,0,0
BRDA:2,1,1,1
BRDA:2,2,0,1
BRDA:2,2,1,0
BRDA:4,3,0,0
BRDA:4,3,1,1
BRDA:4,4,0,1
BRDA:4,4,1,0
BRDA:6,5,0,0
BRDA:6,5,1,1
BRDA:19,6,0,9
BRDA:19,6,1,11
BRDA:48,7,0,40
BRDA:48,7,1,0
BRDA:64,8,0,0
BRDA:64,8,1,0
BRDA:64,9,0,0
BRDA:64,9,1,0
BRDA:111,10,0,0
BRDA:111,10,1,0
BRDA:121,11,0,0
BRDA:121,11,1,0
BRDA:121,12,0,0
BRDA:121,12,1,0
BRDA:175,13,0,0
BRDA:175,13,1,0
BRDA:210,14,0,0
BRDA:210,14,1,0
BRDA:229,15,0,0
BRDA:229,15,1,0
BRDA:284,16,0,0
BRDA:284,16,1,0
BRDA:332,17,0,0
BRDA:332,17,1,0
BRDA:347,18,0,0
BRDA:347,18,1,0
BRDA:369,19,0,0
BRDA:369,19,1,0
BRDA:394,20,0,0
BRDA:394,20,1,0
BRDA:433,21,0,1
BRDA:433,21,1,1
BRDA:433,22,0,0
BRDA:433,22,1,1
BRDA:435,23,0,1
BRDA:435,23,1,0
BRDA:435,24,0,0
BRDA:435,24,1,1
BRDA:452,25,0,0
BRDA:452,25,1,0
BRDA:519,26,0,0
BRDA:519,26,1,0
BRDA:525,27,0,0
BRDA:525,27,1,0
BRDA:626,28,0,0
BRDA:626,28,1,0
BRDA:657,29,0,1
BRDA:657,29,1,0
BRDA:657,30,0,1
BRDA:657,30,1,1
BRDA:729,31,0,0
BRDA:729,31,1,0
BRDA:739,32,0,0
BRDA:739,32,1,0
BRDA:804,33,0,0
BRDA:804,33,1,0
BRDA:818,34,0,0
BRDA:818,34,1,0
BRDA:853,35,0,0
BRDA:853,35,1,0
BRDA:869,36,0,0
BRDA:869,36,1,0
BRDA:887,37,0,0
BRDA:887,37,1,0
BRDA:893,38,0,0
BRDA:893,38,1,0
BRDA:956,39,0,0
BRDA:956,39,1,0
BRDA:957,40,0,0
BRDA:957,40,1,0
BRDA:957,40,2,0
BRDA:961,41,0,0
BRDA:961,41,1,0
BRDA:965,42,0,0
BRDA:965,42,1,0
BRDA:966,43,0,0
BRDA:966,43,1,0
BRDA:966,44,0,0
BRDA:966,44,1,0
BRDA:972,45,0,0
BRDA:972,45,1,0
BRDA:974,46,0,0
BRDA:974,46,1,0
BRDA:976,47,0,0
BRDA:976,47,1,0
BRDA:986,48,0,0
BRDA:986,48,1,0
BRDA:993,49,0,0
BRDA:993,49,1,0
BRDA:993,50,0,0
BRDA:993,50,1,0
BRDA:1004,51,0,0
BRDA:1004,51,1,0
BRDA:1007,52,0,0
BRDA:1007,52,1,0
BRDA:1009,53,0,0
BRDA:1009,53,1,0
BRDA:1010,54,0,0
BRDA:1010,54,1,0
BRDA:1017,55,0,0
BRDA:1017,55,1,0
BRDA:1017,56,0,0
BRDA:1017,56,1,0
BRDA:1076,57,0,0
BRDA:1076,57,1,0
BRDA:1097,58,0,0
BRDA:1097,58,1,0
BRDA:1118,59,0,0
BRDA:1118,59,1,0
BRDA:1138,60,0,0
BRDA:1138,60,1,0
BRDA:1186,61,0,0
BRDA:1186,61,1,0
BRDA:1211,62,0,0
BRDA:1211,62,1,0
BRDA:1215,63,0,0
BRDA:1215,63,1,0
BRDA:1220,64,0,0
BRDA:1220,64,1,0
BRDA:1234,65,0,0
BRDA:1234,65,1,0
BRDA:1238,66,0,0
BRDA:1238,66,1,0
BRDA:1243,67,0,0
BRDA:1243,67,1,0
BRDA:1247,68,0,0
BRDA:1247,68,1,0
BRF:137
BRH:16
end_of_record
TN:
SF:/Users/frankbatista/sites/spyne/src/tests/channels/channel-route.test.js
FN:1,webpackUniversalModuleDefinition
FN:10,(anonymous_2)
FN:11,(anonymous_3)
FN:16,__webpack_require__
FN:47,(anonymous_5)
FN:58,(anonymous_6)
FN:63,(anonymous_7)
FN:65,getDefault
FN:66,getModuleExports
FN:72,(anonymous_10)
FN:89,(anonymous_11)
FN:91,(anonymous_12)
FN:95,(anonymous_13)
FN:98,(anonymous_14)
FN:116,(anonymous_15)
FN:124,(anonymous_16)
FN:153,(anonymous_17)
FN:163,(anonymous_18)
FN:173,(anonymous_19)
FN:195,(anonymous_20)
FN:199,(anonymous_21)
FN:204,(anonymous_22)
FN:207,(anonymous_23)
FN:208,(anonymous_24)
FN:246,(anonymous_25)
FN:257,(anonymous_26)
FN:258,(anonymous_27)
FN:271,(anonymous_28)
FN:272,(anonymous_29)
FN:291,(anonymous_30)
FN:292,(anonymous_31)
FN:308,(anonymous_32)
FN:309,(anonymous_33)
FN:316,(anonymous_34)
FN:317,(anonymous_35)
FN:328,(anonymous_36)
FN:340,(anonymous_37)
FN:341,(anonymous_38)
FN:361,(anonymous_39)
FN:362,(anonymous_40)
FN:368,(anonymous_41)
FN:388,(anonymous_42)
FN:399,(anonymous_43)
FN:420,(anonymous_44)
FN:424,(anonymous_45)
FN:428,_inheritsLoose
FN:440,(anonymous_47)
FN:443,ChannelRoute
FN:456,(anonymous_49)
FN:464,initializeStream
FN:468,createChannelActionsObj
FN:471,converter
FN:479,addRegisteredActions
FN:483,getRouteConfig
FN:496,initStream
FN:502,onMapNext
FN:511,onIncomingDomEvent
FN:522,onIncomingObserverableData
FN:532,sendRouteStream
FN:542,getRouteState
FN:546,getIsDeepLinkBool
FN:550,getRouteCount
FN:560,getExtraPayloadParams
FN:579,getDataFromParams
FN:611,getDataFromString
FN:648,getDataFromLocationStr
FN:672,getLocationData
FN:677,getRouteStrFromParams
FN:682,getParamsFromRouteStr
FN:687,checkEmptyRouteStr
FN:706,removeLastSlash
FN:711,setWindowLocation
FN:729,getWindowLocation
FN:733,bindStaticMethods
FN:758,(anonymous_75)
FN:762,(anonymous_76)
FN:767,(anonymous_77)
FN:768,ChannelStreamItem
FN:787,validateAction
FN:797,getLocationData
FN:802,getStreamItem
FN:804,getMouseEventKeys
FN:818,(anonymous_83)
FN:822,(anonymous_84)
FN:826,_defineProperties
FN:828,_createClass
FN:841,(anonymous_87)
FN:842,ChannelsBase
FN:862,(anonymous_89)
FN:870,onStreamInitialized
FN:873,initializeStream
FN:877,setTrace
FN:879,createChannelActionsObj
FN:882,converter
FN:890,addRegisteredActions
FN:894,onIncomingObservable
FN:899,dataObj
FN:906,onSuccess
FN:910,onError
FN:915,onIncomingObserverableData
FN:917,sendStreamItem
FN:948,getChannel
FN:951,isValidChannel
FN:955,error
FN:959,startSubscribe
FN:967,addMixins
FN:980,get
FN:995,(anonymous_108)
FN:999,(anonymous_109)
FN:1000,(anonymous_110)
FN:1001,(anonymous_111)
FN:1002,(anonymous_112)
FN:1003,(anonymous_113)
FN:1004,(anonymous_114)
FN:1005,(anonymous_115)
FN:1006,(anonymous_116)
FN:1016,registeredStreamNames
FN:1018,includes
FN:1030,getRxType
FN:1035,confirmObservable
FN:1056,predicate
FN:1062,predicate
FN:1067,predicate
FN:1084,uiValidations
FN:1093,predicate
FN:1098,predicate
FN:1103,predicate
FN:1108,predicate
FN:1113,stepValidations
FN:1118,stepDisposeValidations
FN:1121,predicate
FN:1128,stepUpdateValidations
FN:1131,predicate
FN:1141,lifestreamValidations
FN:1148,routeValidations
FN:1169,StreamsConfig
FN:1172,predicate
FN:1177,predicate
FN:1182,predicate
FN:1190,observable
FN:1204,observable
FN:1229,(anonymous_142)
FN:1233,(anonymous_143)
FN:1240,(anonymous_144)
FN:1241,RouteUtils
FN:1245,createPopStateStream
FN:1246,addHandler
FN:1250,removeHandler
FN:1251,(anonymous_149)
FN:1258,getLastArrVal
FN:1259,getLastParam
FN:1266,getRouteArrData
FN:1276,flattenConfigObject
FN:1277,go
FN:1278,(anonymous_155)
FN:1283,(anonymous_156)
FN:1297,getLocationData
FN:1312,(anonymous_158)
FN:1316,(anonymous_159)
FN:1321,(anonymous_160)
FN:1322,URLUtils
FN:1326,checkIfObjIsNotEmptyOrNil
FN:1333,checkIfParamValueMatchesRegex
FN:1337,testForRegexMatch
FN:1351,getLocationStrByType
FN:1368,createRouteArrayFromParams
FN:1377,loopThroughParam
FN:1419,createSlashString
FN:1426,createQueryString
FN:1437,convertParamsToRoute
FN:1457,checkIfValueShouldMapToParam
FN:1465,createArrFromSlashStr
FN:1470,convertSlashRouteStrToParamsObj
FN:1479,createParamsFromStr
FN:1512,getLastArrVal
FN:1513,getLastParam
FN:1520,createDefaultParamFromEmptyStr
FN:1527,convertQueryStrToParams
FN:1550,convertRouteToParams
FN:1575,(anonymous_180)
FN:1579,(anonymous_181)
FN:1580,isMergeableObject
FN:1585,emptyTarget
FN:1589,cloneIfNecessary
FN:1594,defaultArrayMerge
FN:1596,(anonymous_186)
FN:1608,mergeObject
FN:1612,(anonymous_188)
FN:1617,(anonymous_189)
FN:1627,deepMerge
FN:1641,deepmergeAll
FN:1647,(anonymous_192)
FN:1661,(anonymous_193)
FN:1665,(anonymous_194)
FN:1666,(anonymous_195)
FN:1667,(anonymous_196)
FN:1668,(anonymous_197)
FN:1669,(anonymous_198)
FN:1670,(anonymous_199)
FN:1671,(anonymous_200)
FN:1672,(anonymous_201)
FN:1673,(anonymous_202)
FN:1674,(anonymous_203)
FN:1675,(anonymous_204)
FN:1676,(anonymous_205)
FN:1677,(anonymous_206)
FN:1678,(anonymous_207)
FN:1679,(anonymous_208)
FN:1680,(anonymous_209)
FN:1681,(anonymous_210)
FN:1682,(anonymous_211)
FN:1683,(anonymous_212)
FN:1684,(anonymous_213)
FN:1685,(anonymous_214)
FN:1686,(anonymous_215)
FN:1687,(anonymous_216)
FN:1688,(anonymous_217)
FN:1693,isIOS
FN:1700,getConstructorName
FN:1710,arrFromMapKeys
FN:1713,addKeysToArr
FN:1721,findStrFromRegexArr
FN:1726,checkIfMatch
FN:1732,(anonymous_224)
FN:1734,(anonymous_225)
FN:1736,(anonymous_226)
FN:1742,findStrOrRegexMatchStr
FN:1747,createRe
FN:1755,closest
FN:1772,convertDomStringMapToObj
FN:1784,next
FN:1787,error
FN:1790,complete
FN:1795,right
FN:1797,map
FN:1800,fold
FN:1803,inspect
FN:1809,ifNilThenUpdate
FN:1814,left
FN:1816,map
FN:1819,fold
FN:1822,inspect
FN:1828,checkIfObjIsNotEmptyOrNil
FN:1835,fromNullable
FN:1839,findInObj
FN:1848,pullRouteInfo
FN:1858,getAllMethodNames
FN:1867,getPropNamesArr
FN:1895,removeSlashes
FN:1901,pullHashAndSlashFromPath
FN:1905,pullSlashFromPath
FN:1909,pullMainRoute
FN:1913,pullParams
FN:1917,pullTranslateX
FN:1921,pullTranslateY
FN:1925,pullTranslateYFromHeader
FN:1938,(anonymous_257)
FN:1954,(anonymous_258)
FN:1955,(anonymous_259)
FN:1961,(anonymous_260)
FN:1966,(anonymous_261)
FN:1972,(anonymous_262)
FN:1978,(anonymous_263)
FN:1984,(anonymous_264)
FN:1990,(anonymous_265)
FN:2004,(anonymous_266)
FN:2008,(anonymous_267)
FN:2009,(anonymous_268)
FN:2010,(anonymous_269)
FN:2154,(anonymous_270)
FN:2158,(anonymous_271)
FN:2159,(anonymous_272)
FN:2160,(anonymous_273)
FN:2277,DISPOSING
FN:2278,DISPOSE
FN:2279,RENDERED
FN:2280,RENDERED_AND_ATTACHED_TO_WINDOW
FN:2281,RENDERED_AND_ATTACHED_TO_PARENT
FN:2282,READY_FOR_GC
FN:2283,NOTHING
FN:2284,CHANNEL_ROUTE_CHANGE_EVENT
FN:2285,UI_EVENT_BLUR
FN:2286,UI_EVENT_
FN:2287,UI_EVENT_CLICK
FN:2288,UI_EVENT_DBLCLICK
FN:2299,(anonymous_286)
FN:2310,(anonymous_287)
FNF:287
FNH:74
FNDA:1,webpackUniversalModuleDefinition
FNDA:1,(anonymous_2)
FNDA:1,(anonymous_3)
FNDA:24,__webpack_require__
FNDA:44,(anonymous_5)
FNDA:11,(anonymous_6)
FNDA:0,(anonymous_7)
FNDA:0,getDefault
FNDA:0,getModuleExports
FNDA:44,(anonymous_10)
FNDA:1,(anonymous_11)
FNDA:1,(anonymous_12)
FNDA:1,(anonymous_13)
FNDA:0,(anonymous_14)
FNDA:0,(anonymous_15)
FNDA:0,(anonymous_16)
FNDA:0,(anonymous_17)
FNDA:0,(anonymous_18)
FNDA:0,(anonymous_19)
FNDA:0,(anonymous_20)
FNDA:0,(anonymous_21)
FNDA:0,(anonymous_22)
FNDA:0,(anonymous_23)
FNDA:0,(anonymous_24)
FNDA:0,(anonymous_25)
FNDA:2,(anonymous_26)
FNDA:2,(anonymous_27)
FNDA:0,(anonymous_28)
FNDA:0,(anonymous_29)
FNDA:0,(anonymous_30)
FNDA:0,(anonymous_31)
FNDA:0,(anonymous_32)
FNDA:0,(anonymous_33)
FNDA:0,(anonymous_34)
FNDA:0,(anonymous_35)
FNDA:0,(anonymous_36)
FNDA:0,(anonymous_37)
FNDA:0,(anonymous_38)
FNDA:0,(anonymous_39)
FNDA:0,(anonymous_40)
FNDA:0,(anonymous_41)
FNDA:0,(anonymous_42)
FNDA:0,(anonymous_43)
FNDA:1,(anonymous_44)
FNDA:6,(anonymous_45)
FNDA:1,_inheritsLoose
FNDA:1,(anonymous_47)
FNDA:0,ChannelRoute
FNDA:0,(anonymous_49)
FNDA:0,initializeStream
FNDA:0,createChannelActionsObj
FNDA:0,converter
FNDA:0,addRegisteredActions
FNDA:0,getRouteConfig
FNDA:0,initStream
FNDA:0,onMapNext
FNDA:0,onIncomingDomEvent
FNDA:0,onIncomingObserverableData
FNDA:0,sendRouteStream
FNDA:1,getRouteState
FNDA:1,getIsDeepLinkBool
FNDA:1,getRouteCount
FNDA:1,getExtraPayloadParams
FNDA:1,getDataFromParams
FNDA:0,getDataFromString
FNDA:1,getDataFromLocationStr
FNDA:1,getLocationData
FNDA:3,getRouteStrFromParams
FNDA:3,getParamsFromRouteStr
FNDA:0,checkEmptyRouteStr
FNDA:0,removeLastSlash
FNDA:0,setWindowLocation
FNDA:0,getWindowLocation
FNDA:0,bindStaticMethods
FNDA:1,(anonymous_75)
FNDA:0,(anonymous_76)
FNDA:1,(anonymous_77)
FNDA:0,ChannelStreamItem
FNDA:0,validateAction
FNDA:0,getLocationData
FNDA:0,getStreamItem
FNDA:0,getMouseEventKeys
FNDA:1,(anonymous_83)
FNDA:1,(anonymous_84)
FNDA:1,_defineProperties
FNDA:1,_createClass
FNDA:1,(anonymous_87)
FNDA:0,ChannelsBase
FNDA:0,(anonymous_89)
FNDA:0,onStreamInitialized
FNDA:0,initializeStream
FNDA:0,setTrace
FNDA:0,createChannelActionsObj
FNDA:0,converter
FNDA:0,addRegisteredActions
FNDA:0,onIncomingObservable
FNDA:0,dataObj
FNDA:0,onSuccess
FNDA:0,onError
FNDA:0,onIncomingObserverableData
FNDA:0,sendStreamItem
FNDA:0,getChannel
FNDA:0,isValidChannel
FNDA:0,error
FNDA:0,startSubscribe
FNDA:0,addMixins
FNDA:0,get
FNDA:1,(anonymous_108)
FNDA:0,(anonymous_109)
FNDA:0,(anonymous_110)
FNDA:0,(anonymous_111)
FNDA:0,(anonymous_112)
FNDA:0,(anonymous_113)
FNDA:0,(anonymous_114)
FNDA:0,(anonymous_115)
FNDA:0,(anonymous_116)
FNDA:0,registeredStreamNames
FNDA:0,includes
FNDA:0,getRxType
FNDA:0,confirmObservable
FNDA:0,predicate
FNDA:0,predicate
FNDA:0,predicate
FNDA:0,uiValidations
FNDA:0,predicate
FNDA:0,predicate
FNDA:0,predicate
FNDA:0,predicate
FNDA:0,stepValidations
FNDA:0,stepDisposeValidations
FNDA:0,predicate
FNDA:0,stepUpdateValidations
FNDA:0,predicate
FNDA:0,lifestreamValidations
FNDA:0,routeValidations
FNDA:0,StreamsConfig
FNDA:0,predicate
FNDA:0,predicate
FNDA:0,predicate
FNDA:0,observable
FNDA:0,observable
FNDA:1,(anonymous_142)
FNDA:0,(anonymous_143)
FNDA:1,(anonymous_144)
FNDA:0,RouteUtils
FNDA:0,createPopStateStream
FNDA:0,addHandler
FNDA:0,removeHandler
FNDA:0,(anonymous_149)
FNDA:0,getLastArrVal
FNDA:0,getLastParam
FNDA:0,getRouteArrData
FNDA:0,flattenConfigObject
FNDA:0,go
FNDA:0,(anonymous_155)
FNDA:0,(anonymous_156)
FNDA:0,getLocationData
FNDA:1,(anonymous_158)
FNDA:8,(anonymous_159)
FNDA:1,(anonymous_160)
FNDA:0,URLUtils
FNDA:11,checkIfObjIsNotEmptyOrNil
FNDA:10,checkIfParamValueMatchesRegex
FNDA:14,testForRegexMatch
FNDA:5,getLocationStrByType
FNDA:3,createRouteArrayFromParams
FNDA:8,loopThroughParam
FNDA:2,createSlashString
FNDA:1,createQueryString
FNDA:3,convertParamsToRoute
FNDA:6,checkIfValueShouldMapToParam
FNDA:3,createArrFromSlashStr
FNDA:3,convertSlashRouteStrToParamsObj
FNDA:5,createParamsFromStr
FNDA:5,getLastArrVal
FNDA:5,getLastParam
FNDA:1,createDefaultParamFromEmptyStr
FNDA:2,convertQueryStrToParams
FNDA:6,convertRouteToParams
FNDA:1,(anonymous_180)
FNDA:0,(anonymous_181)
FNDA:0,isMergeableObject
FNDA:0,emptyTarget
FNDA:0,cloneIfNecessary
FNDA:0,defaultArrayMerge
FNDA:0,(anonymous_186)
FNDA:0,mergeObject
FNDA:0,(anonymous_188)
FNDA:0,(anonymous_189)
FNDA:0,deepMerge
FNDA:0,deepmergeAll
FNDA:0,(anonymous_192)
FNDA:1,(anonymous_193)
FNDA:0,(anonymous_194)
FNDA:0,(anonymous_195)
FNDA:0,(anonymous_196)
FNDA:0,(anonymous_197)
FNDA:0,(anonymous_198)
FNDA:0,(anonymous_199)
FNDA:0,(anonymous_200)
FNDA:0,(anonymous_201)
FNDA:0,(anonymous_202)
FNDA:0,(anonymous_203)
FNDA:0,(anonymous_204)
FNDA:0,(anonymous_205)
FNDA:0,(anonymous_206)
FNDA:0,(anonymous_207)
FNDA:0,(anonymous_208)
FNDA:0,(anonymous_209)
FNDA:0,(anonymous_210)
FNDA:0,(anonymous_211)
FNDA:0,(anonymous_212)
FNDA:0,(anonymous_213)
FNDA:0,(anonymous_214)
FNDA:0,(anonymous_215)
FNDA:0,(anonymous_216)
FNDA:0,(anonymous_217)
FNDA:0,isIOS
FNDA:0,getConstructorName
FNDA:0,arrFromMapKeys
FNDA:0,addKeysToArr
FNDA:0,findStrFromRegexArr
FNDA:0,checkIfMatch
FNDA:0,(anonymous_224)
FNDA:0,(anonymous_225)
FNDA:0,(anonymous_226)
FNDA:0,findStrOrRegexMatchStr
FNDA:0,createRe
FNDA:0,closest
FNDA:0,convertDomStringMapToObj
FNDA:0,next
FNDA:0,error
FNDA:0,complete
FNDA:0,right
FNDA:0,map
FNDA:0,fold
FNDA:0,inspect
FNDA:0,ifNilThenUpdate
FNDA:0,left
FNDA:0,map
FNDA:0,fold
FNDA:0,inspect
FNDA:0,checkIfObjIsNotEmptyOrNil
FNDA:0,fromNullable
FNDA:0,findInObj
FNDA:0,pullRouteInfo
FNDA:0,getAllMethodNames
FNDA:0,getPropNamesArr
FNDA:0,removeSlashes
FNDA:0,pullHashAndSlashFromPath
FNDA:0,pullSlashFromPath
FNDA:0,pullMainRoute
FNDA:0,pullParams
FNDA:0,pullTranslateX
FNDA:0,pullTranslateY
FNDA:0,pullTranslateYFromHeader
FNDA:1,(anonymous_257)
FNDA:1,(anonymous_258)
FNDA:1,(anonymous_259)
FNDA:1,(anonymous_260)
FNDA:1,(anonymous_261)
FNDA:1,(anonymous_262)
FNDA:1,(anonymous_263)
FNDA:1,(anonymous_264)
FNDA:1,(anonymous_265)
FNDA:1,(anonymous_266)
FNDA:0,(anonymous_267)
FNDA:1,(anonymous_268)
FNDA:0,(anonymous_269)
FNDA:1,(anonymous_270)
FNDA:1,(anonymous_271)
FNDA:8,(anonymous_272)
FNDA:0,(anonymous_273)
FNDA:0,DISPOSING
FNDA:0,DISPOSE
FNDA:0,RENDERED
FNDA:0,RENDERED_AND_ATTACHED_TO_WINDOW
FNDA:0,RENDERED_AND_ATTACHED_TO_PARENT
FNDA:0,READY_FOR_GC
FNDA:0,NOTHING
FNDA:0,CHANNEL_ROUTE_CHANGE_EVENT
FNDA:0,UI_EVENT_BLUR
FNDA:0,UI_EVENT_
FNDA:0,UI_EVENT_CLICK
FNDA:0,UI_EVENT_DBLCLICK
FNDA:1,(anonymous_286)
FNDA:1,(anonymous_287)
DA:1,1
DA:2,1
DA:3,0
DA:4,1
DA:5,0
DA:6,1
DA:7,0
DA:9,1
DA:11,1
DA:13,1
DA:16,1
DA:19,24
DA:20,10
DA:23,14
DA:30,14
DA:33,14
DA:36,14
DA:41,1
DA:44,1
DA:47,1
DA:48,44
DA:49,44
DA:58,1
DA:59,11
DA:63,1
DA:64,0
DA:65,0
DA:66,0
DA:67,0
DA:68,0
DA:72,44
DA:75,1
DA:79,1
DA:91,1
DA:92,1
DA:93,1
DA:96,1
DA:99,0
DA:100,0
DA:101,0
DA:102,0
DA:103,0
DA:105,0
DA:106,0
DA:109,0
DA:110,0
DA:111,0
DA:113,0
DA:114,0
DA:116,0
DA:117,0
DA:118,0
DA:121,0
DA:125,0
DA:127,0
DA:128,0
DA:136,0
DA:137,0
DA:146,0
DA:149,1
DA:150,1
DA:151,1
DA:153,1
DA:154,0
DA:155,0
DA:163,1
DA:164,0
DA:165,0
DA:173,1
DA:174,0
DA:176,0
DA:177,0
DA:185,0
DA:195,1
DA:196,0
DA:199,1
DA:200,0
DA:203,0
DA:204,0
DA:205,0
DA:206,0
DA:208,0
DA:209,0
DA:215,0
DA:216,0
DA:218,0
DA:219,0
DA:222,0
DA:223,0
DA:226,0
DA:227,0
DA:228,0
DA:236,0
DA:246,1
DA:247,0
DA:248,0
DA:257,1
DA:258,2
DA:259,2
DA:260,2
DA:261,0
DA:266,2
DA:271,1
DA:272,0
DA:273,0
DA:274,0
DA:275,0
DA:279,0
DA:280,0
DA:285,0
DA:290,1
DA:292,0
DA:293,0
DA:294,0
DA:295,0
DA:296,0
DA:304,0
DA:309,0
DA:310,0
DA:316,1
DA:317,0
DA:318,0
DA:319,0
DA:320,0
DA:326,0
DA:327,0
DA:328,0
DA:334,0
DA:339,1
DA:341,0
DA:342,0
DA:343,0
DA:344,0
DA:345,0
DA:351,0
DA:357,0
DA:362,0
DA:363,0
DA:368,1
DA:369,0
DA:371,0
DA:372,0
DA:373,0
DA:379,0
DA:385,0
DA:388,1
DA:389,0
DA:391,0
DA:396,0
DA:399,1
DA:400,0
DA:403,0
DA:423,1
DA:424,6
DA:425,1
DA:426,1
DA:427,1
DA:428,1
DA:434,1
DA:436,1
DA:438,1
DA:441,1
DA:443,1
DA:444,0
DA:446,0
DA:448,0
DA:450,0
DA:451,0
DA:453,0
DA:455,0
DA:456,0
DA:457,0
DA:459,0
DA:462,1
DA:464,1
DA:465,0
DA:468,1
DA:469,0
DA:471,0
DA:472,0
DA:475,0
DA:476,0
DA:479,1
DA:480,0
DA:483,1
DA:484,0
DA:485,0
DA:487,0
DA:488,0
DA:491,0
DA:492,0
DA:493,0
DA:496,1
DA:497,0
DA:498,0
DA:499,0
DA:502,1
DA:503,0
DA:504,0
DA:507,0
DA:508,0
DA:511,1
DA:512,0
DA:513,0
DA:516,0
DA:517,0
DA:519,0
DA:522,1
DA:523,0
DA:524,0
DA:525,0
DA:526,0
DA:527,0
DA:528,0
DA:529,0
DA:532,1
DA:533,0
DA:534,0
DA:537,0
DA:538,0
DA:542,1
DA:543,1
DA:546,1
DA:547,1
DA:550,1
DA:551,1
DA:552,1
DA:553,1
DA:556,0
DA:557,0
DA:560,1
DA:561,1
DA:562,0
DA:565,1
DA:566,1
DA:567,1
DA:568,1
DA:569,1
DA:570,1
DA:579,1
DA:580,1
DA:581,0
DA:584,1
DA:585,1
DA:586,1
DA:587,1
DA:589,1
DA:591,1
DA:598,1
DA:611,1
DA:612,0
DA:613,0
DA:616,0
DA:617,0
DA:619,0
DA:621,0
DA:627,0
DA:634,0
DA:645,0
DA:648,1
DA:649,1
DA:650,1
DA:653,1
DA:654,1
DA:656,1
DA:662,1
DA:663,1
DA:672,1
DA:673,1
DA:674,1
DA:677,1
DA:678,3
DA:679,3
DA:682,1
DA:683,3
DA:684,3
DA:687,1
DA:688,0
DA:689,0
DA:692,0
DA:693,0
DA:694,0
DA:695,0
DA:697,0
DA:698,0
DA:699,0
DA:700,0
DA:703,0
DA:706,1
DA:707,0
DA:708,0
DA:711,1
DA:712,0
DA:714,0
DA:716,0
DA:717,0
DA:718,0
DA:721,0
DA:724,0
DA:725,0
DA:729,1
DA:730,0
DA:733,1
DA:734,0
DA:735,0
DA:736,0
DA:737,0
DA:738,0
DA:739,0
DA:740,0
DA:741,0
DA:742,0
DA:743,0
DA:744,0
DA:745,0
DA:748,1
DA:761,1
DA:762,1
DA:763,1
DA:765,1
DA:768,1
DA:769,0
DA:770,0
DA:777,0
DA:778,0
DA:780,0
DA:781,0
DA:784,0
DA:787,1
DA:788,0
DA:790,0
DA:791,0
DA:794,0
DA:797,1
DA:798,0
DA:799,0
DA:802,1
DA:804,1
DA:805,0
DA:808,1
DA:821,1
DA:822,1
DA:823,1
DA:824,1
DA:825,1
DA:826,1
DA:828,1
DA:835,1
DA:837,1
DA:839,1
DA:842,1
DA:843,0
DA:845,0
DA:846,0
DA:849,0
DA:850,0
DA:851,0
DA:852,0
DA:855,0
DA:857,0
DA:858,0
DA:859,0
DA:861,0
DA:862,0
DA:863,0
DA:868,1
DA:870,1
DA:873,1
DA:874,0
DA:877,1
DA:879,1
DA:880,0
DA:882,0
DA:883,0
DA:886,0
DA:887,0
DA:890,1
DA:891,0
DA:894,1
DA:895,0
DA:897,0
DA:899,0
DA:900,0
DA:906,0
DA:907,0
DA:910,0
DA:912,0
DA:915,1
DA:917,1
DA:918,0
DA:919,0
DA:923,0
DA:945,0
DA:948,1
DA:949,0
DA:951,0
DA:952,0
DA:955,0
DA:956,0
DA:959,0
DA:960,0
DA:963,0
DA:964,0
DA:967,1
DA:978,1
DA:981,0
DA:985,1
DA:998,1
DA:999,1
DA:1000,1
DA:1001,1
DA:1002,1
DA:1003,1
DA:1004,1
DA:1005,1
DA:1006,1
DA:1007,1
DA:1011,1
DA:1013,1
DA:1016,1
DA:1017,0
DA:1019,0
DA:1025,1
DA:1026,1
DA:1027,1
DA:1028,1
DA:1030,1
DA:1031,0
DA:1035,1
DA:1036,0
DA:1040,1
DA:1050,1
DA:1054,1
DA:1057,0
DA:1063,0
DA:1068,0
DA:1074,1
DA:1084,1
DA:1085,0
DA:1086,0
DA:1091,1
DA:1094,0
DA:1099,0
DA:1104,0
DA:1109,0
DA:1113,1
DA:1114,0
DA:1115,0
DA:1118,1
DA:1119,0
DA:1122,0
DA:1125,0
DA:1128,1
DA:1129,0
DA:1132,0
DA:1135,0
DA:1141,1
DA:1142,0
DA:1148,1
DA:1149,0
DA:1159,0
DA:1169,1
DA:1170,0
DA:1173,0
DA:1178,0
DA:1183,0
DA:1186,0
DA:1191,0
DA:1205,0
DA:1232,1
DA:1233,1
DA:1234,1
DA:1236,1
DA:1238,1
DA:1241,1
DA:1242,0
DA:1245,1
DA:1246,0
DA:1247,0
DA:1250,0
DA:1251,0
DA:1254,0
DA:1255,0
DA:1258,1
DA:1259,0
DA:1260,0
DA:1263,0
DA:1266,1
DA:1267,0
DA:1268,0
DA:1270,0
DA:1276,1
DA:1277,0
DA:1278,0
DA:1279,0
DA:1282,0
DA:1283,0
DA:1284,0
DA:1286,0
DA:1289,0
DA:1294,0
DA:1297,1
DA:1298,0
DA:1299,0
DA:1302,1
DA:1315,1
DA:1316,8
DA:1317,1
DA:1319,1
DA:1322,1
DA:1323,0
DA:1326,1
DA:1327,11
DA:1328,11
DA:1329,11
DA:1330,11
DA:1333,1
DA:1334,10
DA:1335,10
DA:1337,10
DA:1338,14
DA:1341,10
DA:1342,10
DA:1344,10
DA:1345,1
DA:1348,10
DA:1351,1
DA:1352,5
DA:1353,2
DA:1356,5
DA:1357,5
DA:1362,5
DA:1363,5
DA:1364,5
DA:1365,5
DA:1368,1
DA:1369,3
DA:1371,3
DA:1372,0
DA:1375,3
DA:1377,3
DA:1378,8
DA:1379,8
DA:1381,8
DA:1383,8
DA:1385,8
DA:1386,0
DA:1387,8
DA:1388,5
DA:1391,8
DA:1393,8
DA:1395,7
DA:1399,8
DA:1400,8
DA:1401,8
DA:1402,8
DA:1404,8
DA:1405,3
DA:1407,3
DA:1408,3
DA:1410,5
DA:1411,2
DA:1415,3
DA:1416,3
DA:1419,1
DA:1420,2
DA:1421,2
DA:1422,2
DA:1423,2
DA:1426,1
DA:1427,1
DA:1428,1
DA:1429,1
DA:1430,1
DA:1431,1
DA:1432,1
DA:1433,1
DA:1434,1
DA:1437,1
DA:1438,3
DA:1439,0
DA:1442,3
DA:1443,3
DA:1444,3
DA:1445,3
DA:1446,3
DA:1447,3
DA:1449,3
DA:1450,1
DA:1454,2
DA:1457,1
DA:1458,6
DA:1459,6
DA:1460,6
DA:1461,6
DA:1462,6
DA:1465,1
DA:1466,3
DA:1467,3
DA:1470,1
DA:1471,3
DA:1473,3
DA:1474,3
DA:1475,3
DA:1476,3
DA:1477,3
DA:1479,3
DA:1480,5
DA:1482,5
DA:1484,5
DA:1485,5
DA:1486,5
DA:1489,5
DA:1490,5
DA:1491,5
DA:1492,5
DA:1494,5
DA:1495,1
DA:1496,4
DA:1497,1
DA:1501,3
DA:1502,3
DA:1503,3
DA:1504,3
DA:1512,1
DA:1513,5
DA:1514,5
DA:1517,5
DA:1520,1
DA:1521,1
DA:1522,1
DA:1523,1
DA:1524,1
DA:1527,1
DA:1528,2
DA:1529,2
DA:1530,2
DA:1531,2
DA:1532,2
DA:1533,2
DA:1534,2
DA:1536,2
DA:1537,1
DA:1538,1
DA:1541,2
DA:1542,2
DA:1550,1
DA:1551,6
DA:1552,1
DA:1555,5
DA:1556,5
DA:1558,5
DA:1559,2
DA:1562,3
DA:1565,1
DA:1578,1
DA:1579,1
DA:1580,1
DA:1581,0
DA:1582,0
DA:1585,1
DA:1586,0
DA:1589,1
DA:1590,0
DA:1591,0
DA:1594,1
DA:1595,0
DA:1596,0
DA:1597,0
DA:1598,0
DA:1599,0
DA:1600,0
DA:1601,0
DA:1602,0
DA:1605,0
DA:1608,1
DA:1609,0
DA:1611,0
DA:1612,0
DA:1613,0
DA:1617,0
DA:1618,0
DA:1619,0
DA:1621,0
DA:1624,0
DA:1627,1
DA:1628,0
DA:1629,0
DA:1632,0
DA:1634,0
DA:1635,0
DA:1637,0
DA:1641,1
DA:1642,0
DA:1643,0
DA:1647,0
DA:1648,0
DA:1664,1
DA:1665,1
DA:1666,1
DA:1667,1
DA:1668,1
DA:1669,1
DA:1670,1
DA:1671,1
DA:1672,1
DA:1673,1
DA:1674,1
DA:1675,1
DA:1676,1
DA:1677,1
DA:1678,1
DA:1679,1
DA:1680,1
DA:1681,1
DA:1682,1
DA:1683,1
DA:1684,1
DA:1685,1
DA:1686,1
DA:1687,1
DA:1688,1
DA:1689,1
DA:1691,1
DA:1693,1
DA:1694,0
DA:1696,0
DA:1697,0
DA:1700,1
DA:1701,0
DA:1702,0
DA:1705,0
DA:1706,0
DA:1707,0
DA:1710,1
DA:1711,0
DA:1713,0
DA:1714,0
DA:1717,0
DA:1718,0
DA:1721,1
DA:1722,0
DA:1723,0
DA:1726,0
DA:1727,0
DA:1730,0
DA:1731,0
DA:1732,0
DA:1733,0
DA:1735,0
DA:1737,0
DA:1739,0
DA:1742,1
DA:1743,0
DA:1744,0
DA:1747,0
DA:1748,0
DA:1751,0
DA:1752,0
DA:1755,1
DA:1756,0
DA:1757,0
DA:1758,0
DA:1760,0
DA:1761,0
DA:1763,0
DA:1764,0
DA:1765,0
DA:1769,0
DA:1772,1
DA:1773,0
DA:1775,0
DA:1776,0
DA:1779,0
DA:1783,1
DA:1785,0
DA:1788,0
DA:1791,0
DA:1795,1
DA:1796,0
DA:1798,0
DA:1801,0
DA:1804,0
DA:1809,1
DA:1810,0
DA:1811,0
DA:1814,1
DA:1815,0
DA:1817,0
DA:1820,0
DA:1823,0
DA:1828,1
DA:1829,0
DA:1830,0
DA:1831,0
DA:1832,0
DA:1835,1
DA:1836,0
DA:1839,1
DA:1840,0
DA:1841,0
DA:1844,0
DA:1845,0
DA:1848,1
DA:1849,0
DA:1850,0
DA:1851,0
DA:1852,0
DA:1858,1
DA:1859,0
DA:1860,0
DA:1863,0
DA:1864,0
DA:1867,0
DA:1868,0
DA:1869,0
DA:1872,0
DA:1873,0
DA:1876,0
DA:1880,0
DA:1881,0
DA:1882,0
DA:1884,0
DA:1885,0
DA:1886,0
DA:1887,0
DA:1895,1
DA:1896,0
DA:1899,1
DA:1901,1
DA:1902,0
DA:1905,1
DA:1906,0
DA:1909,1
DA:1910,0
DA:1913,1
DA:1914,0
DA:1917,1
DA:1918,0
DA:1921,1
DA:1922,0
DA:1925,1
DA:1926,0
DA:1941,1
DA:1942,1
DA:1943,1
DA:1944,1
DA:1945,1
DA:1951,1
DA:1952,1
DA:1953,1
DA:1954,1
DA:1955,1
DA:1956,1
DA:1957,1
DA:1958,1
DA:1959,1
DA:1961,1
DA:1962,1
DA:1963,1
DA:1964,1
DA:1966,1
DA:1967,1
DA:1968,1
DA:1969,1
DA:1970,1
DA:1972,1
DA:1973,1
DA:1974,1
DA:1975,1
DA:1976,1
DA:1978,1
DA:1979,1
DA:1980,1
DA:1981,1
DA:1982,1
DA:1984,1
DA:1985,1
DA:1986,1
DA:1987,1
DA:1988,1
DA:1990,1
DA:1991,1
DA:1993,1
DA:2007,1
DA:2008,1
DA:2009,1
DA:2010,1
DA:2011,1
DA:2035,1
DA:2090,1
DA:2157,1
DA:2158,1
DA:2159,8
DA:2160,1
DA:2161,1
DA:2207,1
DA:2276,1
DA:2301,1
DA:2312,1
LF:900
LH:461
BRDA:2,1,0,0
BRDA:2,1,1,1
BRDA:2,2,0,1
BRDA:2,2,1,0
BRDA:4,3,0,0
BRDA:4,3,1,1
BRDA:4,4,0,1
BRDA:4,4,1,0
BRDA:6,5,0,0
BRDA:6,5,1,1
BRDA:19,6,0,10
BRDA:19,6,1,14
BRDA:48,7,0,44
BRDA:48,7,1,0
BRDA:64,8,0,0
BRDA:64,8,1,0
BRDA:64,9,0,0
BRDA:64,9,1,0
BRDA:92,10,0,1
BRDA:92,10,1,0
BRDA:100,11,0,0
BRDA:100,11,1,0
BRDA:101,12,0,0
BRDA:101,12,1,0
BRDA:103,13,0,0
BRDA:103,13,1,0
BRDA:105,14,0,0
BRDA:105,14,1,0
BRDA:110,15,0,0
BRDA:110,15,1,0
BRDA:113,16,0,0
BRDA:113,16,1,0
BRDA:117,17,0,0
BRDA:117,17,1,0
BRDA:117,18,0,0
BRDA:117,18,1,0
BRDA:118,19,0,0
BRDA:118,19,1,0
BRDA:127,20,0,0
BRDA:127,20,1,0
BRDA:127,21,0,0
BRDA:127,21,1,0
BRDA:136,22,0,0
BRDA:136,22,1,0
BRDA:176,23,0,0
BRDA:176,23,1,0
BRDA:203,24,0,0
BRDA:203,24,1,0
BRDA:204,25,0,0
BRDA:204,25,1,0
BRDA:205,26,0,0
BRDA:205,26,1,0
BRDA:206,27,0,0
BRDA:206,27,1,0
BRDA:207,28,0,0
BRDA:207,28,1,0
BRDA:209,29,0,0
BRDA:209,29,1,0
BRDA:219,30,0,0
BRDA:219,30,1,0
BRDA:222,31,0,0
BRDA:222,31,1,0
BRDA:223,32,0,0
BRDA:223,32,1,0
BRDA:226,33,0,0
BRDA:226,33,1,0
BRDA:227,34,0,0
BRDA:227,34,1,0
BRDA:260,35,0,0
BRDA:260,35,1,2
BRDA:274,36,0,0
BRDA:274,36,1,0
BRDA:279,37,0,0
BRDA:279,37,1,0
BRDA:294,38,0,0
BRDA:294,38,1,0
BRDA:294,39,0,0
BRDA:294,39,1,0
BRDA:295,40,0,0
BRDA:295,40,1,0
BRDA:319,41,0,0
BRDA:319,41,1,0
BRDA:326,42,0,0
BRDA:326,42,1,0
BRDA:328,43,0,0
BRDA:328,43,1,0
BRDA:343,44,0,0
BRDA:343,44,1,0
BRDA:344,45,0,0
BRDA:344,45,1,0
BRDA:371,46,0,0
BRDA:371,46,1,0
BRDA:401,47,0,0
BRDA:401,47,1,0
BRDA:446,48,0,0
BRDA:446,48,1,0
BRDA:487,49,0,0
BRDA:487,49,1,0
BRDA:503,50,0,0
BRDA:503,50,1,0
BRDA:512,51,0,0
BRDA:512,51,1,0
BRDA:516,52,0,0
BRDA:516,52,1,0
BRDA:533,53,0,0
BRDA:533,53,1,0
BRDA:537,54,0,0
BRDA:537,54,1,0
BRDA:551,55,0,1
BRDA:551,55,1,0
BRDA:561,56,0,0
BRDA:561,56,1,1
BRDA:580,57,0,0
BRDA:580,57,1,1
BRDA:612,58,0,0
BRDA:612,58,1,0
BRDA:649,59,0,1
BRDA:649,59,1,0
BRDA:653,60,0,0
BRDA:653,60,1,1
BRDA:678,61,0,1
BRDA:678,61,1,2
BRDA:683,62,0,2
BRDA:683,62,1,1
BRDA:688,63,0,0
BRDA:688,63,1,0
BRDA:693,64,0,0
BRDA:693,64,1,0
BRDA:694,65,0,0
BRDA:694,65,1,0
BRDA:695,66,0,0
BRDA:695,66,1,0
BRDA:697,67,0,0
BRDA:697,67,1,0
BRDA:697,68,0,0
BRDA:697,68,1,0
BRDA:699,69,0,0
BRDA:699,69,1,0
BRDA:716,70,0,0
BRDA:716,70,1,0
BRDA:780,71,0,0
BRDA:780,71,1,0
BRDA:790,72,0,0
BRDA:790,72,1,0
BRDA:790,73,0,0
BRDA:790,73,1,0
BRDA:826,74,0,1
BRDA:826,74,1,1
BRDA:826,75,0,0
BRDA:826,75,1,1
BRDA:828,76,0,1
BRDA:828,76,1,0
BRDA:828,77,0,0
BRDA:828,77,1,1
BRDA:845,78,0,0
BRDA:845,78,1,0
BRDA:912,79,0,0
BRDA:912,79,1,0
BRDA:918,80,0,0
BRDA:918,80,1,0
BRDA:1019,81,0,0
BRDA:1019,81,1,0
BRDA:1050,82,0,1
BRDA:1050,82,1,0
BRDA:1050,83,0,1
BRDA:1050,83,1,1
BRDA:1122,84,0,0
BRDA:1122,84,1,0
BRDA:1132,85,0,0
BRDA:1132,85,1,0
BRDA:1197,86,0,0
BRDA:1197,86,1,0
BRDA:1211,87,0,0
BRDA:1211,87,1,0
BRDA:1260,88,0,0
BRDA:1260,88,1,0
BRDA:1282,89,0,0
BRDA:1282,89,1,0
BRDA:1344,90,0,1
BRDA:1344,90,1,9
BRDA:1352,91,0,2
BRDA:1352,91,1,3
BRDA:1356,92,0,0
BRDA:1356,92,1,5
BRDA:1371,93,0,0
BRDA:1371,93,1,3
BRDA:1381,94,0,7
BRDA:1381,94,1,1
BRDA:1385,95,0,0
BRDA:1385,95,1,8
BRDA:1387,96,0,5
BRDA:1387,96,1,3
BRDA:1393,97,0,7
BRDA:1393,97,1,1
BRDA:1402,98,0,8
BRDA:1402,98,1,3
BRDA:1404,99,0,3
BRDA:1404,99,1,5
BRDA:1407,100,0,3
BRDA:1407,100,1,0
BRDA:1410,101,0,2
BRDA:1410,101,1,3
BRDA:1410,102,0,5
BRDA:1410,102,1,3
BRDA:1438,103,0,0
BRDA:1438,103,1,3
BRDA:1442,104,0,3
BRDA:1442,104,1,0
BRDA:1445,105,0,0
BRDA:1445,105,1,3
BRDA:1449,106,0,1
BRDA:1449,106,1,2
BRDA:1484,107,0,5
BRDA:1484,107,1,0
BRDA:1494,108,0,1
BRDA:1494,108,1,4
BRDA:1496,109,0,1
BRDA:1496,109,1,3
BRDA:1514,110,0,5
BRDA:1514,110,1,0
BRDA:1536,111,0,1
BRDA:1536,111,1,1
BRDA:1551,112,0,1
BRDA:1551,112,1,5
BRDA:1555,113,0,5
BRDA:1555,113,1,0
BRDA:1558,114,0,2
BRDA:1558,114,1,3
BRDA:1581,115,0,0
BRDA:1581,115,1,0
BRDA:1582,116,0,0
BRDA:1582,116,1,0
BRDA:1582,116,2,0
BRDA:1586,117,0,0
BRDA:1586,117,1,0
BRDA:1590,118,0,0
BRDA:1590,118,1,0
BRDA:1591,119,0,0
BRDA:1591,119,1,0
BRDA:1591,120,0,0
BRDA:1591,120,1,0
BRDA:1597,121,0,0
BRDA:1597,121,1,0
BRDA:1599,122,0,0
BRDA:1599,122,1,0
BRDA:1601,123,0,0
BRDA:1601,123,1,0
BRDA:1611,124,0,0
BRDA:1611,124,1,0
BRDA:1618,125,0,0
BRDA:1618,125,1,0
BRDA:1618,126,0,0
BRDA:1618,126,1,0
BRDA:1629,127,0,0
BRDA:1629,127,1,0
BRDA:1632,128,0,0
BRDA:1632,128,1,0
BRDA:1634,129,0,0
BRDA:1634,129,1,0
BRDA:1635,130,0,0
BRDA:1635,130,1,0
BRDA:1642,131,0,0
BRDA:1642,131,1,0
BRDA:1642,132,0,0
BRDA:1642,132,1,0
BRDA:1701,133,0,0
BRDA:1701,133,1,0
BRDA:1722,134,0,0
BRDA:1722,134,1,0
BRDA:1743,135,0,0
BRDA:1743,135,1,0
BRDA:1763,136,0,0
BRDA:1763,136,1,0
BRDA:1811,137,0,0
BRDA:1811,137,1,0
BRDA:1836,138,0,0
BRDA:1836,138,1,0
BRDA:1840,139,0,0
BRDA:1840,139,1,0
BRDA:1845,140,0,0
BRDA:1845,140,1,0
BRDA:1859,141,0,0
BRDA:1859,141,1,0
BRDA:1863,142,0,0
BRDA:1863,142,1,0
BRDA:1868,143,0,0
BRDA:1868,143,1,0
BRDA:1872,144,0,0
BRDA:1872,144,1,0
BRF:289
BRH:67
end_of_record
TN:
SF:/Users/frankbatista/sites/spyne/src/tests/channels/channel-stream-item.test.js
FN:1,webpackUniversalModuleDefinition
FN:10,(anonymous_2)
FN:11,(anonymous_3)
FN:16,__webpack_require__
FN:47,(anonymous_5)
FN:58,(anonymous_6)
FN:63,(anonymous_7)
FN:65,getDefault
FN:66,getModuleExports
FN:72,(anonymous_10)
FN:89,(anonymous_11)
FN:93,(anonymous_12)
FN:98,(anonymous_13)
FN:99,ChannelStreamItem
FN:118,validateAction
FN:128,getLocationData
FN:133,getStreamItem
FN:135,getMouseEventKeys
FN:149,(anonymous_19)
FN:157,(anonymous_20)
FN:158,(anonymous_21)
FN:163,(anonymous_22)
FN:170,(anonymous_23)
FN:186,(anonymous_24)
FN:190,(anonymous_25)
FN:191,(anonymous_26)
FN:192,(anonymous_27)
FN:336,(anonymous_28)
FNF:28
FNH:19
FNDA:1,webpackUniversalModuleDefinition
FNDA:1,(anonymous_2)
FNDA:1,(anonymous_3)
FNDA:4,__webpack_require__
FNDA:4,(anonymous_5)
FNDA:3,(anonymous_6)
FNDA:0,(anonymous_7)
FNDA:0,getDefault
FNDA:0,getModuleExports
FNDA:4,(anonymous_10)
FNDA:1,(anonymous_11)
FNDA:2,(anonymous_12)
FNDA:1,(anonymous_13)
FNDA:0,ChannelStreamItem
FNDA:2,validateAction
FNDA:0,getLocationData
FNDA:0,getStreamItem
FNDA:0,getMouseEventKeys
FNDA:1,(anonymous_19)
FNDA:1,(anonymous_20)
FNDA:1,(anonymous_21)
FNDA:1,(anonymous_22)
FNDA:1,(anonymous_23)
FNDA:1,(anonymous_24)
FNDA:0,(anonymous_25)
FNDA:0,(anonymous_26)
FNDA:1,(anonymous_27)
FNDA:1,(anonymous_28)
DA:1,1
DA:2,1
DA:3,0
DA:4,1
DA:5,0
DA:6,1
DA:7,0
DA:9,1
DA:11,1
DA:13,1
DA:16,1
DA:19,4
DA:20,0
DA:23,4
DA:30,4
DA:33,4
DA:36,4
DA:41,1
DA:44,1
DA:47,1
DA:48,4
DA:49,4
DA:58,1
DA:59,3
DA:63,1
DA:64,0
DA:65,0
DA:66,0
DA:67,0
DA:68,0
DA:72,4
DA:75,1
DA:79,1
DA:92,1
DA:93,2
DA:94,1
DA:96,1
DA:99,1
DA:100,0
DA:101,0
DA:108,0
DA:109,0
DA:111,0
DA:112,0
DA:115,0
DA:118,1
DA:119,2
DA:121,2
DA:122,0
DA:125,2
DA:128,1
DA:129,0
DA:130,0
DA:133,1
DA:135,1
DA:136,0
DA:139,1
DA:152,1
DA:153,1
DA:154,1
DA:157,1
DA:158,1
DA:159,1
DA:161,1
DA:163,1
DA:164,1
DA:165,1
DA:166,1
DA:167,1
DA:168,1
DA:170,1
DA:171,1
DA:172,1
DA:173,1
DA:174,1
DA:175,1
DA:189,1
DA:190,1
DA:191,1
DA:192,1
DA:193,1
DA:217,1
DA:272,1
DA:338,1
LF:84
LH:64
BRDA:2,1,0,0
BRDA:2,1,1,1
BRDA:2,2,0,1
BRDA:2,2,1,0
BRDA:4,3,0,0
BRDA:4,3,1,1
BRDA:4,4,0,1
BRDA:4,4,1,0
BRDA:6,5,0,0
BRDA:6,5,1,1
BRDA:19,6,0,0
BRDA:19,6,1,4
BRDA:48,7,0,4
BRDA:48,7,1,0
BRDA:64,8,0,0
BRDA:64,8,1,0
BRDA:64,9,0,0
BRDA:64,9,1,0
BRDA:111,10,0,0
BRDA:111,10,1,0
BRDA:121,11,0,0
BRDA:121,11,1,2
BRDA:121,12,0,2
BRDA:121,12,1,1
BRF:24
BRH:10
end_of_record
TN:
SF:/Users/frankbatista/sites/spyne/src/tests/channels/channel-util-dom.test.js
FN:1,webpackUniversalModuleDefinition
FN:10,(anonymous_2)
FN:11,(anonymous_3)
FN:16,__webpack_require__
FN:47,(anonymous_5)
FN:58,(anonymous_6)
FN:63,(anonymous_7)
FN:65,getDefault
FN:66,getModuleExports
FN:72,(anonymous_10)
FN:89,(anonymous_11)
FN:93,(anonymous_12)
FN:98,(anonymous_13)
FN:99,ChannelStreamItem
FN:118,validateAction
FN:128,getLocationData
FN:133,getStreamItem
FN:135,getMouseEventKeys
FN:149,(anonymous_19)
FN:153,(anonymous_20)
FN:157,_inheritsLoose
FN:169,(anonymous_22)
FN:172,ChannelWindow
FN:186,initializeStream
FN:196,(anonymous_25)
FN:206,getScrollMapFn
FN:227,getMouseWheelMapFn
FN:248,createCurriedGenericEvent
FN:254,mapGenericEvent
FN:267,getResizeMapFn
FN:279,getOrientationMapFn
FN:294,getMediaQueryMapFn
FN:306,createMouseWheelObservable
FN:311,createScrollObservable
FN:312,skipWhenDirIsMissing
FN:320,createOrientationObservable
FN:325,createResizeObservable
FN:331,getEventsFromConfig
FN:338,addWindowEventToArr
FN:346,getActiveObservables
FN:366,addObservableToArr
FN:382,checkForMediaQueries
FN:385,sendMQStream
FN:399,getMediaQueryObservable
FN:406,addRegisteredActions
FN:410,bindStaticMethods
FN:425,(anonymous_47)
FN:429,(anonymous_48)
FN:433,_defineProperties
FN:435,_createClass
FN:448,(anonymous_51)
FN:449,ChannelsBase
FN:469,(anonymous_53)
FN:477,onStreamInitialized
FN:480,initializeStream
FN:484,setTrace
FN:486,createChannelActionsObj
FN:489,converter
FN:497,addRegisteredActions
FN:501,onIncomingObservable
FN:506,dataObj
FN:513,onSuccess
FN:517,onError
FN:522,onIncomingObserverableData
FN:524,sendStreamItem
FN:555,getChannel
FN:558,isValidChannel
FN:562,error
FN:566,startSubscribe
FN:574,addMixins
FN:587,get
FN:602,(anonymous_72)
FN:606,(anonymous_73)
FN:607,(anonymous_74)
FN:608,(anonymous_75)
FN:609,(anonymous_76)
FN:610,(anonymous_77)
FN:611,(anonymous_78)
FN:612,(anonymous_79)
FN:613,(anonymous_80)
FN:623,registeredStreamNames
FN:625,includes
FN:637,getRxType
FN:642,confirmObservable
FN:663,predicate
FN:669,predicate
FN:674,predicate
FN:691,uiValidations
FN:700,predicate
FN:705,predicate
FN:710,predicate
FN:715,predicate
FN:720,stepValidations
FN:725,stepDisposeValidations
FN:728,predicate
FN:735,stepUpdateValidations
FN:738,predicate
FN:748,lifestreamValidations
FN:755,routeValidations
FN:776,StreamsConfig
FN:779,predicate
FN:784,predicate
FN:789,predicate
FN:797,observable
FN:811,observable
FN:836,(anonymous_106)
FN:840,(anonymous_107)
FN:847,(anonymous_108)
FN:848,ChannelUtilsDom
FN:852,createDomObservableFromEvent
FN:857,addHandler
FN:863,removeHandler
FN:864,(anonymous_113)
FN:869,(anonymous_114)
FN:876,createMediaQuery
FN:882,checkIfValidMediaQuery
FN:883,noSpaces
FN:889,warnMsg
FN:900,createMediaQueryHandler
FN:901,keyFn
FN:902,(anonymous_121)
FN:910,handlers
FN:912,addHandler
FN:915,removeHandler
FN:916,(anonymous_125)
FN:925,createMergedObsFromObj
FN:929,loopQueries
FN:950,(anonymous_128)
FN:954,(anonymous_129)
FN:955,isMergeableObject
FN:960,emptyTarget
FN:964,cloneIfNecessary
FN:969,defaultArrayMerge
FN:971,(anonymous_134)
FN:983,mergeObject
FN:987,(anonymous_136)
FN:992,(anonymous_137)
FN:1002,deepMerge
FN:1016,deepmergeAll
FN:1022,(anonymous_140)
FN:1036,(anonymous_141)
FN:1040,(anonymous_142)
FN:1041,(anonymous_143)
FN:1042,(anonymous_144)
FN:1043,(anonymous_145)
FN:1044,(anonymous_146)
FN:1045,(anonymous_147)
FN:1046,(anonymous_148)
FN:1047,(anonymous_149)
FN:1048,(anonymous_150)
FN:1049,(anonymous_151)
FN:1050,(anonymous_152)
FN:1051,(anonymous_153)
FN:1052,(anonymous_154)
FN:1053,(anonymous_155)
FN:1054,(anonymous_156)
FN:1055,(anonymous_157)
FN:1056,(anonymous_158)
FN:1057,(anonymous_159)
FN:1058,(anonymous_160)
FN:1059,(anonymous_161)
FN:1060,(anonymous_162)
FN:1061,(anonymous_163)
FN:1062,(anonymous_164)
FN:1063,(anonymous_165)
FN:1068,isIOS
FN:1075,getConstructorName
FN:1085,arrFromMapKeys
FN:1088,addKeysToArr
FN:1096,findStrFromRegexArr
FN:1101,checkIfMatch
FN:1107,(anonymous_172)
FN:1109,(anonymous_173)
FN:1111,(anonymous_174)
FN:1117,findStrOrRegexMatchStr
FN:1122,createRe
FN:1130,closest
FN:1147,convertDomStringMapToObj
FN:1159,next
FN:1162,error
FN:1165,complete
FN:1170,right
FN:1172,map
FN:1175,fold
FN:1178,inspect
FN:1184,ifNilThenUpdate
FN:1189,left
FN:1191,map
FN:1194,fold
FN:1197,inspect
FN:1203,checkIfObjIsNotEmptyOrNil
FN:1210,fromNullable
FN:1214,findInObj
FN:1223,pullRouteInfo
FN:1233,getAllMethodNames
FN:1242,getPropNamesArr
FN:1270,removeSlashes
FN:1276,pullHashAndSlashFromPath
FN:1280,pullSlashFromPath
FN:1284,pullMainRoute
FN:1288,pullParams
FN:1292,pullTranslateX
FN:1296,pullTranslateY
FN:1300,pullTranslateYFromHeader
FN:1313,(anonymous_205)
FN:1324,(anonymous_206)
FN:1325,(anonymous_207)
FN:1326,(anonymous_208)
FN:1331,(anonymous_209)
FN:1337,(anonymous_210)
FN:1342,(anonymous_211)
FN:1343,(anonymous_212)
FN:1344,onUnload
FN:1353,(anonymous_214)
FN:1354,(anonymous_215)
FN:1356,(anonymous_216)
FN:1357,(anonymous_217)
FN:1360,(anonymous_218)
FN:1373,(anonymous_219)
FN:1377,(anonymous_220)
FN:1378,(anonymous_221)
FN:1379,(anonymous_222)
FN:1496,DISPOSING
FN:1497,DISPOSE
FN:1498,RENDERED
FN:1499,RENDERED_AND_ATTACHED_TO_WINDOW
FN:1500,RENDERED_AND_ATTACHED_TO_PARENT
FN:1501,READY_FOR_GC
FN:1502,NOTHING
FN:1503,CHANNEL_ROUTE_CHANGE_EVENT
FN:1504,UI_EVENT_BLUR
FN:1505,UI_EVENT_
FN:1506,UI_EVENT_CLICK
FN:1507,UI_EVENT_DBLCLICK
FN:1518,(anonymous_235)
FN:1529,(anonymous_236)
FNF:236
FNH:49
FNDA:1,webpackUniversalModuleDefinition
FNDA:1,(anonymous_2)
FNDA:1,(anonymous_3)
FNDA:21,__webpack_require__
FNDA:40,(anonymous_5)
FNDA:9,(anonymous_6)
FNDA:0,(anonymous_7)
FNDA:0,getDefault
FNDA:0,getModuleExports
FNDA:40,(anonymous_10)
FNDA:1,(anonymous_11)
FNDA:0,(anonymous_12)
FNDA:1,(anonymous_13)
FNDA:0,ChannelStreamItem
FNDA:0,validateAction
FNDA:0,getLocationData
FNDA:0,getStreamItem
FNDA:0,getMouseEventKeys
FNDA:1,(anonymous_19)
FNDA:0,(anonymous_20)
FNDA:1,_inheritsLoose
FNDA:1,(anonymous_22)
FNDA:0,ChannelWindow
FNDA:0,initializeStream
FNDA:0,(anonymous_25)
FNDA:0,getScrollMapFn
FNDA:0,getMouseWheelMapFn
FNDA:0,createCurriedGenericEvent
FNDA:0,mapGenericEvent
FNDA:0,getResizeMapFn
FNDA:0,getOrientationMapFn
FNDA:0,getMediaQueryMapFn
FNDA:0,createMouseWheelObservable
FNDA:0,createScrollObservable
FNDA:0,skipWhenDirIsMissing
FNDA:0,createOrientationObservable
FNDA:0,createResizeObservable
FNDA:0,getEventsFromConfig
FNDA:0,addWindowEventToArr
FNDA:0,getActiveObservables
FNDA:0,addObservableToArr
FNDA:0,checkForMediaQueries
FNDA:0,sendMQStream
FNDA:0,getMediaQueryObservable
FNDA:0,addRegisteredActions
FNDA:0,bindStaticMethods
FNDA:1,(anonymous_47)
FNDA:1,(anonymous_48)
FNDA:1,_defineProperties
FNDA:1,_createClass
FNDA:1,(anonymous_51)
FNDA:0,ChannelsBase
FNDA:0,(anonymous_53)
FNDA:0,onStreamInitialized
FNDA:0,initializeStream
FNDA:0,setTrace
FNDA:0,createChannelActionsObj
FNDA:0,converter
FNDA:0,addRegisteredActions
FNDA:0,onIncomingObservable
FNDA:0,dataObj
FNDA:0,onSuccess
FNDA:0,onError
FNDA:0,onIncomingObserverableData
FNDA:0,sendStreamItem
FNDA:0,getChannel
FNDA:0,isValidChannel
FNDA:0,error
FNDA:0,startSubscribe
FNDA:0,addMixins
FNDA:0,get
FNDA:1,(anonymous_72)
FNDA:0,(anonymous_73)
FNDA:0,(anonymous_74)
FNDA:0,(anonymous_75)
FNDA:0,(anonymous_76)
FNDA:0,(anonymous_77)
FNDA:0,(anonymous_78)
FNDA:0,(anonymous_79)
FNDA:0,(anonymous_80)
FNDA:0,registeredStreamNames
FNDA:0,includes
FNDA:0,getRxType
FNDA:0,confirmObservable
FNDA:0,predicate
FNDA:0,predicate
FNDA:0,predicate
FNDA:0,uiValidations
FNDA:0,predicate
FNDA:0,predicate
FNDA:0,predicate
FNDA:0,predicate
FNDA:0,stepValidations
FNDA:0,stepDisposeValidations
FNDA:0,predicate
FNDA:0,stepUpdateValidations
FNDA:0,predicate
FNDA:0,lifestreamValidations
FNDA:0,routeValidations
FNDA:0,StreamsConfig
FNDA:0,predicate
FNDA:0,predicate
FNDA:0,predicate
FNDA:0,observable
FNDA:0,observable
FNDA:1,(anonymous_106)
FNDA:5,(anonymous_107)
FNDA:1,(anonymous_108)
FNDA:0,ChannelUtilsDom
FNDA:1,createDomObservableFromEvent
FNDA:0,addHandler
FNDA:0,removeHandler
FNDA:0,(anonymous_113)
FNDA:0,(anonymous_114)
FNDA:4,createMediaQuery
FNDA:4,checkIfValidMediaQuery
FNDA:8,noSpaces
FNDA:0,warnMsg
FNDA:3,createMediaQueryHandler
FNDA:3,keyFn
FNDA:0,(anonymous_121)
FNDA:3,handlers
FNDA:0,addHandler
FNDA:0,removeHandler
FNDA:0,(anonymous_125)
FNDA:1,createMergedObsFromObj
FNDA:2,loopQueries
FNDA:1,(anonymous_128)
FNDA:0,(anonymous_129)
FNDA:0,isMergeableObject
FNDA:0,emptyTarget
FNDA:0,cloneIfNecessary
FNDA:0,defaultArrayMerge
FNDA:0,(anonymous_134)
FNDA:0,mergeObject
FNDA:0,(anonymous_136)
FNDA:0,(anonymous_137)
FNDA:0,deepMerge
FNDA:0,deepmergeAll
FNDA:0,(anonymous_140)
FNDA:1,(anonymous_141)
FNDA:0,(anonymous_142)
FNDA:0,(anonymous_143)
FNDA:0,(anonymous_144)
FNDA:0,(anonymous_145)
FNDA:0,(anonymous_146)
FNDA:0,(anonymous_147)
FNDA:0,(anonymous_148)
FNDA:0,(anonymous_149)
FNDA:0,(anonymous_150)
FNDA:0,(anonymous_151)
FNDA:0,(anonymous_152)
FNDA:0,(anonymous_153)
FNDA:0,(anonymous_154)
FNDA:0,(anonymous_155)
FNDA:0,(anonymous_156)
FNDA:0,(anonymous_157)
FNDA:0,(anonymous_158)
FNDA:0,(anonymous_159)
FNDA:0,(anonymous_160)
FNDA:0,(anonymous_161)
FNDA:0,(anonymous_162)
FNDA:0,(anonymous_163)
FNDA:0,(anonymous_164)
FNDA:0,(anonymous_165)
FNDA:0,isIOS
FNDA:0,getConstructorName
FNDA:0,arrFromMapKeys
FNDA:0,addKeysToArr
FNDA:0,findStrFromRegexArr
FNDA:0,checkIfMatch
FNDA:0,(anonymous_172)
FNDA:0,(anonymous_173)
FNDA:0,(anonymous_174)
FNDA:0,findStrOrRegexMatchStr
FNDA:0,createRe
FNDA:0,closest
FNDA:0,convertDomStringMapToObj
FNDA:0,next
FNDA:0,error
FNDA:0,complete
FNDA:0,right
FNDA:0,map
FNDA:0,fold
FNDA:0,inspect
FNDA:0,ifNilThenUpdate
FNDA:0,left
FNDA:0,map
FNDA:0,fold
FNDA:0,inspect
FNDA:0,checkIfObjIsNotEmptyOrNil
FNDA:0,fromNullable
FNDA:0,findInObj
FNDA:0,pullRouteInfo
FNDA:0,getAllMethodNames
FNDA:0,getPropNamesArr
FNDA:0,removeSlashes
FNDA:0,pullHashAndSlashFromPath
FNDA:0,pullSlashFromPath
FNDA:0,pullMainRoute
FNDA:0,pullParams
FNDA:0,pullTranslateX
FNDA:0,pullTranslateY
FNDA:0,pullTranslateYFromHeader
FNDA:1,(anonymous_205)
FNDA:1,(anonymous_206)
FNDA:1,(anonymous_207)
FNDA:1,(anonymous_208)
FNDA:1,(anonymous_209)
FNDA:1,(anonymous_210)
FNDA:1,(anonymous_211)
FNDA:1,(anonymous_212)
FNDA:0,onUnload
FNDA:1,(anonymous_214)
FNDA:1,(anonymous_215)
FNDA:1,(anonymous_216)
FNDA:1,(anonymous_217)
FNDA:1,(anonymous_218)
FNDA:1,(anonymous_219)
FNDA:1,(anonymous_220)
FNDA:0,(anonymous_221)
FNDA:0,(anonymous_222)
FNDA:0,DISPOSING
FNDA:0,DISPOSE
FNDA:0,RENDERED
FNDA:0,RENDERED_AND_ATTACHED_TO_WINDOW
FNDA:0,RENDERED_AND_ATTACHED_TO_PARENT
FNDA:0,READY_FOR_GC
FNDA:0,NOTHING
FNDA:0,CHANNEL_ROUTE_CHANGE_EVENT
FNDA:0,UI_EVENT_BLUR
FNDA:0,UI_EVENT_
FNDA:0,UI_EVENT_CLICK
FNDA:0,UI_EVENT_DBLCLICK
FNDA:1,(anonymous_235)
FNDA:1,(anonymous_236)
DA:1,1
DA:2,1
DA:3,0
DA:4,1
DA:5,0
DA:6,1
DA:7,0
DA:9,1
DA:11,1
DA:13,1
DA:16,1
DA:19,21
DA:20,10
DA:23,11
DA:30,11
DA:33,11
DA:36,11
DA:41,1
DA:44,1
DA:47,1
DA:48,40
DA:49,40
DA:58,1
DA:59,9
DA:63,1
DA:64,0
DA:65,0
DA:66,0
DA:67,0
DA:68,0
DA:72,40
DA:75,1
DA:79,1
DA:92,1
DA:93,1
DA:94,1
DA:96,1
DA:99,1
DA:100,0
DA:101,0
DA:108,0
DA:109,0
DA:111,0
DA:112,0
DA:115,0
DA:118,1
DA:119,0
DA:121,0
DA:122,0
DA:125,0
DA:128,1
DA:129,0
DA:130,0
DA:133,1
DA:135,1
DA:136,0
DA:139,1
DA:152,1
DA:153,1
DA:154,1
DA:155,1
DA:156,1
DA:157,1
DA:163,1
DA:165,1
DA:167,1
DA:170,1
DA:172,1
DA:173,0
DA:175,0
DA:177,0
DA:179,0
DA:180,0
DA:181,0
DA:184,1
DA:186,1
DA:187,0
DA:190,0
DA:191,0
DA:192,0
DA:194,0
DA:196,0
DA:197,0
DA:202,0
DA:206,1
DA:207,0
DA:208,0
DA:209,0
DA:210,0
DA:211,0
DA:212,0
DA:217,0
DA:218,0
DA:227,1
DA:228,0
DA:229,0
DA:230,0
DA:233,0
DA:239,0
DA:240,0
DA:248,1
DA:249,0
DA:250,0
DA:251,0
DA:254,1
DA:255,0
DA:256,0
DA:257,0
DA:258,0
DA:259,0
DA:267,1
DA:268,0
DA:269,0
DA:270,0
DA:271,0
DA:279,1
DA:280,0
DA:281,0
DA:282,0
DA:283,0
DA:284,0
DA:285,0
DA:286,0
DA:294,1
DA:295,0
DA:296,0
DA:297,0
DA:298,0
DA:306,1
DA:307,0
DA:308,0
DA:311,1
DA:312,0
DA:313,0
DA:316,0
DA:317,0
DA:320,1
DA:322,0
DA:325,1
DA:326,0
DA:328,0
DA:331,1
DA:332,0
DA:333,0
DA:336,0
DA:338,0
DA:339,0
DA:340,0
DA:343,0
DA:346,1
DA:347,0
DA:348,0
DA:351,0
DA:354,0
DA:359,0
DA:366,0
DA:367,0
DA:369,0
DA:370,0
DA:374,0
DA:376,0
DA:377,0
DA:378,0
DA:379,0
DA:382,1
DA:383,0
DA:385,0
DA:386,0
DA:391,0
DA:394,0
DA:395,0
DA:399,1
DA:400,0
DA:402,0
DA:403,0
DA:406,1
DA:407,0
DA:410,1
DA:411,0
DA:412,0
DA:415,1
DA:428,1
DA:429,1
DA:430,1
DA:431,1
DA:432,1
DA:433,1
DA:435,1
DA:442,1
DA:444,1
DA:446,1
DA:449,1
DA:450,0
DA:452,0
DA:453,0
DA:456,0
DA:457,0
DA:458,0
DA:459,0
DA:462,0
DA:464,0
DA:465,0
DA:466,0
DA:468,0
DA:469,0
DA:470,0
DA:475,1
DA:477,1
DA:480,1
DA:481,0
DA:484,1
DA:486,1
DA:487,0
DA:489,0
DA:490,0
DA:493,0
DA:494,0
DA:497,1
DA:498,0
DA:501,1
DA:502,0
DA:504,0
DA:506,0
DA:507,0
DA:513,0
DA:514,0
DA:517,0
DA:519,0
DA:522,1
DA:524,1
DA:525,0
DA:526,0
DA:530,0
DA:552,0
DA:555,1
DA:556,0
DA:558,0
DA:559,0
DA:562,0
DA:563,0
DA:566,0
DA:567,0
DA:570,0
DA:571,0
DA:574,1
DA:585,1
DA:588,0
DA:592,1
DA:605,1
DA:606,1
DA:607,1
DA:608,1
DA:609,1
DA:610,1
DA:611,1
DA:612,1
DA:613,1
DA:614,1
DA:618,1
DA:620,1
DA:623,1
DA:624,0
DA:626,0
DA:632,1
DA:633,1
DA:634,1
DA:635,1
DA:637,1
DA:638,0
DA:642,1
DA:643,0
DA:647,1
DA:657,1
DA:661,1
DA:664,0
DA:670,0
DA:675,0
DA:681,1
DA:691,1
DA:692,0
DA:693,0
DA:698,1
DA:701,0
DA:706,0
DA:711,0
DA:716,0
DA:720,1
DA:721,0
DA:722,0
DA:725,1
DA:726,0
DA:729,0
DA:732,0
DA:735,1
DA:736,0
DA:739,0
DA:742,0
DA:748,1
DA:749,0
DA:755,1
DA:756,0
DA:766,0
DA:776,1
DA:777,0
DA:780,0
DA:785,0
DA:790,0
DA:793,0
DA:798,0
DA:812,0
DA:839,1
DA:840,5
DA:841,1
DA:843,1
DA:845,1
DA:848,1
DA:849,0
DA:852,1
DA:853,1
DA:854,1
DA:857,1
DA:858,0
DA:863,1
DA:864,0
DA:865,0
DA:869,1
DA:870,0
DA:872,1
DA:876,1
DA:877,4
DA:878,4
DA:879,4
DA:882,1
DA:883,4
DA:884,8
DA:887,4
DA:889,4
DA:890,0
DA:893,4
DA:894,0
DA:897,4
DA:900,1
DA:901,3
DA:902,3
DA:903,0
DA:904,0
DA:908,3
DA:910,3
DA:911,3
DA:913,0
DA:916,0
DA:921,3
DA:922,3
DA:925,1
DA:926,1
DA:927,1
DA:929,1
DA:930,2
DA:931,2
DA:934,1
DA:937,1
DA:940,1
DA:953,1
DA:954,1
DA:955,1
DA:956,0
DA:957,0
DA:960,1
DA:961,0
DA:964,1
DA:965,0
DA:966,0
DA:969,1
DA:970,0
DA:971,0
DA:972,0
DA:973,0
DA:974,0
DA:975,0
DA:976,0
DA:977,0
DA:980,0
DA:983,1
DA:984,0
DA:986,0
DA:987,0
DA:988,0
DA:992,0
DA:993,0
DA:994,0
DA:996,0
DA:999,0
DA:1002,1
DA:1003,0
DA:1004,0
DA:1007,0
DA:1009,0
DA:1010,0
DA:1012,0
DA:1016,1
DA:1017,0
DA:1018,0
DA:1022,0
DA:1023,0
DA:1039,1
DA:1040,1
DA:1041,1
DA:1042,1
DA:1043,1
DA:1044,1
DA:1045,1
DA:1046,1
DA:1047,1
DA:1048,1
DA:1049,1
DA:1050,1
DA:1051,1
DA:1052,1
DA:1053,1
DA:1054,1
DA:1055,1
DA:1056,1
DA:1057,1
DA:1058,1
DA:1059,1
DA:1060,1
DA:1061,1
DA:1062,1
DA:1063,1
DA:1064,1
DA:1066,1
DA:1068,1
DA:1069,0
DA:1071,0
DA:1072,0
DA:1075,1
DA:1076,0
DA:1077,0
DA:1080,0
DA:1081,0
DA:1082,0
DA:1085,1
DA:1086,0
DA:1088,0
DA:1089,0
DA:1092,0
DA:1093,0
DA:1096,1
DA:1097,0
DA:1098,0
DA:1101,0
DA:1102,0
DA:1105,0
DA:1106,0
DA:1107,0
DA:1108,0
DA:1110,0
DA:1112,0
DA:1114,0
DA:1117,1
DA:1118,0
DA:1119,0
DA:1122,0
DA:1123,0
DA:1126,0
DA:1127,0
DA:1130,1
DA:1131,0
DA:1132,0
DA:1133,0
DA:1135,0
DA:1136,0
DA:1138,0
DA:1139,0
DA:1140,0
DA:1144,0
DA:1147,1
DA:1148,0
DA:1150,0
DA:1151,0
DA:1154,0
DA:1158,1
DA:1160,0
DA:1163,0
DA:1166,0
DA:1170,1
DA:1171,0
DA:1173,0
DA:1176,0
DA:1179,0
DA:1184,1
DA:1185,0
DA:1186,0
DA:1189,1
DA:1190,0
DA:1192,0
DA:1195,0
DA:1198,0
DA:1203,1
DA:1204,0
DA:1205,0
DA:1206,0
DA:1207,0
DA:1210,1
DA:1211,0
DA:1214,1
DA:1215,0
DA:1216,0
DA:1219,0
DA:1220,0
DA:1223,1
DA:1224,0
DA:1225,0
DA:1226,0
DA:1227,0
DA:1233,1
DA:1234,0
DA:1235,0
DA:1238,0
DA:1239,0
DA:1242,0
DA:1243,0
DA:1244,0
DA:1247,0
DA:1248,0
DA:1251,0
DA:1255,0
DA:1256,0
DA:1257,0
DA:1259,0
DA:1260,0
DA:1261,0
DA:1262,0
DA:1270,1
DA:1271,0
DA:1274,1
DA:1276,1
DA:1277,0
DA:1280,1
DA:1281,0
DA:1284,1
DA:1285,0
DA:1288,1
DA:1289,0
DA:1292,1
DA:1293,0
DA:1296,1
DA:1297,0
DA:1300,1
DA:1301,0
DA:1316,1
DA:1317,1
DA:1318,1
DA:1319,1
DA:1323,1
DA:1324,1
DA:1325,1
DA:1326,1
DA:1327,1
DA:1328,1
DA:1329,1
DA:1331,1
DA:1332,1
DA:1333,1
DA:1334,1
DA:1335,1
DA:1337,1
DA:1338,1
DA:1339,1
DA:1342,1
DA:1343,1
DA:1344,1
DA:1345,0
DA:1348,1
DA:1350,1
DA:1353,1
DA:1354,1
DA:1356,1
DA:1357,1
DA:1358,1
DA:1360,1
DA:1361,1
DA:1376,1
DA:1377,1
DA:1378,1
DA:1379,1
DA:1380,1
DA:1426,1
DA:1495,1
DA:1520,1
DA:1531,1
LF:591
LH:263
BRDA:2,1,0,0
BRDA:2,1,1,1
BRDA:2,2,0,1
BRDA:2,2,1,0
BRDA:4,3,0,0
BRDA:4,3,1,1
BRDA:4,4,0,1
BRDA:4,4,1,0
BRDA:6,5,0,0
BRDA:6,5,1,1
BRDA:19,6,0,10
BRDA:19,6,1,11
BRDA:48,7,0,40
BRDA:48,7,1,0
BRDA:64,8,0,0
BRDA:64,8,1,0
BRDA:64,9,0,0
BRDA:64,9,1,0
BRDA:111,10,0,0
BRDA:111,10,1,0
BRDA:121,11,0,0
BRDA:121,11,1,0
BRDA:121,12,0,0
BRDA:121,12,1,0
BRDA:175,13,0,0
BRDA:175,13,1,0
BRDA:210,14,0,0
BRDA:210,14,1,0
BRDA:229,15,0,0
BRDA:229,15,1,0
BRDA:284,16,0,0
BRDA:284,16,1,0
BRDA:332,17,0,0
BRDA:332,17,1,0
BRDA:347,18,0,0
BRDA:347,18,1,0
BRDA:369,19,0,0
BRDA:369,19,1,0
BRDA:394,20,0,0
BRDA:394,20,1,0
BRDA:433,21,0,1
BRDA:433,21,1,1
BRDA:433,22,0,0
BRDA:433,22,1,1
BRDA:435,23,0,1
BRDA:435,23,1,0
BRDA:435,24,0,0
BRDA:435,24,1,1
BRDA:452,25,0,0
BRDA:452,25,1,0
BRDA:519,26,0,0
BRDA:519,26,1,0
BRDA:525,27,0,0
BRDA:525,27,1,0
BRDA:626,28,0,0
BRDA:626,28,1,0
BRDA:657,29,0,1
BRDA:657,29,1,0
BRDA:657,30,0,1
BRDA:657,30,1,1
BRDA:729,31,0,0
BRDA:729,31,1,0
BRDA:739,32,0,0
BRDA:739,32,1,0
BRDA:804,33,0,0
BRDA:804,33,1,0
BRDA:818,34,0,0
BRDA:818,34,1,0
BRDA:853,35,0,1
BRDA:853,35,1,0
BRDA:869,36,0,1
BRDA:869,36,1,0
BRDA:887,37,0,4
BRDA:887,37,1,4
BRDA:893,38,0,0
BRDA:893,38,1,4
BRDA:956,39,0,0
BRDA:956,39,1,0
BRDA:957,40,0,0
BRDA:957,40,1,0
BRDA:957,40,2,0
BRDA:961,41,0,0
BRDA:961,41,1,0
BRDA:965,42,0,0
BRDA:965,42,1,0
BRDA:966,43,0,0
BRDA:966,43,1,0
BRDA:966,44,0,0
BRDA:966,44,1,0
BRDA:972,45,0,0
BRDA:972,45,1,0
BRDA:974,46,0,0
BRDA:974,46,1,0
BRDA:976,47,0,0
BRDA:976,47,1,0
BRDA:986,48,0,0
BRDA:986,48,1,0
BRDA:993,49,0,0
BRDA:993,49,1,0
BRDA:993,50,0,0
BRDA:993,50,1,0
BRDA:1004,51,0,0
BRDA:1004,51,1,0
BRDA:1007,52,0,0
BRDA:1007,52,1,0
BRDA:1009,53,0,0
BRDA:1009,53,1,0
BRDA:1010,54,0,0
BRDA:1010,54,1,0
BRDA:1017,55,0,0
BRDA:1017,55,1,0
BRDA:1017,56,0,0
BRDA:1017,56,1,0
BRDA:1076,57,0,0
BRDA:1076,57,1,0
BRDA:1097,58,0,0
BRDA:1097,58,1,0
BRDA:1118,59,0,0
BRDA:1118,59,1,0
BRDA:1138,60,0,0
BRDA:1138,60,1,0
BRDA:1186,61,0,0
BRDA:1186,61,1,0
BRDA:1211,62,0,0
BRDA:1211,62,1,0
BRDA:1215,63,0,0
BRDA:1215,63,1,0
BRDA:1220,64,0,0
BRDA:1220,64,1,0
BRDA:1234,65,0,0
BRDA:1234,65,1,0
BRDA:1238,66,0,0
BRDA:1238,66,1,0
BRDA:1243,67,0,0
BRDA:1243,67,1,0
BRDA:1247,68,0,0
BRDA:1247,68,1,0
BRF:137
BRH:21
end_of_record
TN:
SF:/Users/frankbatista/sites/spyne/src/tests/channels/route-utils.test.js
FN:1,webpackUniversalModuleDefinition
FN:10,(anonymous_2)
FN:11,(anonymous_3)
FN:16,__webpack_require__
FN:47,(anonymous_5)
FN:58,(anonymous_6)
FN:63,(anonymous_7)
FN:65,getDefault
FN:66,getModuleExports
FN:72,(anonymous_10)
FN:89,(anonymous_11)
FN:93,(anonymous_12)
FN:97,_inheritsLoose
FN:109,(anonymous_14)
FN:112,ChannelRoute
FN:125,(anonymous_16)
FN:133,initializeStream
FN:137,createChannelActionsObj
FN:140,converter
FN:148,addRegisteredActions
FN:152,getRouteConfig
FN:165,initStream
FN:171,onMapNext
FN:180,onIncomingDomEvent
FN:191,onIncomingObserverableData
FN:201,sendRouteStream
FN:211,getRouteState
FN:215,getIsDeepLinkBool
FN:219,getRouteCount
FN:229,getExtraPayloadParams
FN:248,getDataFromParams
FN:280,getDataFromString
FN:317,getDataFromLocationStr
FN:341,getLocationData
FN:346,getRouteStrFromParams
FN:351,getParamsFromRouteStr
FN:356,checkEmptyRouteStr
FN:375,removeLastSlash
FN:380,setWindowLocation
FN:398,getWindowLocation
FN:402,bindStaticMethods
FN:427,(anonymous_42)
FN:431,(anonymous_43)
FN:436,(anonymous_44)
FN:437,ChannelStreamItem
FN:456,validateAction
FN:466,getLocationData
FN:471,getStreamItem
FN:473,getMouseEventKeys
FN:487,(anonymous_50)
FN:491,(anonymous_51)
FN:495,_defineProperties
FN:497,_createClass
FN:510,(anonymous_54)
FN:511,ChannelsBase
FN:531,(anonymous_56)
FN:539,onStreamInitialized
FN:542,initializeStream
FN:546,setTrace
FN:548,createChannelActionsObj
FN:551,converter
FN:559,addRegisteredActions
FN:563,onIncomingObservable
FN:568,dataObj
FN:575,onSuccess
FN:579,onError
FN:584,onIncomingObserverableData
FN:586,sendStreamItem
FN:617,getChannel
FN:620,isValidChannel
FN:624,error
FN:628,startSubscribe
FN:636,addMixins
FN:649,get
FN:664,(anonymous_75)
FN:668,(anonymous_76)
FN:669,(anonymous_77)
FN:670,(anonymous_78)
FN:671,(anonymous_79)
FN:672,(anonymous_80)
FN:673,(anonymous_81)
FN:674,(anonymous_82)
FN:675,(anonymous_83)
FN:685,registeredStreamNames
FN:687,includes
FN:699,getRxType
FN:704,confirmObservable
FN:725,predicate
FN:731,predicate
FN:736,predicate
FN:753,uiValidations
FN:762,predicate
FN:767,predicate
FN:772,predicate
FN:777,predicate
FN:782,stepValidations
FN:787,stepDisposeValidations
FN:790,predicate
FN:797,stepUpdateValidations
FN:800,predicate
FN:810,lifestreamValidations
FN:817,routeValidations
FN:838,StreamsConfig
FN:841,predicate
FN:846,predicate
FN:851,predicate
FN:859,observable
FN:873,observable
FN:898,(anonymous_109)
FN:902,(anonymous_110)
FN:909,(anonymous_111)
FN:910,RouteUtils
FN:914,createPopStateStream
FN:915,addHandler
FN:919,removeHandler
FN:920,(anonymous_116)
FN:927,getLastArrVal
FN:928,getLastParam
FN:935,getRouteArrData
FN:945,flattenConfigObject
FN:946,go
FN:947,(anonymous_122)
FN:952,(anonymous_123)
FN:966,getLocationData
FN:981,(anonymous_125)
FN:985,(anonymous_126)
FN:990,(anonymous_127)
FN:991,URLUtils
FN:995,checkIfObjIsNotEmptyOrNil
FN:1002,checkIfParamValueMatchesRegex
FN:1006,testForRegexMatch
FN:1020,getLocationStrByType
FN:1037,createRouteArrayFromParams
FN:1046,loopThroughParam
FN:1088,createSlashString
FN:1095,createQueryString
FN:1106,convertParamsToRoute
FN:1126,checkIfValueShouldMapToParam
FN:1134,createArrFromSlashStr
FN:1139,convertSlashRouteStrToParamsObj
FN:1148,createParamsFromStr
FN:1181,getLastArrVal
FN:1182,getLastParam
FN:1189,createDefaultParamFromEmptyStr
FN:1196,convertQueryStrToParams
FN:1219,convertRouteToParams
FN:1244,(anonymous_147)
FN:1248,(anonymous_148)
FN:1249,isMergeableObject
FN:1254,emptyTarget
FN:1258,cloneIfNecessary
FN:1263,defaultArrayMerge
FN:1265,(anonymous_153)
FN:1277,mergeObject
FN:1281,(anonymous_155)
FN:1286,(anonymous_156)
FN:1296,deepMerge
FN:1310,deepmergeAll
FN:1316,(anonymous_159)
FN:1330,(anonymous_160)
FN:1334,(anonymous_161)
FN:1335,(anonymous_162)
FN:1336,(anonymous_163)
FN:1337,(anonymous_164)
FN:1338,(anonymous_165)
FN:1339,(anonymous_166)
FN:1340,(anonymous_167)
FN:1341,(anonymous_168)
FN:1342,(anonymous_169)
FN:1343,(anonymous_170)
FN:1344,(anonymous_171)
FN:1345,(anonymous_172)
FN:1346,(anonymous_173)
FN:1347,(anonymous_174)
FN:1348,(anonymous_175)
FN:1349,(anonymous_176)
FN:1350,(anonymous_177)
FN:1351,(anonymous_178)
FN:1352,(anonymous_179)
FN:1353,(anonymous_180)
FN:1354,(anonymous_181)
FN:1355,(anonymous_182)
FN:1356,(anonymous_183)
FN:1357,(anonymous_184)
FN:1362,isIOS
FN:1369,getConstructorName
FN:1379,arrFromMapKeys
FN:1382,addKeysToArr
FN:1390,findStrFromRegexArr
FN:1395,checkIfMatch
FN:1401,(anonymous_191)
FN:1403,(anonymous_192)
FN:1405,(anonymous_193)
FN:1411,findStrOrRegexMatchStr
FN:1416,createRe
FN:1424,closest
FN:1441,convertDomStringMapToObj
FN:1453,next
FN:1456,error
FN:1459,complete
FN:1464,right
FN:1466,map
FN:1469,fold
FN:1472,inspect
FN:1478,ifNilThenUpdate
FN:1483,left
FN:1485,map
FN:1488,fold
FN:1491,inspect
FN:1497,checkIfObjIsNotEmptyOrNil
FN:1504,fromNullable
FN:1508,findInObj
FN:1517,pullRouteInfo
FN:1527,getAllMethodNames
FN:1536,getPropNamesArr
FN:1564,removeSlashes
FN:1570,pullHashAndSlashFromPath
FN:1574,pullSlashFromPath
FN:1578,pullMainRoute
FN:1582,pullParams
FN:1586,pullTranslateX
FN:1590,pullTranslateY
FN:1594,pullTranslateYFromHeader
FN:1607,(anonymous_224)
FN:1620,(anonymous_225)
FN:1621,(anonymous_226)
FN:1627,(anonymous_227)
FN:1643,(anonymous_228)
FN:1647,(anonymous_229)
FN:1648,(anonymous_230)
FN:1649,(anonymous_231)
FN:1766,DISPOSING
FN:1767,DISPOSE
FN:1768,RENDERED
FN:1769,RENDERED_AND_ATTACHED_TO_WINDOW
FN:1770,RENDERED_AND_ATTACHED_TO_PARENT
FN:1771,READY_FOR_GC
FN:1772,NOTHING
FN:1773,CHANNEL_ROUTE_CHANGE_EVENT
FN:1774,UI_EVENT_BLUR
FN:1775,UI_EVENT_
FN:1776,UI_EVENT_CLICK
FN:1777,UI_EVENT_DBLCLICK
FN:1788,(anonymous_244)
FN:1799,(anonymous_245)
FNF:245
FNH:40
FNDA:1,webpackUniversalModuleDefinition
FNDA:1,(anonymous_2)
FNDA:1,(anonymous_3)
FNDA:22,__webpack_require__
FNDA:41,(anonymous_5)
FNDA:10,(anonymous_6)
FNDA:0,(anonymous_7)
FNDA:0,getDefault
FNDA:0,getModuleExports
FNDA:41,(anonymous_10)
FNDA:1,(anonymous_11)
FNDA:0,(anonymous_12)
FNDA:1,_inheritsLoose
FNDA:1,(anonymous_14)
FNDA:0,ChannelRoute
FNDA:0,(anonymous_16)
FNDA:0,initializeStream
FNDA:0,createChannelActionsObj
FNDA:0,converter
FNDA:0,addRegisteredActions
FNDA:0,getRouteConfig
FNDA:0,initStream
FNDA:0,onMapNext
FNDA:0,onIncomingDomEvent
FNDA:0,onIncomingObserverableData
FNDA:0,sendRouteStream
FNDA:0,getRouteState
FNDA:0,getIsDeepLinkBool
FNDA:0,getRouteCount
FNDA:0,getExtraPayloadParams
FNDA:0,getDataFromParams
FNDA:0,getDataFromString
FNDA:0,getDataFromLocationStr
FNDA:0,getLocationData
FNDA:0,getRouteStrFromParams
FNDA:0,getParamsFromRouteStr
FNDA:0,checkEmptyRouteStr
FNDA:0,removeLastSlash
FNDA:0,setWindowLocation
FNDA:0,getWindowLocation
FNDA:0,bindStaticMethods
FNDA:1,(anonymous_42)
FNDA:0,(anonymous_43)
FNDA:1,(anonymous_44)
FNDA:0,ChannelStreamItem
FNDA:0,validateAction
FNDA:0,getLocationData
FNDA:0,getStreamItem
FNDA:0,getMouseEventKeys
FNDA:1,(anonymous_50)
FNDA:1,(anonymous_51)
FNDA:1,_defineProperties
FNDA:1,_createClass
FNDA:1,(anonymous_54)
FNDA:0,ChannelsBase
FNDA:0,(anonymous_56)
FNDA:0,onStreamInitialized
FNDA:0,initializeStream
FNDA:0,setTrace
FNDA:0,createChannelActionsObj
FNDA:0,converter
FNDA:0,addRegisteredActions
FNDA:0,onIncomingObservable
FNDA:0,dataObj
FNDA:0,onSuccess
FNDA:0,onError
FNDA:0,onIncomingObserverableData
FNDA:0,sendStreamItem
FNDA:0,getChannel
FNDA:0,isValidChannel
FNDA:0,error
FNDA:0,startSubscribe
FNDA:0,addMixins
FNDA:0,get
FNDA:1,(anonymous_75)
FNDA:0,(anonymous_76)
FNDA:0,(anonymous_77)
FNDA:0,(anonymous_78)
FNDA:0,(anonymous_79)
FNDA:0,(anonymous_80)
FNDA:0,(anonymous_81)
FNDA:0,(anonymous_82)
FNDA:0,(anonymous_83)
FNDA:0,registeredStreamNames
FNDA:0,includes
FNDA:0,getRxType
FNDA:0,confirmObservable
FNDA:0,predicate
FNDA:0,predicate
FNDA:0,predicate
FNDA:0,uiValidations
FNDA:0,predicate
FNDA:0,predicate
FNDA:0,predicate
FNDA:0,predicate
FNDA:0,stepValidations
FNDA:0,stepDisposeValidations
FNDA:0,predicate
FNDA:0,stepUpdateValidations
FNDA:0,predicate
FNDA:0,lifestreamValidations
FNDA:0,routeValidations
FNDA:0,StreamsConfig
FNDA:0,predicate
FNDA:0,predicate
FNDA:0,predicate
FNDA:0,observable
FNDA:0,observable
FNDA:1,(anonymous_109)
FNDA:2,(anonymous_110)
FNDA:1,(anonymous_111)
FNDA:0,RouteUtils
FNDA:0,createPopStateStream
FNDA:0,addHandler
FNDA:0,removeHandler
FNDA:0,(anonymous_116)
FNDA:1,getLastArrVal
FNDA:1,getLastParam
FNDA:1,getRouteArrData
FNDA:1,flattenConfigObject
FNDA:9,go
FNDA:14,(anonymous_122)
FNDA:15,(anonymous_123)
FNDA:0,getLocationData
FNDA:1,(anonymous_125)
FNDA:0,(anonymous_126)
FNDA:1,(anonymous_127)
FNDA:0,URLUtils
FNDA:0,checkIfObjIsNotEmptyOrNil
FNDA:0,checkIfParamValueMatchesRegex
FNDA:0,testForRegexMatch
FNDA:0,getLocationStrByType
FNDA:0,createRouteArrayFromParams
FNDA:0,loopThroughParam
FNDA:0,createSlashString
FNDA:0,createQueryString
FNDA:0,convertParamsToRoute
FNDA:0,checkIfValueShouldMapToParam
FNDA:0,createArrFromSlashStr
FNDA:0,convertSlashRouteStrToParamsObj
FNDA:0,createParamsFromStr
FNDA:0,getLastArrVal
FNDA:0,getLastParam
FNDA:0,createDefaultParamFromEmptyStr
FNDA:0,convertQueryStrToParams
FNDA:0,convertRouteToParams
FNDA:1,(anonymous_147)
FNDA:0,(anonymous_148)
FNDA:0,isMergeableObject
FNDA:0,emptyTarget
FNDA:0,cloneIfNecessary
FNDA:0,defaultArrayMerge
FNDA:0,(anonymous_153)
FNDA:0,mergeObject
FNDA:0,(anonymous_155)
FNDA:0,(anonymous_156)
FNDA:0,deepMerge
FNDA:0,deepmergeAll
FNDA:0,(anonymous_159)
FNDA:1,(anonymous_160)
FNDA:0,(anonymous_161)
FNDA:0,(anonymous_162)
FNDA:0,(anonymous_163)
FNDA:0,(anonymous_164)
FNDA:0,(anonymous_165)
FNDA:0,(anonymous_166)
FNDA:0,(anonymous_167)
FNDA:0,(anonymous_168)
FNDA:0,(anonymous_169)
FNDA:0,(anonymous_170)
FNDA:0,(anonymous_171)
FNDA:0,(anonymous_172)
FNDA:0,(anonymous_173)
FNDA:0,(anonymous_174)
FNDA:0,(anonymous_175)
FNDA:0,(anonymous_176)
FNDA:0,(anonymous_177)
FNDA:0,(anonymous_178)
FNDA:0,(anonymous_179)
FNDA:0,(anonymous_180)
FNDA:0,(anonymous_181)
FNDA:0,(anonymous_182)
FNDA:0,(anonymous_183)
FNDA:0,(anonymous_184)
FNDA:0,isIOS
FNDA:0,getConstructorName
FNDA:0,arrFromMapKeys
FNDA:0,addKeysToArr
FNDA:0,findStrFromRegexArr
FNDA:0,checkIfMatch
FNDA:0,(anonymous_191)
FNDA:0,(anonymous_192)
FNDA:0,(anonymous_193)
FNDA:0,findStrOrRegexMatchStr
FNDA:0,createRe
FNDA:0,closest
FNDA:0,convertDomStringMapToObj
FNDA:0,next
FNDA:0,error
FNDA:0,complete
FNDA:0,right
FNDA:0,map
FNDA:0,fold
FNDA:0,inspect
FNDA:0,ifNilThenUpdate
FNDA:0,left
FNDA:0,map
FNDA:0,fold
FNDA:0,inspect
FNDA:0,checkIfObjIsNotEmptyOrNil
FNDA:0,fromNullable
FNDA:0,findInObj
FNDA:0,pullRouteInfo
FNDA:0,getAllMethodNames
FNDA:0,getPropNamesArr
FNDA:0,removeSlashes
FNDA:0,pullHashAndSlashFromPath
FNDA:0,pullSlashFromPath
FNDA:0,pullMainRoute
FNDA:0,pullParams
FNDA:0,pullTranslateX
FNDA:0,pullTranslateY
FNDA:0,pullTranslateYFromHeader
FNDA:1,(anonymous_224)
FNDA:1,(anonymous_225)
FNDA:1,(anonymous_226)
FNDA:1,(anonymous_227)
FNDA:1,(anonymous_228)
FNDA:1,(anonymous_229)
FNDA:0,(anonymous_230)
FNDA:0,(anonymous_231)
FNDA:0,DISPOSING
FNDA:0,DISPOSE
FNDA:0,RENDERED
FNDA:0,RENDERED_AND_ATTACHED_TO_WINDOW
FNDA:0,RENDERED_AND_ATTACHED_TO_PARENT
FNDA:0,READY_FOR_GC
FNDA:0,NOTHING
FNDA:0,CHANNEL_ROUTE_CHANGE_EVENT
FNDA:0,UI_EVENT_BLUR
FNDA:0,UI_EVENT_
FNDA:0,UI_EVENT_CLICK
FNDA:0,UI_EVENT_DBLCLICK
FNDA:1,(anonymous_244)
FNDA:1,(anonymous_245)
DA:1,1
DA:2,1
DA:3,0
DA:4,1
DA:5,0
DA:6,1
DA:7,0
DA:9,1
DA:11,1
DA:13,1
DA:16,1
DA:19,22
DA:20,10
DA:23,12
DA:30,12
DA:33,12
DA:36,12
DA:41,1
DA:44,1
DA:47,1
DA:48,41
DA:49,41
DA:58,1
DA:59,10
DA:63,1
DA:64,0
DA:65,0
DA:66,0
DA:67,0
DA:68,0
DA:72,41
DA:75,1
DA:79,1
DA:92,1
DA:93,1
DA:94,1
DA:95,1
DA:96,1
DA:97,1
DA:103,1
DA:105,1
DA:107,1
DA:110,1
DA:112,1
DA:113,0
DA:115,0
DA:117,0
DA:119,0
DA:120,0
DA:122,0
DA:124,0
DA:125,0
DA:126,0
DA:128,0
DA:131,1
DA:133,1
DA:134,0
DA:137,1
DA:138,0
DA:140,0
DA:141,0
DA:144,0
DA:145,0
DA:148,1
DA:149,0
DA:152,1
DA:153,0
DA:154,0
DA:156,0
DA:157,0
DA:160,0
DA:161,0
DA:162,0
DA:165,1
DA:166,0
DA:167,0
DA:168,0
DA:171,1
DA:172,0
DA:173,0
DA:176,0
DA:177,0
DA:180,1
DA:181,0
DA:182,0
DA:185,0
DA:186,0
DA:188,0
DA:191,1
DA:192,0
DA:193,0
DA:194,0
DA:195,0
DA:196,0
DA:197,0
DA:198,0
DA:201,1
DA:202,0
DA:203,0
DA:206,0
DA:207,0
DA:211,1
DA:212,0
DA:215,1
DA:216,0
DA:219,1
DA:220,0
DA:221,0
DA:222,0
DA:225,0
DA:226,0
DA:229,1
DA:230,0
DA:231,0
DA:234,0
DA:235,0
DA:236,0
DA:237,0
DA:238,0
DA:239,0
DA:248,1
DA:249,0
DA:250,0
DA:253,0
DA:254,0
DA:255,0
DA:256,0
DA:258,0
DA:260,0
DA:267,0
DA:280,1
DA:281,0
DA:282,0
DA:285,0
DA:286,0
DA:288,0
DA:290,0
DA:296,0
DA:303,0
DA:314,0
DA:317,1
DA:318,0
DA:319,0
DA:322,0
DA:323,0
DA:325,0
DA:331,0
DA:332,0
DA:341,1
DA:342,0
DA:343,0
DA:346,1
DA:347,0
DA:348,0
DA:351,1
DA:352,0
DA:353,0
DA:356,1
DA:357,0
DA:358,0
DA:361,0
DA:362,0
DA:363,0
DA:364,0
[...]
DA:391,0
DA:396,0
DA:399,1
DA:400,0
DA:403,0
DA:423,1
DA:424,3
DA:425,1
DA:427,1
DA:430,1
DA:431,0
DA:433,0
DA:434,0
DA:435,0
DA:436,0
DA:437,0
DA:439,0
DA:440,0
DA:443,0
DA:444,0
DA:445,0
DA:448,1
DA:449,0
DA:450,0
DA:452,0
DA:453,0
DA:456,0
DA:459,1
DA:460,2
DA:463,1
DA:464,0
DA:467,1
DA:468,0
DA:471,1
DA:473,1
DA:474,0
DA:475,0
DA:476,0
DA:479,1
DA:480,0
DA:481,0
DA:482,0
DA:483,0
DA:486,1
DA:487,0
DA:490,1
DA:491,0
DA:494,1
DA:495,0
DA:497,0
DA:498,0
DA:499,0
DA:500,0
DA:503,0
DA:506,1
DA:507,0
DA:508,0
DA:510,0
DA:511,0
DA:514,0
DA:515,0
DA:516,0
DA:519,0
DA:522,0
DA:523,0
DA:524,0
DA:526,0
DA:529,0
DA:532,0
DA:535,1
DA:548,1
DA:549,1
DA:550,1
DA:551,1
DA:552,1
DA:579,1
DA:580,1
DA:581,1
DA:582,1
DA:583,1
DA:584,1
DA:585,1
DA:586,1
DA:587,1
DA:588,1
DA:589,1
DA:590,1
DA:591,1
DA:592,1
DA:593,1
DA:594,1
DA:595,1
DA:596,1
DA:597,1
DA:598,1
DA:599,1
DA:600,1
DA:601,1
DA:602,1
DA:603,1
DA:604,1
DA:605,1
DA:608,1
DA:621,1
DA:622,1
DA:623,1
DA:626,1
DA:627,1
DA:628,1
DA:629,1
DA:631,1
DA:633,1
DA:634,1
DA:635,1
DA:636,1
DA:649,1
LF:263
LH:113
BRDA:2,1,0,0
BRDA:2,1,1,1
BRDA:2,2,0,1
BRDA:2,2,1,0
BRDA:4,3,0,0
BRDA:4,3,1,1
BRDA:4,4,0,1
BRDA:4,4,1,0
BRDA:6,5,0,0
BRDA:6,5,1,1
BRDA:19,6,0,0
BRDA:19,6,1,5
BRDA:48,7,0,4
BRDA:48,7,1,0
BRDA:64,8,0,0
BRDA:64,8,1,0
BRDA:64,9,0,0
BRDA:64,9,1,0
BRDA:92,10,0,1
BRDA:92,10,1,0
BRDA:100,11,0,0
BRDA:100,11,1,0
BRDA:101,12,0,0
BRDA:101,12,1,0
BRDA:103,13,0,0
BRDA:103,13,1,0
BRDA:105,14,0,0
BRDA:105,14,1,0
BRDA:110,15,0,0
BRDA:110,15,1,0
BRDA:113,16,0,0
BRDA:113,16,1,0
BRDA:117,17,0,0
BRDA:117,17,1,0
BRDA:117,18,0,0
BRDA:117,18,1,0
BRDA:118,19,0,0
BRDA:118,19,1,0
BRDA:127,20,0,0
BRDA:127,20,1,0
BRDA:127,21,0,0
BRDA:127,21,1,0
BRDA:136,22,0,0
BRDA:136,22,1,0
BRDA:176,23,0,0
BRDA:176,23,1,0
BRDA:203,24,0,0
BRDA:203,24,1,0
BRDA:204,25,0,0
BRDA:204,25,1,0
BRDA:205,26,0,0
BRDA:205,26,1,0
BRDA:206,27,0,0
BRDA:206,27,1,0
BRDA:207,28,0,0
BRDA:207,28,1,0
BRDA:209,29,0,0
BRDA:209,29,1,0
BRDA:219,30,0,0
BRDA:219,30,1,0
BRDA:222,31,0,0
BRDA:222,31,1,0
BRDA:223,32,0,0
BRDA:223,32,1,0
BRDA:226,33,0,0
BRDA:226,33,1,0
BRDA:227,34,0,0
BRDA:227,34,1,0
BRDA:260,35,0,0
BRDA:260,35,1,2
BRDA:274,36,0,0
BRDA:274,36,1,0
BRDA:279,37,0,0
BRDA:279,37,1,0
BRDA:294,38,0,0
BRDA:294,38,1,0
BRDA:294,39,0,0
BRDA:294,39,1,0
BRDA:295,40,0,0
BRDA:295,40,1,0
BRDA:319,41,0,0
BRDA:319,41,1,0
BRDA:326,42,0,0
BRDA:326,42,1,0
BRDA:328,43,0,0
BRDA:328,43,1,0
BRDA:343,44,0,0
BRDA:343,44,1,0
BRDA:344,45,0,0
BRDA:344,45,1,0
BRDA:371,46,0,0
BRDA:371,46,1,0
BRDA:401,47,0,0
BRDA:401,47,1,0
BRDA:437,48,0,0
BRDA:437,48,1,0
BRDA:491,49,0,0
BRDA:491,49,1,0
BRDA:523,50,0,0
BRDA:523,50,1,0
BRF:100
BRH:9
end_of_record
TN:
SF:/Users/frankbatista/sites/spyne/src/tests/views/view-stream-enhancer-loader.test.js
FN:1,webpackUniversalModuleDefinition
FN:10,(anonymous_2)
FN:11,(anonymous_3)
FN:16,__webpack_require__
FN:47,(anonymous_5)
FN:58,(anonymous_6)
FN:63,(anonymous_7)
FN:65,getDefault
FN:66,getModuleExports
FN:72,(anonymous_10)
FN:89,(anonymous_11)
FN:93,(anonymous_12)
FN:94,(anonymous_13)
FN:95,(anonymous_14)
FN:96,(anonymous_15)
FN:97,(anonymous_16)
FN:98,(anonymous_17)
FN:99,(anonymous_18)
FN:100,(anonymous_19)
FN:101,(anonymous_20)
FN:102,(anonymous_21)
FN:103,(anonymous_22)
FN:104,(anonymous_23)
FN:105,(anonymous_24)
FN:106,(anonymous_25)
FN:107,(anonymous_26)
FN:108,(anonymous_27)
FN:109,(anonymous_28)
FN:110,(anonymous_29)
FN:111,(anonymous_30)
FN:112,(anonymous_31)
FN:113,(anonymous_32)
FN:114,(anonymous_33)
FN:115,(anonymous_34)
FN:116,(anonymous_35)
FN:121,isIOS
FN:128,getConstructorName
FN:138,arrFromMapKeys
FN:141,addKeysToArr
FN:149,findStrFromRegexArr
FN:154,checkIfMatch
FN:160,(anonymous_42)
FN:162,(anonymous_43)
FN:164,(anonymous_44)
FN:170,findStrOrRegexMatchStr
FN:175,createRe
FN:183,closest
FN:200,convertDomStringMapToObj
FN:212,next
FN:215,error
FN:218,complete
FN:223,right
FN:225,map
FN:228,fold
FN:231,inspect
FN:237,ifNilThenUpdate
FN:242,left
FN:244,map
FN:247,fold
FN:250,inspect
FN:256,checkIfObjIsNotEmptyOrNil
FN:263,fromNullable
FN:267,findInObj
FN:276,pullRouteInfo
FN:286,getAllMethodNames
FN:295,getPropNamesArr
FN:323,removeSlashes
FN:329,pullHashAndSlashFromPath
FN:333,pullSlashFromPath
FN:337,pullMainRoute
FN:341,pullParams
FN:345,pullTranslateX
FN:349,pullTranslateY
FN:353,pullTranslateYFromHeader
FN:366,(anonymous_75)
FN:370,(anonymous_76)
FN:378,(anonymous_77)
FN:379,ViewStreamEnhancerLoader
FN:389,initMap
FN:395,getEnhancersMap
FN:399,updateMap
FN:405,getMethodsArr
FN:409,createEnhancerMethodsObj
FN:412,sendError
FN:418,validateMethods
FN:435,addAllEnhancerMethods
FN:438,addEnhancerMethods
FN:458,(anonymous_88)
FN:462,(anonymous_89)
FN:470,(anonymous_90)
FN:471,ViewStreamEnhancer
FN:478,initAutoBinder
FN:482,getEnhancerMethods
FN:486,bindParentViewStream
FN:489,bindMethodsToParentViewStream
FN:494,addMethod
FN:512,autoBinder
FN:528,(anonymous_98)
FN:532,(anonymous_99)
FN:534,_inheritsLoose
FN:539,(anonymous_101)
FN:542,Enhancer
FN:552,testDupeMethod1
FN:554,getMethodConstructor
FN:558,getStaticFnConstructor
FN:572,(anonymous_106)
FN:588,(anonymous_107)
FN:589,MyClass
FN:597,testDupeMethod
FN:599,loadEnhancers
FN:607,(anonymous_111)
FN:609,(anonymous_112)
FN:613,(anonymous_113)
FN:617,(anonymous_114)
FN:632,(anonymous_115)
FNF:115
FNH:47
FNDA:1,webpackUniversalModuleDefinition
FNDA:1,(anonymous_2)
FNDA:1,(anonymous_3)
FNDA:11,__webpack_require__
FNDA:27,(anonymous_5)
FNDA:5,(anonymous_6)
FNDA:0,(anonymous_7)
FNDA:0,getDefault
FNDA:0,getModuleExports
FNDA:27,(anonymous_10)
FNDA:1,(anonymous_11)
FNDA:0,(anonymous_12)
FNDA:0,(anonymous_13)
FNDA:2,(anonymous_14)
FNDA:0,(anonymous_15)
FNDA:0,(anonymous_16)
FNDA:0,(anonymous_17)
FNDA:0,(anonymous_18)
FNDA:0,(anonymous_19)
FNDA:0,(anonymous_20)
FNDA:0,(anonymous_21)
FNDA:0,(anonymous_22)
FNDA:0,(anonymous_23)
FNDA:0,(anonymous_24)
FNDA:0,(anonymous_25)
FNDA:0,(anonymous_26)
FNDA:0,(anonymous_27)
FNDA:0,(anonymous_28)
FNDA:0,(anonymous_29)
FNDA:0,(anonymous_30)
FNDA:0,(anonymous_31)
FNDA:0,(anonymous_32)
FNDA:0,(anonymous_33)
FNDA:0,(anonymous_34)
FNDA:0,(anonymous_35)
FNDA:0,isIOS
FNDA:0,getConstructorName
FNDA:0,arrFromMapKeys
FNDA:0,addKeysToArr
FNDA:0,findStrFromRegexArr
FNDA:0,checkIfMatch
FNDA:0,(anonymous_42)
FNDA:0,(anonymous_43)
FNDA:0,(anonymous_44)
FNDA:0,findStrOrRegexMatchStr
FNDA:0,createRe
FNDA:0,closest
FNDA:0,convertDomStringMapToObj
FNDA:0,next
FNDA:0,error
FNDA:0,complete
FNDA:0,right
FNDA:0,map
FNDA:0,fold
FNDA:0,inspect
FNDA:0,ifNilThenUpdate
FNDA:0,left
FNDA:0,map
FNDA:0,fold
FNDA:0,inspect
FNDA:0,checkIfObjIsNotEmptyOrNil
FNDA:0,fromNullable
FNDA:0,findInObj
FNDA:0,pullRouteInfo
FNDA:2,getAllMethodNames
FNDA:2,getPropNamesArr
FNDA:0,removeSlashes
FNDA:0,pullHashAndSlashFromPath
FNDA:0,pullSlashFromPath
FNDA:0,pullMainRoute
FNDA:0,pullParams
FNDA:0,pullTranslateX
FNDA:0,pullTranslateY
FNDA:0,pullTranslateYFromHeader
FNDA:1,(anonymous_75)
FNDA:1,(anonymous_76)
FNDA:1,(anonymous_77)
FNDA:1,ViewStreamEnhancerLoader
FNDA:1,initMap
FNDA:1,getEnhancersMap
FNDA:2,updateMap
FNDA:1,getMethodsArr
FNDA:1,createEnhancerMethodsObj
FNDA:0,sendError
FNDA:1,validateMethods
FNDA:1,addAllEnhancerMethods
FNDA:1,addEnhancerMethods
FNDA:1,(anonymous_88)
FNDA:1,(anonymous_89)
FNDA:1,(anonymous_90)
FNDA:1,ViewStreamEnhancer
FNDA:0,initAutoBinder
FNDA:1,getEnhancerMethods
FNDA:1,bindParentViewStream
FNDA:3,bindMethodsToParentViewStream
FNDA:3,addMethod
FNDA:0,autoBinder
FNDA:1,(anonymous_98)
FNDA:1,(anonymous_99)
FNDA:1,_inheritsLoose
FNDA:1,(anonymous_101)
FNDA:1,Enhancer
FNDA:0,testDupeMethod1
FNDA:1,getMethodConstructor
FNDA:1,getStaticFnConstructor
FNDA:1,(anonymous_106)
FNDA:1,(anonymous_107)
FNDA:1,MyClass
FNDA:0,testDupeMethod
FNDA:1,loadEnhancers
FNDA:1,(anonymous_111)
FNDA:1,(anonymous_112)
FNDA:1,(anonymous_113)
FNDA:1,(anonymous_114)
FNDA:1,(anonymous_115)
DA:1,1
DA:2,1
DA:3,0
DA:4,1
DA:5,0
DA:6,1
DA:7,0
DA:9,1
DA:11,1
DA:13,1
DA:16,1
DA:19,11
DA:20,5
DA:23,6
DA:30,6
DA:33,6
DA:36,6
DA:41,1
DA:44,1
DA:47,1
DA:48,27
DA:49,27
DA:58,1
DA:59,5
DA:63,1
DA:64,0
DA:65,0
DA:66,0
DA:67,0
DA:68,0
DA:72,27
DA:75,1
DA:79,1
DA:92,1
DA:93,1
DA:94,1
DA:95,2
DA:96,1
DA:97,1
DA:98,1
DA:99,1
DA:100,1
DA:101,1
DA:102,1
DA:103,1
DA:104,1
DA:105,1
DA:106,1
DA:107,1
DA:108,1
DA:109,1
DA:110,1
DA:111,1
DA:112,1
DA:113,1
DA:114,1
DA:115,1
DA:116,1
DA:117,1
DA:119,1
DA:121,1
DA:122,0
DA:124,0
DA:125,0
DA:128,1
DA:129,0
DA:130,0
DA:133,0
DA:134,0
DA:135,0
DA:138,1
DA:139,0
DA:141,0
DA:142,0
DA:145,0
DA:146,0
DA:149,1
DA:150,0
DA:151,0
DA:154,0
DA:155,0
DA:158,0
DA:159,0
DA:160,0
DA:161,0
DA:163,0
DA:165,0
DA:167,0
DA:170,1
DA:171,0
DA:172,0
DA:175,0
DA:176,0
DA:179,0
DA:180,0
DA:183,1
DA:184,0
DA:185,0
DA:186,0
DA:188,0
DA:189,0
DA:191,0
DA:192,0
DA:193,0
DA:197,0
DA:200,1
DA:201,0
DA:203,0
DA:204,0
DA:207,0
DA:211,1
DA:213,0
DA:216,0
DA:219,0
DA:223,1
DA:224,0
DA:226,0
DA:229,0
DA:232,0
DA:237,1
DA:238,0
DA:239,0
DA:242,1
DA:243,0
DA:245,0
DA:248,0
DA:251,0
DA:256,1
DA:257,0
DA:258,0
DA:259,0
DA:260,0
DA:263,1
DA:264,0
DA:267,1
DA:268,0
DA:269,0
DA:272,0
DA:273,0
DA:276,1
DA:277,0
DA:278,0
DA:279,0
DA:280,0
DA:286,1
DA:287,2
DA:288,0
DA:291,2
DA:292,1
DA:295,2
DA:296,2
DA:297,0
DA:300,2
DA:301,2
DA:304,2
DA:308,2
DA:309,2
DA:310,2
DA:312,2
DA:313,2
DA:314,2
DA:315,2
DA:323,1
DA:324,0
DA:327,1
DA:329,1
DA:330,0
DA:333,1
DA:334,0
DA:337,1
DA:338,0
DA:341,1
DA:342,0
DA:345,1
DA:346,0
DA:349,1
DA:350,0
DA:353,1
DA:354,0
DA:369,1
DA:370,1
DA:371,1
DA:374,1
DA:376,1
DA:379,1
DA:380,1
DA:381,1
DA:382,1
DA:383,1
DA:384,1
DA:387,1
DA:389,1
DA:390,1
DA:391,1
DA:392,1
DA:395,1
DA:396,1
DA:399,1
DA:400,2
DA:401,2
DA:402,2
DA:405,1
DA:406,1
DA:409,1
DA:410,1
DA:412,1
DA:413,0
DA:416,1
DA:418,1
DA:419,1
DA:420,1
DA:421,1
DA:422,1
DA:425,1
DA:426,1
DA:427,1
DA:428,1
DA:429,1
DA:430,1
DA:431,1
DA:432,1
DA:435,1
DA:436,1
DA:438,1
DA:439,1
DA:441,1
DA:442,1
DA:445,1
DA:448,1
DA:461,1
DA:462,1
DA:463,1
DA:466,1
DA:468,1
DA:471,1
DA:472,1
DA:473,1
DA:476,1
DA:478,1
DA:479,0
DA:482,1
DA:483,1
DA:486,1
DA:487,1
DA:489,1
DA:490,3
DA:491,2
DA:494,3
DA:495,3
DA:498,3
DA:499,3
DA:501,3
DA:502,3
DA:506,1
DA:507,1
DA:508,1
DA:509,1
DA:512,1
DA:513,0
DA:515,0
DA:518,1
DA:531,1
DA:532,1
DA:533,1
DA:534,1
DA:537,1
DA:540,1
DA:542,1
DA:543,1
DA:545,1
DA:546,1
DA:547,1
DA:550,1
DA:552,1
DA:554,1
DA:555,1
DA:558,1
DA:559,1
DA:562,1
DA:575,1
DA:576,1
DA:577,1
DA:578,1
DA:581,1
DA:586,1
DA:589,1
DA:590,1
DA:591,1
DA:592,1
DA:595,1
DA:597,1
DA:599,1
DA:600,1
DA:601,1
DA:604,1
DA:607,1
DA:608,1
DA:609,1
DA:610,1
DA:611,1
DA:613,1
DA:614,1
DA:615,1
DA:617,1
DA:618,1
DA:621,1
DA:634,1
LF:307
LH:216
BRDA:2,1,0,0
BRDA:2,1,1,1
BRDA:2,2,0,1
BRDA:2,2,1,0
BRDA:4,3,0,0
BRDA:4,3,1,1
BRDA:4,4,0,1
BRDA:4,4,1,0
BRDA:6,5,0,0
BRDA:6,5,1,1
BRDA:19,6,0,5
BRDA:19,6,1,6
BRDA:48,7,0,27
BRDA:48,7,1,0
BRDA:64,8,0,0
BRDA:64,8,1,0
BRDA:64,9,0,0
BRDA:64,9,1,0
BRDA:129,10,0,0
BRDA:129,10,1,0
BRDA:150,11,0,0
BRDA:150,11,1,0
BRDA:171,12,0,0
BRDA:171,12,1,0
BRDA:191,13,0,0
BRDA:191,13,1,0
BRDA:239,14,0,0
BRDA:239,14,1,0
BRDA:264,15,0,0
BRDA:264,15,1,0
BRDA:268,16,0,0
BRDA:268,16,1,0
BRDA:273,17,0,0
BRDA:273,17,1,0
BRDA:287,18,0,0
BRDA:287,18,1,2
BRDA:291,19,0,1
BRDA:291,19,1,1
BRDA:296,20,0,0
BRDA:296,20,1,2
BRDA:300,21,0,2
BRDA:300,21,1,0
BRDA:490,22,0,2
BRDA:490,22,1,1
BRDA:498,23,0,1
BRDA:498,23,1,2
BRDA:501,24,0,3
BRDA:501,24,1,0
BRDA:545,25,0,1
BRDA:545,25,1,1
BRF:50
BRH:20
end_of_record
TN:
SF:/Users/frankbatista/sites/spyne/src/tests/views/view-stream-enhancer.test.js
FN:1,webpackUniversalModuleDefinition
FN:10,(anonymous_2)
FN:11,(anonymous_3)
FN:16,__webpack_require__
FN:47,(anonymous_5)
FN:58,(anonymous_6)
FN:63,(anonymous_7)
FN:65,getDefault
FN:66,getModuleExports
FN:72,(anonymous_10)
FN:89,(anonymous_11)
FN:93,(anonymous_12)
FN:94,(anonymous_13)
FN:95,(anonymous_14)
FN:96,(anonymous_15)
FN:97,(anonymous_16)
FN:98,(anonymous_17)
FN:99,(anonymous_18)
FN:100,(anonymous_19)
FN:101,(anonymous_20)
FN:102,(anonymous_21)
FN:103,(anonymous_22)
FN:104,(anonymous_23)
FN:105,(anonymous_24)
FN:106,(anonymous_25)
FN:107,(anonymous_26)
FN:108,(anonymous_27)
FN:109,(anonymous_28)
FN:110,(anonymous_29)
FN:111,(anonymous_30)
FN:112,(anonymous_31)
FN:113,(anonymous_32)
FN:114,(anonymous_33)
FN:115,(anonymous_34)
FN:116,(anonymous_35)
FN:121,isIOS
FN:128,getConstructorName
FN:138,arrFromMapKeys
FN:141,addKeysToArr
FN:149,findStrFromRegexArr
FN:154,checkIfMatch
FN:160,(anonymous_42)
FN:162,(anonymous_43)
FN:164,(anonymous_44)
FN:170,findStrOrRegexMatchStr
FN:175,createRe
FN:183,closest
FN:200,convertDomStringMapToObj
FN:212,next
FN:215,error
FN:218,complete
FN:223,right
FN:225,map
FN:228,fold
FN:231,inspect
FN:237,ifNilThenUpdate
FN:242,left
FN:244,map
FN:247,fold
FN:250,inspect
FN:256,checkIfObjIsNotEmptyOrNil
FN:263,fromNullable
FN:267,findInObj
FN:276,pullRouteInfo
FN:286,getAllMethodNames
FN:295,getPropNamesArr
FN:323,removeSlashes
FN:329,pullHashAndSlashFromPath
FN:333,pullSlashFromPath
FN:337,pullMainRoute
FN:341,pullParams
FN:345,pullTranslateX
FN:349,pullTranslateY
FN:353,pullTranslateYFromHeader
FN:366,(anonymous_75)
FN:370,(anonymous_76)
FN:378,(anonymous_77)
FN:379,ViewStreamEnhancer
FN:386,initAutoBinder
FN:390,getEnhancerMethods
FN:394,bindParentViewStream
FN:397,bindMethodsToParentViewStream
FN:402,addMethod
FN:420,autoBinder
FN:436,(anonymous_85)
FN:440,(anonymous_86)
FN:442,_inheritsLoose
FN:447,(anonymous_88)
FN:450,Enhancer
FN:460,testDupeMethod1
FN:462,getMethodConstructor
FN:466,getStaticFnConstructor
FN:480,(anonymous_93)
FN:493,(anonymous_94)
FN:494,MyClass
FN:503,loadEnhancer
FN:508,testMethods
FN:510,myClassFn
FN:515,(anonymous_99)
FN:517,(anonymous_100)
FN:522,(anonymous_101)
FN:536,(anonymous_102)
FNF:102
FNH:34
FNDA:1,webpackUniversalModuleDefinition
FNDA:1,(anonymous_2)
FNDA:1,(anonymous_3)
FNDA:6,__webpack_require__
FNDA:26,(anonymous_5)
FNDA:4,(anonymous_6)
FNDA:0,(anonymous_7)
FNDA:0,getDefault
FNDA:0,getModuleExports
FNDA:26,(anonymous_10)
FNDA:1,(anonymous_11)
FNDA:0,(anonymous_12)
FNDA:0,(anonymous_13)
FNDA:1,(anonymous_14)
FNDA:0,(anonymous_15)
FNDA:0,(anonymous_16)
FNDA:0,(anonymous_17)
FNDA:0,(anonymous_18)
FNDA:0,(anonymous_19)
FNDA:0,(anonymous_20)
FNDA:0,(anonymous_21)
FNDA:0,(anonymous_22)
FNDA:0,(anonymous_23)
FNDA:0,(anonymous_24)
FNDA:0,(anonymous_25)
FNDA:0,(anonymous_26)
FNDA:0,(anonymous_27)
FNDA:0,(anonymous_28)
FNDA:0,(anonymous_29)
FNDA:0,(anonymous_30)
FNDA:0,(anonymous_31)
FNDA:0,(anonymous_32)
FNDA:0,(anonymous_33)
FNDA:0,(anonymous_34)
FNDA:0,(anonymous_35)
FNDA:0,isIOS
FNDA:0,getConstructorName
FNDA:0,arrFromMapKeys
FNDA:0,addKeysToArr
FNDA:0,findStrFromRegexArr
FNDA:0,checkIfMatch
FNDA:0,(anonymous_42)
FNDA:0,(anonymous_43)
FNDA:0,(anonymous_44)
FNDA:0,findStrOrRegexMatchStr
FNDA:0,createRe
FNDA:0,closest
FNDA:0,convertDomStringMapToObj
FNDA:0,next
FNDA:0,error
FNDA:0,complete
FNDA:0,right
FNDA:0,map
FNDA:0,fold
FNDA:0,inspect
FNDA:0,ifNilThenUpdate
FNDA:0,left
FNDA:0,map
FNDA:0,fold
FNDA:0,inspect
FNDA:0,checkIfObjIsNotEmptyOrNil
FNDA:0,fromNullable
FNDA:0,findInObj
FNDA:0,pullRouteInfo
FNDA:1,getAllMethodNames
FNDA:1,getPropNamesArr
FNDA:0,removeSlashes
FNDA:0,pullHashAndSlashFromPath
FNDA:0,pullSlashFromPath
FNDA:0,pullMainRoute
FNDA:0,pullParams
FNDA:0,pullTranslateX
FNDA:0,pullTranslateY
FNDA:0,pullTranslateYFromHeader
FNDA:1,(anonymous_75)
FNDA:1,(anonymous_76)
FNDA:1,(anonymous_77)
FNDA:1,ViewStreamEnhancer
FNDA:1,initAutoBinder
FNDA:1,getEnhancerMethods
FNDA:1,bindParentViewStream
FNDA:3,bindMethodsToParentViewStream
FNDA:3,addMethod
FNDA:1,autoBinder
FNDA:1,(anonymous_85)
FNDA:1,(anonymous_86)
FNDA:1,_inheritsLoose
FNDA:1,(anonymous_88)
FNDA:1,Enhancer
FNDA:0,testDupeMethod1
FNDA:0,getMethodConstructor
FNDA:0,getStaticFnConstructor
FNDA:1,(anonymous_93)
FNDA:1,(anonymous_94)
FNDA:1,MyClass
FNDA:1,loadEnhancer
FNDA:0,testMethods
FNDA:0,myClassFn
FNDA:1,(anonymous_99)
FNDA:1,(anonymous_100)
FNDA:1,(anonymous_101)
FNDA:1,(anonymous_102)
DA:1,1
DA:2,1
DA:3,0
DA:4,1
DA:5,0
DA:6,1
DA:7,0
DA:9,1
DA:11,1
DA:13,1
DA:16,1
DA:19,6
DA:20,1
DA:23,5
DA:30,5
DA:33,5
DA:36,5
DA:41,1
DA:44,1
DA:47,1
DA:48,26
DA:49,26
DA:58,1
DA:59,4
DA:63,1
DA:64,0
DA:65,0
DA:66,0
DA:67,0
DA:68,0
DA:72,26
DA:75,1
DA:79,1
DA:92,1
DA:93,1
DA:94,1
DA:95,1
DA:96,1
DA:97,1
DA:98,1
DA:99,1
DA:100,1
DA:101,1
DA:102,1
DA:103,1
DA:104,1
DA:105,1
DA:106,1
DA:107,1
DA:108,1
DA:109,1
DA:110,1
DA:111,1
DA:112,1
DA:113,1
DA:114,1
DA:115,1
DA:116,1
DA:117,1
DA:119,1
DA:121,1
DA:122,0
DA:124,0
DA:125,0
DA:128,1
DA:129,0
DA:130,0
DA:133,0
DA:134,0
DA:135,0
DA:138,1
DA:139,0
DA:141,0
DA:142,0
DA:145,0
DA:146,0
DA:149,1
DA:150,0
DA:151,0
DA:154,0
DA:155,0
DA:158,0
DA:159,0
DA:160,0
DA:161,0
DA:163,0
DA:165,0
DA:167,0
DA:170,1
DA:171,0
DA:172,0
DA:175,0
DA:176,0
DA:179,0
DA:180,0
DA:183,1
DA:184,0
DA:185,0
DA:186,0
DA:188,0
DA:189,0
DA:191,0
DA:192,0
DA:193,0
DA:197,0
DA:200,1
DA:201,0
DA:203,0
DA:204,0
DA:207,0
DA:211,1
DA:213,0
DA:216,0
DA:219,0
DA:223,1
DA:224,0
DA:226,0
DA:229,0
DA:232,0
DA:237,1
DA:238,0
DA:239,0
DA:242,1
DA:243,0
DA:245,0
DA:248,0
DA:251,0
DA:256,1
DA:257,0
DA:258,0
DA:259,0
DA:260,0
DA:263,1
DA:264,0
DA:267,1
DA:268,0
DA:269,0
DA:272,0
DA:273,0
DA:276,1
DA:277,0
DA:278,0
DA:279,0
DA:280,0
DA:286,1
DA:287,1
DA:288,0
DA:291,1
DA:292,0
DA:295,1
DA:296,1
DA:297,0
DA:300,1
DA:301,1
DA:304,1
DA:308,1
DA:309,1
DA:310,1
DA:312,1
DA:313,1
DA:314,1
DA:315,1
DA:323,1
DA:324,0
DA:327,1
DA:329,1
DA:330,0
DA:333,1
DA:334,0
DA:337,1
DA:338,0
DA:341,1
DA:342,0
DA:345,1
DA:346,0
DA:349,1
DA:350,0
DA:353,1
DA:354,0
DA:369,1
DA:370,1
DA:371,1
DA:374,1
DA:376,1
DA:379,1
DA:380,1
DA:381,1
DA:384,1
DA:386,1
DA:387,1
DA:390,1
DA:391,1
DA:394,1
DA:395,1
DA:397,1
DA:398,3
DA:399,2
DA:402,3
DA:403,3
DA:406,3
DA:407,3
DA:409,3
DA:410,3
DA:414,1
DA:415,1
DA:416,1
DA:417,1
DA:420,1
DA:421,1
DA:423,1
DA:426,1
DA:439,1
DA:440,1
DA:441,1
DA:442,1
DA:445,1
DA:448,1
DA:450,1
DA:451,1
DA:453,1
DA:454,1
DA:455,1
DA:458,1
DA:460,1
DA:462,1
DA:463,0
DA:466,1
DA:467,0
DA:470,1
DA:483,1
DA:484,1
DA:491,1
DA:494,1
DA:495,1
DA:498,1
DA:501,1
DA:503,1
DA:504,1
DA:505,1
DA:508,1
DA:510,1
DA:512,1
DA:515,1
DA:516,1
DA:517,1
DA:520,1
DA:522,1
DA:525,1
DA:538,1
LF:249
LH:159
BRDA:2,1,0,0
BRDA:2,1,1,1
BRDA:2,2,0,1
BRDA:2,2,1,0
BRDA:4,3,0,0
BRDA:4,3,1,1
BRDA:4,4,0,1
BRDA:4,4,1,0
BRDA:6,5,0,0
BRDA:6,5,1,1
BRDA:19,6,0,1
BRDA:19,6,1,5
BRDA:48,7,0,26
BRDA:48,7,1,0
BRDA:64,8,0,0
BRDA:64,8,1,0
BRDA:64,9,0,0
BRDA:64,9,1,0
BRDA:129,10,0,0
BRDA:129,10,1,0
BRDA:150,11,0,0
BRDA:150,11,1,0
BRDA:171,12,0,0
BRDA:171,12,1,0
BRDA:191,13,0,0
BRDA:191,13,1,0
BRDA:239,14,0,0
BRDA:239,14,1,0
BRDA:264,15,0,0
BRDA:264,15,1,0
BRDA:268,16,0,0
BRDA:268,16,1,0
BRDA:273,17,0,0
BRDA:273,17,1,0
BRDA:287,18,0,0
BRDA:287,18,1,1
BRDA:291,19,0,0
BRDA:291,19,1,1
BRDA:296,20,0,0
BRDA:296,20,1,1
BRDA:300,21,0,1
BRDA:300,21,1,0
BRDA:398,22,0,2
BRDA:398,22,1,1
BRDA:406,23,0,1
BRDA:406,23,1,2
BRDA:409,24,0,3
BRDA:409,24,1,0
BRDA:453,25,0,1
BRDA:453,25,1,1
BRF:50
BRH:19
end_of_record
TN:
SF:/Users/frankbatista/sites/spyne/src/tests/views/view-stream.test.js
FN:1,webpackUniversalModuleDefinition
FN:10,(anonymous_2)
FN:11,(anonymous_3)
FN:16,__webpack_require__
FN:47,(anonymous_5)
FN:58,(anonymous_6)
FN:63,(anonymous_7)
FN:65,getDefault
FN:66,getModuleExports
FN:72,(anonymous_10)
FN:89,(anonymous_11)
FN:93,(anonymous_12)
FN:94,(anonymous_13)
FNF:13
FNH:7
FNDA:1,webpackUniversalModuleDefinition
FNDA:1,(anonymous_2)
FNDA:1,(anonymous_3)
FNDA:1,__webpack_require__
FNDA:0,(anonymous_5)
FNDA:0,(anonymous_6)
FNDA:0,(anonymous_7)
FNDA:0,getDefault
FNDA:0,getModuleExports
FNDA:0,(anonymous_10)
FNDA:1,(anonymous_11)
FNDA:1,(anonymous_12)
FNDA:1,(anonymous_13)
DA:1,1
DA:2,1
DA:3,0
DA:4,1
DA:5,0
DA:6,1
DA:7,0
DA:9,1
DA:11,1
DA:13,1
DA:16,1
DA:19,1
DA:20,0
DA:23,1
DA:30,1
DA:33,1
DA:36,1
DA:41,1
DA:44,1
DA:47,1
DA:48,0
DA:49,0
DA:58,1
DA:59,0
DA:63,1
DA:64,0
DA:65,0
DA:66,0
DA:67,0
DA:68,0
DA:72,1
DA:75,1
DA:79,1
DA:93,1
DA:94,1
DA:95,1
DA:96,1
LF:37
LH:25
BRDA:2,1,0,0
BRDA:2,1,1,1
BRDA:2,2,0,1
BRDA:2,2,1,0
BRDA:4,3,0,0
BRDA:4,3,1,1
BRDA:4,4,0,1
BRDA:4,4,1,0
BRDA:6,5,0,0
BRDA:6,5,1,1
BRDA:19,6,0,0
BRDA:19,6,1,1
BRDA:48,7,0,0
BRDA:48,7,1,0
BRDA:64,8,0,0
BRDA:64,8,1,0
BRDA:64,9,0,0
BRDA:64,9,1,0
BRF:18
BRH:6
end_of_record
