TN:
SF:/Users/frankbatista/sites/spyne/src/tests/index.test.js
FN:1,webpackUniversalModuleDefinition
FN:10,(anonymous_2)
FN:11,(anonymous_3)
FN:16,__webpack_require__
FN:47,(anonymous_5)
FN:58,(anonymous_6)
FN:63,(anonymous_7)
FN:65,getDefault
FN:66,getModuleExports
FN:72,(anonymous_10)
FN:89,(anonymous_11)
FN:93,(anonymous_12)
FN:94,(anonymous_13)
FN:95,(anonymous_14)
FN:96,createElement
FN:103,setData
FN:110,addAttributes
FN:123,(anonymous_18)
FN:154,(anonymous_19)
FN:155,(anonymous_20)
FN:167,(anonymous_21)
FN:168,(anonymous_22)
FNF:22
FNH:15
FNDA:1,webpackUniversalModuleDefinition
FNDA:1,(anonymous_2)
FNDA:1,(anonymous_3)
FNDA:2,__webpack_require__
FNDA:3,(anonymous_5)
FNDA:2,(anonymous_6)
FNDA:0,(anonymous_7)
FNDA:0,getDefault
FNDA:0,getModuleExports
FNDA:3,(anonymous_10)
FNDA:1,(anonymous_11)
FNDA:1,(anonymous_12)
FNDA:0,(anonymous_13)
FNDA:0,(anonymous_14)
FNDA:1,createElement
FNDA:0,setData
FNDA:0,addAttributes
FNDA:1,(anonymous_18)
FNDA:1,(anonymous_19)
FNDA:1,(anonymous_20)
FNDA:1,(anonymous_21)
FNDA:1,(anonymous_22)
DA:1,1
DA:2,1
DA:3,0
DA:4,1
DA:5,0
DA:6,1
DA:7,0
DA:9,1
DA:11,1
DA:13,1
DA:16,1
DA:19,2
DA:20,0
DA:23,2
DA:30,2
DA:33,2
DA:36,2
DA:41,1
DA:44,1
DA:47,1
DA:48,3
DA:49,3
DA:58,1
DA:59,2
DA:63,1
DA:64,0
DA:65,0
DA:66,0
DA:67,0
DA:68,0
DA:72,3
DA:75,1
DA:79,1
DA:92,1
DA:93,1
DA:94,1
DA:95,1
DA:96,1
DA:97,1
DA:98,0
DA:101,1
DA:103,1
DA:104,0
DA:105,0
DA:108,0
DA:110,1
DA:111,0
DA:112,0
DA:126,1
DA:127,1
DA:130,1
DA:154,1
DA:155,1
DA:156,1
DA:157,1
DA:167,1
DA:168,1
DA:170,1
LF:58
LH:43
BRDA:2,1,0,0
BRDA:2,1,1,1
BRDA:2,2,0,1
BRDA:2,2,1,0
BRDA:4,3,0,0
BRDA:4,3,1,1
BRDA:4,4,0,1
BRDA:4,4,1,0
BRDA:6,5,0,0
BRDA:6,5,1,1
BRDA:19,6,0,0
BRDA:19,6,1,2
BRDA:48,7,0,3
BRDA:48,7,1,0
BRDA:64,8,0,0
BRDA:64,8,1,0
BRDA:64,9,0,0
BRDA:64,9,1,0
BRDA:97,10,0,0
BRDA:97,10,1,1
BRDA:104,11,0,0
BRDA:104,11,1,0
BRDA:111,12,0,0
BRDA:111,12,1,0
BRF:24
BRH:8
end_of_record
